500
0 9671 2120 265 3563 4716 5836 8175 9106 1299 884 4565 5816 2077 1534
1 7779 8579 4997 391 6248 4590 1523 4917 2805 2617 7226 3866 989 5727
2 2144 2240 898 7688 8809 9450 2987 3465 8524 7736 9199 240 914 661 3414 9013 3576 3641
3 7488 9305 5088 3524 805 1062 2821 2472 6020 1042 5715 9657 7356 5309
4 1443 2819 3588 8359 5450 7050 379 2515 1429 7699 2647 3387 413 9247
5 321 1129 5193 745 664 3918 8463 2606 592 3758 2288 7732 8952 3065 8379 9116
6 2341 486 935 3976 1032 1642 1196 5388 4113 4470 1111 9115 1759
7 3936 2510 1200 7992 8979 1459 9877 9214 4822 7800 2962 350
8 4131 3108 2373 163 6021 4174 1808 2962 5043 8532 8469 4982 2586 2237
9 2240 1794 4483 8612 6821 5449 5450 5961 4078 4407 5880 1881 4508
10 6720 1665 4065 2983 1736 6409 7916 2991 2607 6705 3826 5752 8505 6938 6076 8574
11 3779 5251 2155 1486 1554 4698 1622 8246 8057 8186 3995 9149 1919
12 8673 5218 8200 9064 3434 9065 2252 1993 206 2349 5677 8593 824 79 3188 9752 8476
13 608 356 6952 587 8363 5708 5996 7438 5328 5810 3540 6837 983 8572
14 5281 9858 5761 1866 9324 4045 3569 2135 7832 2042 252 4093
15 5715 9474 7492 4909 7762 4179 2068 8021 2516 4885 1173 7795 5434 247 1916 3773
16 5827 2179 9989 9063 8205 4687 5103 2289 6103 2704 79 6647 888 2651 4220 5790
17 9443 4553 5353 8941 6159 7025 6387 9335 6584 5402 795 4894
18 9600 3457 5027 4421 4199 7821 3605 6678 6231 5813 3993 9083 2718
19 1920 7169 3012 6918 9384 4588 8205 3054 880 4144 659 4020 4952 6940 9086
20 7491 773 6121 9228 9357 2327 6320 9490 2962 2902 5719 8858 1179 6556 4094 7647
21 6944 3265 5824 8739 3320 9157 9160 2827 3244 3410 5010 9432 6492
22 6913 9508 4389 9126 8199 1668 4664 6993 7379 6645 856 4090
23 3552 3809 9321 6793 4268 2701 7949 3956 4629 3700 5432 414
24 2272 7618 2595 8387 3653 6181 3270 8994 2444 2191 7216 2291 341 1020 1663
25 2 547 5923 3172 8615 1065 5487 2225 6673 9747 5748 7357 767
26 6112 546 8453 935 2600 8715 7211 847 1648 5842 1138 6101 8438 4222 7611 6526
27 5409 4609 9283 8227 8133 5158 3847 1832 8936 1668 8907 6540 1170 7935
28 1 227 6118 1222 3111 3275 3820 5005 4207 847 9650 1973 6327 4920 7355 4127
29 2240 9761 4551 6537 8335 3279 9200 4722 7855 3736 1119 730 4667 1948 1149 190 5631
30 3329 9122 4774 8457 3277 79 6705 3188 2230 3190 1625 7002 2747
31 673 2 2563 6628 3588 935 5416 8139 8491 4333 8817 8949 6070 5881 7418 1467
32 1890 8772 2052 2836 3573 7957 5560 1626 2971
33 3841 258 324 9477 1831 5129 1322 9550 3280 4561 4562 6644 3897 6044
34 1280 2113 5637 1833 7895 9165 5880 1009 9968 3827 5620 3413 2103 1816 8473
35 8416 1505 5948 1737 8234 588 4207 2224 2032 8978 5295 177 8757 3222 6423 9688 4180 7762 668
36 4066 35 9060 7587 3012 6601 6698 107 7053 8592 9172 8730 540
37 768 4259 6120 4840 3144 7691 940 7538 1436 5052 5981 2430
38 2240 8737 1797 839 5387 494 9107 7929 790 6903 8824 633 2075 3772 5021
39 6656 8896 8482 3011 2598 2728 843 7997 2093 7085 5075 820 9494 6938 7963 9917 8287
40 1 5474 2050 5510 5800 2344 6413 1631 1934 8496 3313 8125 1590 1051 4317 6591
41 9157 9127 2984 1194 7438 3600 5041 9137 2677 8920 9916
42 3457 7843 9893 3078 2983 8069 905 6313 8134 3859 2995 790 8125 1855
43 321 7138 6436 2438 5547 5356 940 3374 4302 4944 6096 4756 2709 7287 2327
44 5502 131 6467 1541 1991 9706 8683 1932 4589 1454 1489 7858 6046 850 8117 5715 3258 3772 9470
45 6466 1922 3397 5445 7241 5675 5771 6030 6832 2962 8403 3796 8979 8156
46 7520 8194 5354 8683 142 2415 6351 274 7762 7255 3230
47 3209 109 8529 2098 7476 9972 6900 7732 8635 8413 6750
48 795 8513 2240 9059 7652 775 5065 5545 2840 152 8667 2175
49 3393 5795 2148 3493 6534 199 7656 8808 4951 8913 2225 8530 919 1208 7737
50 7399 2120 4266 2763 7307 7883 5807 2479 2962 6612 6613 6807 189
51 6721 8325 7654 8553 1642 2638 7864 8629 9752 89 7804
52 6208 2240 7107 5476 2340 9641 533 9303 2105 5499 8284
53 9345 4003 4389 2822 2794 3275 4107 6830 1774 4593 2068 2905
54 4097 3074 2787 79 7288 9112 4341 6679 4376 827 4444 479
55 7392 321 8772 5701 5962 7275 7757 7406 5874 244 1621 7606 468 3806 2943
56 4355 4107 3694 9968 1938 883 1875 6805 1848 2970 9595 926
57 6946 1252 9194 939 6924 2449 8147 436 6807 1144 1114 316 1176
58 1795 6436 8227 1051 7561 2090 2697 4459 2348 7564 315 8319
59 6688 5537 5314 7649 8257 2114 2340 2697 5038 8659 8055 921 7674 763
60 5704 7017 1548 5037 1132 8754 4819 4307 3538 598 8307 9048 9299 3066 543
61 7366 3046 3176 9098 2128 1553 2770 4181 8342 9209 4478
62 4290 2630 8488 1719 9291 79 8561 7990 278 6972 4381
63 2 4099 9572 1444 238 5647 2479 7856 9649 3189 3160 8793 3130 9533 7326
64 8609 7747 1157 3675 682 7053 5358 9295 8976 2894 7791 723 1015 6970 219 8287 9119
65 6337 6562 4035 1668 8037 71 715 8315 8086 4088 4699 6235
66 5280 9858 2211 1247 4422 9511 5802 9037 4973 7249 8754 465 1016 1599
67 3328 4640 865 3936 3782 1167 2705 3089 7992 1722 3513 6490 7836 317 5246
68 34 9923 4518 744 7824 9745 8627 3958 2295 6874 8284
69 8194 4901 7815 7336 7020 141 79 4816 4658 3026 245 9141 6583 4735
70 5858 354 580 8837 8479 5159 1508 135 5551 9842 4507 9883 767
71 8931 6179 4805 1032 8990 626 4851 2163 2842 6811 9372 5245 8510
72 1473 5947 9827 2916 707 3206 8938 5677 181 2454 1209 3995
73 7202 1801 1451 79 7025 3378 146 7155 6229 7928 3034
74 2 8675 1066 9139 8404 7157 7705 7803 6397 7870
75 9665 7907 3844 5572 8583 3303 4843 7213 1934 7184 2163 6553 3835 8156 9279
76 3586 2051 2213 362 7501 5678 4079 434 6739 4890 8317 9854 351
77 4293 9002 3147 9389 6547 5844 4917 310 1370 1403 255
78 321 1958 6375 2761 7849 5673 9744 9008 2288 8563 2841 1785 4702
79 5447 8712 2282 2413 4686 7121 5649 5939 3315 2389 7190
80 7808 8996 3109 8292 6215 2121 8107 971 3153 4531 3413 8759 1592
81 1506 6978 132 2 9383 9416 9610 5995 6636 3950 4210 4690 121 9498 8253 1534
82 5216 1153 994 456 5066 5484 7438 5359 5746 8498 1620 7094 8058 9371 4670 5695
83 4324 6660 8454 8187 6630 3236 5578 9988 7652 7085 4238 5746 948 9462 6041 4378 795 5053
84 5699 8292 867 5448 6506 2987 2283 8140 3246 2892 8882 5715 7480 828 8319
85 9349 4583 6409 748 3116 2062 6574 7727 4305 2163 5397 3541 5015 3163 3199
86 2240 7714 4931 7844 744 7915 3630 3376 9137 1716 8310 3419 4284
87 7043 8837 6 1577 3913 1195 1129 4601 6635 3503 944 1711 6137 8604 7071
88 897 4737 387 776 8650 3277 45 6830 4850 7699
89 6526 3683 8260 9348 5894 9478 1347 8294 9261 5848 9104 5712 5912 3731 1139 7893 4024 4926
90 8610 9636 8741 8107 4623 9297 5715 1045 1430 9848 4345 9403 1693 6014 3679
91 2592 9568 2210 8707 4366 1557 7414 6614 9688 9689 8125 1049
92 7424 4899 5350 7911 8491 660 7608 4122 3964 6909 9919
93 2341 4422 6505 3978 528 5904 3730 4434 4084 9555 1531 3005
94 7776 1281 2240 5827 1509 1672 366 7795 5846 9304 2458 1435 3006 5439
95 3877 1019 4489 4073 8141 8942 4559 2605 8535 7707 7036 5181
96 3488 4161 5668 9455 4783 7761 4721 7857 4052 4308 8854 9199
97 6787 1187 647 4329 9161 8844 5517 8978 5298 9876 2933 307 733
98 8320 8994 1763 8580 8011 1005 5325 6930 3635 6226 1176 633 6459 3551
99 4384 8997 294 616 6603 5035 1839 5330 9533 1244 733 3774
100 7969 2722 5453 6285 3791 1040 5748 3445 2039 8410 1147 1660
101 2240 4041 5897 3820 5135 2719 5267 8213 2709 6135 6613 9759
102 4289 1130 3562 6764 4749 9422 9453 4529 3825 2962 694 887 5272 9946 7007
103 8897 1345 1257 4362 6446 9807 8369 7411 9686 8411 636
104 321 2115 7067 5507 70 6123 558 4689 7601 8787 3771 8219 765
105 7493 3014 3496 8298 205 9422 976 4307 8340 2643 6457 3452
106 4898 6082 8387 9161 5929 3697 7827 3252 85 1907 6941 8351
107 5603 7205 4326 9577 5097 8850 9363 5436 7641 2556 2622
108 1185 5473 2 6440 4744 7530 523 2155 8538 2830 4949 4821 26 7486
109 2240 8770 2114 3908 9575 6279 7089 6642 1044 3380 9623 8568 538 2335
110 2240 1186 6276 710 6790 5065 617 1195 523 6538 4400 113 6929 5626 2143 6943
111 6978 1828 1064 3530 5900 1266 6771 2132 4020 2962 2487 8888 4089
112 1057 7970 1314 5189 7882 2125 5326 2223 497 1650 9269 5302 2327 9528 9499 6365 5406 7647
113 4097 9122 1668 3365 9256 8843 7279 9168 6705 7829 4889 4413
114 5762 6918 6887 8649 2446 5038 7536 1201 81 4307 5204 7125 5563 1791
115 6794 3371 972 7949 47 9521 1173 4822 6199 8056 8825 4089
116 6243 4358 8332 8463 79 5951 6230 4375 9816 8470 3962 4603 2781 9855
117 5698 5796 2054 3720 9968 8748 79 1752 3344 6801 9712 6032 276 5584 7953 2903 2897 626 5277 9918
118 7107 2916 581 9545 6890 1840 3347 1656 1723 4093
119 9568 4608 993 2233 8548 6373 2114 3947 8620 9111 3161 1979
120 1380 5445 9766 9576 7469 3090 3668 372 2710 2613 4058 927
121 4356 7270 2890 4650 250 9933 4590 879 9199 7223 1752 5818 6683 4383
122 7234 4034 7492 1673 3401 489 940 3438 3408 5841 5909 6166 3226 7163
123 2275 7173 6215 1640 8041 2506 2476 108 9244 7727 178 4185 7452
124 576 321 8450 7395 3941 2629 8455 9928 6953 6410 368 6930 5045 6584 1087
125 5409 1794 5730 8387 3333 4390 9159 6987 4303 527 6257 5362 5715 7797 9558 1375
126 4705 8293 5959 6345 6286 8910 8952 7642 8510 1055
127 2240 4545 8389 3079 2696 617 427 1198 6158 7151 8278 7063 2108
128 4770 6627 2119 2951 7338 9867 5962 4877 2770 7764 8116 4088
129 3459 7590 525 3790 8813 241 979 7765 3862 4437 8889 6458 6587 4318
130 5568 1121 5252 9485 5106 6515 2194 3026 1334 4630 792 6258
131 134 2248 1417 8237 6191 2128 8786 725 5691 8511
132 8993 1761 9478 6634 5547 8491 6894 3439 2094 883 9525 9177 5628
133 864 9058 8387 6308 2470 5419 2285 2196 6134 8603 2877 6367
134 5377 1505 9700 6203 2295 5518 7027 7060 5685 6134 6103 8699 2014
135 1121 321 2691 7591 4840 2567 8523 2891 7179 1587 8408 4473 4541
136 2435 7619 6790 2185 8105 9259 7373 2928 6417 273 895 6840 3161 2555 6303
137 5218 8616 4522 717 1103 2705 5426 5746 4628 6741 5880 6170 1756 7389 2431
138 7459 100 485 3651 8069 8169 9740 366 6681 9746 1875 1460 6389 3609 9338 5275 5948
139 4583 6599 6409 7658 4664 9101 2962 8285 2453 2237 4184 2397 3421
140 7298 3106 7014 1351 2406 4781 6547 9023 8572 7865 4124 5629 1081
141 5026 358 4712 3561 1452 7949 5775 79 785 913 5203 2964 7828 6773 2425
142 2432 5661 8836 9897 7594 365 7055 3984 8211 4404 6484 8055 216 4698 7547 3549
143 866 868 6212 8250 1194 3050 524 2643 116 5909 6262 4118 3641 2714 7993 7485 703
144 1984 7522 3459 4322 7655 3951 6806 2808 5372
145 2240 993 2434 3106 8868 6311 6376 3591 3597 2253 1869 6706 1011 3157 1979
146 8613 3719 5770 4907 7120 2802 6867 1973 663 9210 8764 4286 1727
147 193 7491 2599 5737 7084 1324 9967 2064 2033 6129 210 148 8854 1183
148 1476 7301 9862 7652 4264 6056 9801 4267 8974 2799 2449 7839
149 2240 8225 5798 262 8844 4088 5905 8309 2711 1688 2011 4924 9533
150 7169 2852 2781 3629 2895 8276 9525 4726 6810 1238 7002 892 3165
151 9760 8994 3910 73 9930 9995 7439 401 5590 7256 6426 2043 8959
152 1089 4868 9030 486 1772 703 371 7222 1334 6646 6327 3199
153 6944 4993 321 7749 4552 2090 3854 1328 9139 6078 7031 3230 8094
154 1536 986 3809 7619 5348 1095 3111 5548 9100 5359 9296 2962 6551 2042
155 321 7427 5477 935 7048 5802 9611 4013 5422 2670 371 246 5561 6650 4283 60
156 3809 9089 8005 8922 2630 6633 6319 6577 4019 6358 7609 7482 6843
157 672 6529 9575 9449 2508 3760 5713 6482 3155 244 7123 7162 4991
158 3877 6184 682 493 7887 1199 4017 1714 6385 2962 728 345
159 608 3811 395 236 4046 8046 5583 4947 467 1748 7639 2105
160 2850 9797 6600 265 427 3661 207 4113 2555 1881 8635 1790
161 4354 5891 8260 838 6119 6891 75 7056 3761 4784 4307 7412 7568 2643 4823 9976 5854
162 4226 4258 4550 4841 458 5097 427 5422 2896 5072 5715 5017 382
163 160 7575 7842 7619 1767 8936 5992 1579 8300 7757 7124 3959 4605
164 4354 578 3978 4060 6318 9742 8816 3697 9936 7699 9304 3291 4124 3997
165 4738 5987 7301 8359 3242 1163 8523 427 5715 4310 732 3357
166 4928 4737 1570 8578 7652 8710 6182 3688 334 5936 1169 3029 890
167 5856 4386 4323 7625 2666 5772 6767 1426 3539 6325 3801 2811 3900 7549
168 7585 5412 3813 7339 6284 8813 2539 3276 238 5814 6102 1401 282 5755 5406 4511
169 1090 9987 1380 7780 2023 3883 9840 5940 4539 5206 4407 1784 7386 9179 6525
170 8481 259 7205 1381 9351 8873 4205 1293 8086 5943 854 6842 7005
171 4128 1313 5960 6221 7438 3743 1265 978 3219 4308 7286 828 1757 3679
172 1376 5672 6251 4845 6542 7375 9198 9202 2962 5077 5821 7935
173 5889 5858 5859 643 2150 9929 7055 3057 6739 312 825 1983
174 9572 7909 775 9035 2092 9099 8235 1423 1045 4765
175 4737 5441 1762 4997 5671 7783 9449 4176 4371 8084 404 1019 8540
176 9313 9123 3683 4485 9766 8527 1105 5047 3386 9115 6972
177 3909 9829 8682 2987 4203 8715 3694 529 9329 1233 4532 7732 2774 6391 4797
178 3457 4805 1863 2824 8618 5772 7667 3068 8509 1534 5535
179 6528 2466 9058 8994 9865 9004 4590 2223 6543 6961 2162 1134 4276 3903 2359 9755 9887
180 5026 4931 644 2245 3622 1030 3811 2923 3599 9041 1393 9586 6005 5846
181 5472 2 3972 421 2340 2695 6253 6865 5494 2105 3194 5277
182 4352 5091 1380 2889 8554 1355 3913 5549 2186 7409 8115 4531 1845 4507
183 353 9826 5571 7141 935 8060 2076 79 6515 1492 7892 8536 4698 5468
184 3200 5409 3266 7686 4295 9894 2155 1942 6523 2044 8479
185 8386 165 1063 9545 106 7278 4079 2160 8495 7218 4308 9847 9401 250 3131
186 2784 6978 2819 7749 8969 425 3821 4220 5457 5880 2419 1430 6520 6556 4027 1148 8829 3710 4063
187 5088 1030 9421 7662 5678 6324 21 982 9367 372 3348 2260 7732
188 1729 4770 7364 3784 5292 4050 3539 532 403 4340 858 7261 6557
189 5056 2 3012 871 7915 9228 1069 4305 6545 505 2906 7838 9114
190 4512 7393 961 7142 9351 3143 5961 238 5212 8178 6802 3673 4795 60
191 1440 4512 5443 4326 6986 4716 4302 2831 3473 4594 6865 2233
192 2304 833 737 3589 5126 6791 7918 9007 1264 8817 369 7159 8889
193 3298 7523 1156 1923 3012 5895 5544 6121 1423 6159 5713 725
194 1088 225 1450 7307 5358 847 1876 8885 693 5403 668 9309 2974 6495
195 2470 390 4314 7083 271 79 6098 2420 8052 469 1658 9977 826 6747 5596
196 7521 2 3400 3849 9822 4753 7282 6737 9621 2871 7480 7353 702 5055
197 2273 9701 8069 3432 3018 299 7630 2767 7727 3764 4953 2843 6686
198 929 503 6469 3877 809 5929 8525 9138 9975 8762 2842 7996 6684 9918
199 6016 321 6882 7721 7850 9035 2797 4142 2512 7569 279 8953 5178 5053
200 833 9505 3907 2054 3049 9802 250 8301 8272 3830 5625 3610 475 669
201 4481 1178 8552 7784 1932 5037 7854 724 5589 4665 1722 5597
202 321 4867 2630 1448 3227 877 5049 6747 9532 2111 4479
203 6224 4051 2068 4659 9046 9815 7672 6427 2941 5919
204 2208 6464 6819 5731 1063 8647 8655 4656 815 5715 8792 7709
205 5788 1507 1637 1093 6631 7114 7917 8239 3157 378 9340 9086
206 4832 7433 6700 4781 7949 9072 4087 6264 6809 1179 5597 6655
207 8610 7331 9701 5158 7481 3464 3657 6541 2701 7183 6386 6292 4824 6329
208 1696 7584 321 9188 1864 5708 5136 9840 9555 4438 9624 7871
209 3745 164 3559 5450 6764 5715 8757 3350 6296 186 4092 9919
210 8193 452 1991 840 8777 2941 79 3953 5529 1821 703
211 2754 8837 8903 8711 4028 8206 8977 6332 563 6579 540 2911
212 4448 3619 5764 8259 1956 4522 7153 1171 4916 9397 6426 603 573
213 2 5637 3526 6758 2441 9361 8724 7158 8631 2136 9270 6974
214 2240 8162 2979 3427 4139 7450 5679 5551 1498 9746 6738 1167 1721 7514 9885 9055
215 4353 3265 4035 7974 3243 1902 3888 2865 8917 9016 3902
216 321 3 36 8807 2951 6313 1799 6224 6866 8404 7125 2553 3964 861
217 4513 2210 4705 9479 3272 1323 4887 5003 79 7474 6549 5113 5431 888 1337 7933
218 1508 2950 4199 7754 5579 6540 8783 207 2037 3351 6042
219 2979 5674 5963 7083 6221 1052 6095 7788 1585 5682 9842 1204 6644 2962 7162 8092 3133 30
220 9635 8804 5829 3491 2823 7081 5322 7823 3635 4119
221 5378 3074 1061 7462 5704 7496 4494 1967 2414 3380 8502 5846 9462 8634 5117 3994
222 7427 4196 2724 4425 6185 4591 8850 9939 1429 247 5401 8733
223 3137 8643 6692 9624 3335 4714 6993 5169 9621 312 2138 4219 8639
224 3488 4227 9892 1067 6125 7440 4177 913 3378 1588 979 8473
225 2 7652 5161 9900 3404 6380 8495 8147 6995 8249 8444 7231
226 9476 3141 2666 7851 6316 3982 4047 3887 2066 1778 6898 9685 220 2962 6872 4763 5884
227 1088 1571 9574 3818 2348 9264 6066 5753 6938 4255
228 9985 3842 355 9830 2632 4170 6603 5004 4011 3673 2674 8725 9721 3998 6079
229 3521 3394 8902 5833 9290 5631 3596 9707 3566 8140 6129 9110 8159 191
230 1056 9473 5921 172 9102 7536 3408 9842 8563 3124 4630 2015
231 6017 2401 4165 1096 8969 368 1616 8594 3251 5912 8380
232 1952 4319 6791 9546 8747 2669 21 3254 9301 8249 2559
233 382 6202 2215 8327 6731 7533 6830 3935 2903 3066 702 5183
234 7233 5160 4072 7179 3371 9325 6190 2065 8914 3350 2744 1242 7165 4255
235 4140 8140 5524 6396 3830 9784 1881 474 7196 5343
236 9728 3714 7364 453 8519 6825 4489 8235 9775 3216 2327 3731 2263 2137 5276 3069 2879
237 2016 4419 1123 9000 5962 11 5227 876 5869 4594 7572 8823 4158
238 7584 2467 8163 8487 9576 970 9738 7883 8921 3929 4092 894
239 6147 8772 8727 9545 3851 9259 4463 7474 1907 8310 6295 7192 4566
240 8963 7652 1230 942 4665 6580 6324 2262 8791 1689
241 8992 1153 5794 2 4873 8265 4555 9967 7055 7090 7762 1108 9463 4987
242 2336 738 8516 5796 8969 8735 2896 8756 6101 8918 5526 5528 2270 3807
243 577 8994 7652 5638 3591 3753 2796 9166 9264 2417 1521 4209 7284 7414 8798
244 8160 1890 9797 5420 5198 7413 9718 5371 3420 6237
245 5632 3744 6401 2403 3595 5900 1326 9710 6351 3987 7956 8083 2203
246 2748 4645 2373 582 1640 5577 6003 5911 2329 8922 8668 3582
247 96 8705 2916 2533 4199 1677 3054 8718 6320 659 2101 8793 7004
248 4352 3617 9409 3366 4904 842 3723 4300 5965 7599 5491 3701 7483 6365
249 6339 2664 4523 7821 7696 3568 2962 2516 213 9014 6873 4986 3103
250 833 6020 7493 9738 6092 8621 7438 1617 1554 7763 2387 8346
251 3264 7201 7652 9414 9867 8267 7406 5520 9841 3634 4177 4753 1301 8532 6737
252 3300 1606 5097 3146 7659 3371 7917 3440 6227 7796 7156 3483 670
253 8387 6372 3530 1203 343 3288 506 8443 6492 2462 3583
254 8004 9704 2440 1675 3244 7887 559 7092 6709 3895 7865 1467 9244 221
255 5568 1474 5955 8994 4837 5317 171 9451 8881 313 4859
256 385 323 259 7047 7753 9897 9107 5205 1047 1175 1081 9083 7453
257 9441 2276 3398 905 6986 7948 4110 2962 3475 5528 5465 1562 2815
258 3066 5924 4326 733 621 3279 5085 2645 3159 6264 7321 6042 8121 2877 574 8895
259 7878 1868 9646 9615 4592 1136 8915 3444 2196 7507 8191 2879
260 7939 9637 1958 5323 4607 523 4014 3056 3345 2962 8532 2773 1018 2046 7295
261 7459 8644 9062 6858 5802 2767 3250 7635 2262 2967 5724 7005
262 1472 97 1346 4450 1348 1544 1195 5003 6093 1170 7699 4950 7671 3897 5117
263 8234 2860 4593 9974 951 4376 7513 986 956 7327
264 323 7113 9994 7068 7406 9199 8432 8146 2962 7445 5078 5013 92
265 4451 6788 4740 1477 2503 1668 5705 8049 8051 4824 6814
266 8256 1377 1291 1067 5837 9848 9647 1073 3059 787 5269 2611 4280 8060 9887
267 320 5509 4553 4330 2505 9740 3692 6415 2288 2034 2941
268 6138 4675 935 1897 426 5099 6607 79 6773 9434 7549
269 128 4226 6179 8548 5861 2154 5645 4846 9230 5680 2704 7949 7828
270 7296 9668 2504 4010 5867 1997 7086 3855 848 5238 6937 91
271 928 4161 6594 9475 1796 7436 79 3668 3541 6870 5465 8508 1181 2495
272 6400 2561 321 7043 5959 2448 7921 1233 8691 8465 8982 55 4311
273 9025 2214 4296 4713 4267 1871 244 6229 4696 4378 6747 3358 286
274 448 4673 8480 3460 1572 9458 4404 8823 3644 3005 2078 6687
275 2306 2245 552 5194 780 1070 9744 6897 9330 3251 7925 6070 1590 9629
276 8632 1534 4234 2540 734 2604 6576 8050 2962 9526 6552 2334 2751
277 2722 9507 3460 1540 747 79 8752 3348 7830 7447 5752 8057 6171 9533
278 512 6339 4326 103 839 1962 140 2125 4684 4188 7823 6482 5815 5112 858 668 989
279 8832 3332 5125 1252 7399 7401 4522 6700 5880 1489 5332 4376
280 7873 2658 2850 8324 2209 7110 3463 6311 7880 849 8499 3319 6265
281 4227 1637 2086 5592 7216 8562 722 7541 5141 8760 2201 5115 6652 1469
282 3936 8001 5707 3055 1011 8021 472 7353 9594 7132
283 4352 7841 2240 4803 6245 2218 7147 7856 4304 7676 187 3676
284 4000 3479 1668 3017 8906 8169 8044 8914 915 2962 54 567 4892
285 2561 4136 6249 2217 2672 6032 6258 9023 5718 8351
286 9056 1416 496 9457 4240 8147 6419 6741 2962 9495 2619
287 9568 8352 3714 8503 3972 321 8840 5868 4788 4214 5271 9658 3995 6333 3967
288 193 9764 4135 5960 1096 1481 2095 5715 8244 3766 3830 9112 1401
289 5571 2823 3275 8235 8241 9011 5271 9177 9502 6655
290 257 3362 3555 7236 6918 9992 2314 810 6639 2031 9969 2095 7059 3830
291 3523 8037 4902 3078 2602 5550 7630 2904 601 2204 9951
292 4641 5539 1475 7367 8488 3113 8592 3188 1173 4119 3386 9468 1054
293 4292 4327 8264 5171 8916 437 4118 6872 8125 7934 3423
294 1760 3682 4226 2692 1159 199 5006 6928 2385 2288 2232 9179 3772 5819
295 4099 8968 1482 8011 138 6223 4240 2064 754 2329 2619
296 4518 8775 2282 4428 9846 2743 8470 8634 764 573 1503
297 2240 98 1122 1032 3083 9197 2835 7028 9717 4183 1720
298 768 7905 804 427 140 1038 5936 5715 1365 5751 5660 1789 1727
299 7168 6594 2727 7593 9994 1515 7406 9903 2032 2962 3028 949 6198 6045 1406 5311
300 8928 1761 1534 1159 2590 2184 6892 6222 7825 1554 2195 4503 3256 9726
301 4672 1634 7075 9543 3182 2158 3762 7158 2167 151 6719
302 515 6374 327 5417 7597 1423 7281 4081 1078 1238 5529 7548
303 3618 9284 3077 3974 2925 9007 1969 6257 8189 1364 9236 597 9430 6292 7865 4893
304 321 1988 3044 8293 551 3660 6860 2830 214 8503 1369 506 7837
305 3360 4904 9576 1098 9066 781 4145 7186 6164 9684 1083 2270
306 9634 9509 4103 7921 4947 9236 757 9908 5591 979 4343 767
307 4164 3976 7786 267 2060 3532 5358 5297 51 8724 9174 3193 9242 8155 1566
308 3714 5219 7716 1252 1676 4671 4016 5681 4656 1941 7610 8670 8959
309 2785 9121 579 9921 7876 8931 1194 6506 3950 9968 4822 1212 3839
310 5762 520 7977 7915 7597 4270 3985 1425 9713 2682 1693 5567
311 7488 8992 3810 6049 7687 1900 2162 4083 9818 9595 5500
312 2240 4577 259 2759 487 5383 7806 4683 8526 9711 6261 216 5913 7994 8734 5247
313 4867 5412 8232 8905 5323 2289 5361 1558 90 3067 446
314 3264 7745 3841 8038 6044 757 3737 9339 5692 4062
315 7552 321 2498 7714 8771 3109 6115 7211 7343 4881 9139 118
316 9576 5770 2986 8076 1134 6068 6484 5108 3991 4725 4885 1213 2398 9791
317 4003 3043 7240 2477 4750 5486 4755 2295 3834 4893 8542
318 4705 8387 1578 2826 5392 3345 3475 2260 8951 9977 6556 1213
319 355 3012 9031 6857 4140 4045 4654 6926 79 6450 2841 2332
320 3139 3206 4137 9993 2857 5880 5683 884 4277 5976 2719
321 1383 2153 3241 378 1745 9170 1331 6931 4181 6772 1299 4026 4702
322 3682 6370 8727 2 4394 5517 8462 5143 7735 9851 5693
323 578 7875 712 1198 9074 926 412 3099 4476 9278 9247
324 3619 5508 4901 1126 1577 9386 6963 404 8053 6810 7994 1437
325 992 1442 6402 1028 9220 2251 8687 979 7126 2841 3291
326 1374 2085 5737 1962 3785 7405 8366 6126 497 5715 9781 726 247 5182 8794 4698 2877 1342 8605
327 7968 1284 9765 3082 5370 9995 9651 6709 9110 1754 3678
328 4802 3075 9511 1095 8905 7115 6316 6030 9840 9426 405 2998 3768
329 5728 3904 2240 103 4264 9192 2172 2704 4338 8344 1244 7901 1471
330 3584 4994 3558 9641 3178 6935 269 7184 5809 703 6896 567 2143 3967
331 8033 321 3907 8829 4453 6728 7049 5741 8690 6301 4023 4411 6493 9559
332 450 8548 7749 7975 6280 7082 1069 6543 2389 8533 8759 5595 7869 5470 4863
333 2848 4192 4938 5996 9805 3662 7436 7133 4119 7157 1942 6038 6391 1405
334 9504 6848 321 7493 5609 4459 3244 4845 8910 8559 3537 1971 755 9142
335 8770 1570 3012 2984 1256 3562 6064 8881 3376 9171 8659 8885 9077 6680 1465 5598 9273
336 2240 3587 3624 9224 2378 750 6287 1458 6614 3160 7613 4606
337 8544 257 1122 2915 2341 104 873 4684 8722 5779 3514 9371 8542
338 8961 9410 1145 5577 8268 8524 8812 7954 5491 2999 9049 1242 4955 7356
339 9602 5282 4263 8873 6798 1264 8881 4306 1904 6258 3862 7960 9978 8831
340 5664 8997 9416 4495 4400 8819 3475 7765 5715 6455 5177 1853
341 896 1154 9510 3625 3918 9998 1774 3090 1237 2741 760 6841 3677 6623
342 2 871 7 9833 2079 5265 498 3539 8469 7160 8025 7356 6463
343 5474 9413 8325 6054 232 5262 1135 7954 9875 8534 7447 6616 5183
344 4129 8706 5283 360 2667 6796 8527 5618 2194 5140 5715
345 3745 5471 2123 6316 9007 6896 1041 5299 2549 2006 5909 4472 3894 2559
346 6881 9026 9894 6823 1960 9450 1133 5747 7507 9436 5748 9499 5084
347 4546 2211 3012 4742 1222 8843 1582 174 7952 8689 6866 6355 177 4407 1144
348 2560 4713 937 7887 402 5203 594 276 22 6584 6684
349 7042 8898 2790 585 522 2955 2034 6738 2962 5525 662 3102 6613 1564 9630
350 2816 7232 1093 3128 6469 9416 8296 9898 6855 2732 5773 2895 79 8529 3222 9016 2202
351 161 2978 746 3116 1485 5358 2446 8077 7153 1396 1654 3894 6746 2621
352 7104 6971 9928 5033 6858 9160 5518 4691 9398 2871 2363 606
353 9827 637 969 1865 7210 140 6255 8125 5622 8281 3197
354 4448 612 6405 5991 8424 2121 9489 2714 5564 2333
355 8480 3172 9799 6025 2314 8265 6287 1683 2744 6747 9469 8671
356 9158 935 6377 9514 8330 7054 9007 1424 9265 7026 9108 2134 8926
357 1474 3074 937 1514 4812 5230 2063 5619 2037 7321 9466 8476 4573
358 1474 4966 4903 9446 8838 2253 6733 8784 6545 7762 2647 9182 6430
359 4139 172 4728 814 8850 4115 7893 1910 4472 2938 895
360 6304 3106 6568 9033 3562 3275 5992 4659 1299 917 1975 154
361 4451 4905 5136 6035 4307 469 1494 2872 7322 8830 3994
362 4097 3876 3945 7466 3115 6124 1868 9071 5715 8725 8118 6333 3806
363 3104 1764 6885 2576 6417 6160 1950 7988 6258 633 1722 9915 9790 7647
364 7427 3363 5869 1102 2641 7416 7865 7291 6077 7903
365 5153 4929 9719 5859 2 9515 951 594 7572 9078 2135 4248 2236 5597
366 8644 4775 232 5449 4583 8076 845 2960 2355 3411 6682 7932
367 3394 323 6469 1734 7912 4855 8207 1104 1681 1174 8983 1494 761 6586 8798
368 3708 8289 4929 5600 6603 3950 8400 8305 3858 9842 3028 3125 4985 4412 6239 4159
369 708 4485 5228 8179 9203 8470 5015 1944 1369 1180 6462 3263
370 6048 8707 323 8677 5734 2792 649 4909 6479 7763 7956 9657 1466 6652 1150
371 1444 4229 325 7305 4809 3774 2158 8049 8564 5781 6938 5822 7807
372 4577 4161 321 1414 9736 5865 8492 684 8142 4463 1457 8114 824 2264 6111
373 321 4227 7652 745 8305 2610 9747 7605 6582 6073 6971 6045 2430
374 5249 9667 9604 3045 6793 1354 1307 8816 245 4728 1561 9307 1017
375 8192 1802 1933 1037 7823 6192 6675 4820 3095 1717 9847 8985
376 1959 9643 4111 8239 8528 4853 1366 5430 7960 5017 2741 5147 6613 2398
377 6851 3300 8584 5449 3180 9244 2800 4278 1978 3644
378 4224 161 9729 6532 1991 873 1611 6318 7088 4850 9330 5715 4662
379 6656 321 9795 1127 7976 9138 179 9365 6425 1178 5723 8574
380 8994 2019 2852 6342 8855 8874 6509 7218 9042 6581 7191 4955 4476 9951
381 227 3012 8613 4269 174 4912 8273 2192 6131 2003 277 437 7347 633 2555 4477 7711
382 8228 6374 2061 77 8079 4240 3217 3278 3032 6488 1433 6938 638
383 4227 3204 2853 3816 5038 4527 6515 5653 4854 4823 3894 8607
384 7296 4642 8322 900 3557 1295 2320 4754 2261 5973 6842 6911
385 1164 1326 3022 2158 3345 1207 472 6138 1691 9694 4382
386 3269 458 9035 8951 9136 631 792 7290 8732 8669
387 6148 8810 2060 5167 3824 5587 1460 6134 919 1786 1371 1566 5055
388 8899 9733 5962 829 6840 9968 7827 8181 6966 5718 3638 5366 6010 7741
389 1184 6309 3592 7742 8043 206 656 82 629 6518 3445 3262 3423
390 3136 5152 2851 1861 3932 8622 3536 8085 1429 827 5724
391 3459 3846 1542 8552 3279 5586 9332 9848 2521 474 2396 1821 1439
392 4701 741 8328 50 852 8212 250 1244 7357
393 5380 6378 971 1931 8877 9487 7155 9011 4278 1981 4383
394 1700 3012 486 5639 5293 8142 6543 8316 9617 7373 1647 8054 3894 3132 7006
395 3456 7170 6082 3400 4009 3338 7854 8143 1335 1880 4509 9183
396 9665 6882 7587 8646 2121 7693 6960 6769 3666 1267 1749 3229 1759
397 5090 6852 2986 7851 4767 6930 5202 9685 8952 2494 6239
398 4026 1282 5731 9192 7305 5419 7827 9652 8150 3098 5307 8637 8319
399 5376 3841 1145 8907 2029 912 49 3026 1559 792 697 6650 1147 8892 3069
400 5312 4513 2019 6569 9899 9708 5084 1196 7984 9755 4092 5053
401 4131 3271 6409 9422 8920 3775 3668 1525 8279 9783 9878 3835 2879
402 8032 8865 9442 5853 5867 8747 1261 1774 4411 7229 9566
403 8706 9606 4231 2728 5702 7949 4078 7696 4914 8757 5815 3448 5726 9247
404 1955 3939 3590 9320 7949 7157 9752 1819 9886 1407
405 8576 6081 1698 2243 1829 9638 1286 7979 7951 979 1337 7773
406 5536 4033 4643 5226 9195 3596 7116 5488 2257 6324 2359 1625 5183
407 7041 7587 932 996 6503 7596 3984 5840 9812 84 726 2839 1694
408 2978 7171 5320 5064 1133 9294 3766 8886 5182 2747 3069 894
409 9476 2213 4 2630 680 7437 3762 6227 5682 8373 2014
410 9216 9984 5762 8709 3911 3591 1067 396 4239 240 399 9780 2965 7702 2650
411 2371 8324 3550 5290 523 5997 9007 3152 2321 9785 5020 381 6910
412 5575 6573 7440 5681 3665 6227 2581 5307 4479
413 1152 9760 6370 5317 9257 7083 9650 275 8852 4470 6550 9848
414 608 3936 1189 2572 9997 5486 4045 7792 7731 889 2429
415 6656 2055 4968 1388 718 9457 9265 9652 2324 7318 3991 4667 2814
416 7011 5191 7112 9609 2157 1901 8530 5340 6940 9502
417 1859 9925 4007 3852 2670 8984 3639 6200 4572 3390 2111
418 3746 6084 2693 6155 427 798 1680 3760 3119 6483 1849 9436 3065 5246
419 8196 7172 6054 4617 3114 5131 1964 7787 2815 442 5244 4479
420 1313 7842 644 5798 4969 1419 9358 9615 6961 2162 8145 309 7388
421 1954 4836 581 5412 7757 4751 639 5107 2741 3958 4088 4188 8287
422 7712 1889 8512 7908 3879 8328 4169 6474 6604 9968 5110 3965 5278
423 4163 132 5381 2150 5223 335 6483 6036 2904 6071 6232 5913 8252 6623
424 8289 739 6629 2630 4074 9231 9168 6992 9968 5651 1461 3285 5272
425 6560 8769 9889 4419 6724 5187 3582 7879 5090 4587 9580 5918
426 2049 3112 3240 3085 4671 2098 2324 9684 5528 9533 7294 6879
427 4185 8544 8164 5992 747 9244 8046 2585 5749 7577 1020
428 5536 6019 9316 5220 8486 358 3432 5707 8020 1718 983 1534 3167
429 6691 3529 1097 9325 8463 5232 9650 3635 5427 1622 6458 5531 8414 4734
430 165 6189 9102 1774 3921 8117 2870 3288 9305 6556 1661 8895
431 9865 5612 6412 7503 3217 6451 4725 9366 8566 1178 9499 9533 9054
432 930 7654 4424 810 9967 6428 7804 5405 5791
433 5637 2023 2571 8491 7630 9711 3057 2994 4914 442 7484 2462
434 8193 8511 8073 4272 7729 2547 9048 4474 3419 6655
435 4739 7013 7014 7653 8616 360 329 4012 1293 4877 7213 3762 6712 6268 701 4159
436 961 770 9316 9285 6406 9030 3016 6503 9770 4238 4334 2655 9968 8724 2713 9407
437 4865 8708 453 3046 231 7529 9354 172 2288 9522 4051 5653 6134 219
438 6787 3173 9995 2925 5166 8143 7951 4049 5298 8974 1042 9879 5401
439 5187 1923 8005 6536 3467 5197 2670 6451 6581 3095 8056 4154 9018 6367
440 2208 8770 4802 5031 6152 7132 2795 2765 1625 7484 1727
441 9506 4675 9126 3177 3275 3340 7694 591 8462 2609 5562
442 899 4195 38 6119 6087 5481 2634 9899 9453 6933 6613 7869
443 1057 8324 4293 1926 7012 2986 3794 2194 9267 9534
444 4423 9992 1705 8300 3886 5230 4494 7505 7700 8885 3350 6683 1532 4349
445 5765 5061 7946 1995 8045 7186 4212 9911 7351 6619 9852 5727
446 2432 3212 1488 688 4818 8818 852 6067 9075 9847 9720
447 896 1255 8711 7753 7498 6992 5169 6802 7988 5300 3448 25 2684 3454
448 9890 7780 1256 7691 5739 6413 2331 6420 7003 4670 8383
449 3490 3843 7523 6980 4359 7016 7208 6377 7691 621 2226 9811 1430 1719 2555
450 992 6145 8195 8356 2789 6025 9483 8948 8854 2326 9338 7996 6269 478
451 9312 3362 708 4199 9449 393 2764 6543 1651 2420 4026 2011 478 1151
452 1220 5673 2730 797 5580 4941 5134 8942 4947 4949 5591 5245 7806
453 5057 4385 9379 4707 5125 2345 9129 6732 4556 2415 7889 9397 8632 5627 2911
454 7639 4582 7528 1962 1581 2000 6160 1970 8087 7668 8722 6551 2361 4476
455 6785 2883 709 6891 1453 4813 1969 9169 2611 2868 9298 1937 6518 376 2555 1883 1436 6271
456 9248 1701 6790 4142 2514 242 9332 5525 4178 4317 218 3803 6909 3103
457 9888 5153 544 7617 1668 4358 8169 7467 3597 590 1489 4241 1300 3767 1336
458 8995 1284 9326 6256 3793 1715 7732 8439 3545 8956 5789 5054
459 3489 7234 2627 3589 390 7815 5350 4458 8686 4755 5148 7581
460 771 7844 7525 2279 1544 3691 1324 1451 3539 4948 5818 318
461 4352 4708 911 8496 3189 8950 2199 1627 8380 2654
462 8832 8740 1352 169 3209 4457 271 9554 4629 6519 5528 6842 6206
463 3301 457 524 9389 5371 7153 404 3317 981 2171 6429 8767
464 4801 9957 8261 9767 3527 7368 2064 2643 4437 8054 3223 7290 2108
465 2850 541 5636 5610 2348 3545 7413 1334 6070 1720 9209 9821 5182 3231
466 5114 1798 838 4232 7529 9610 2954 3372 671 3089 4114 8658 4954 3231
467 6629 5959 3944 9200 5013 1109 7413 4476 1630
468 8545 6275 1094 2888 8522 8141 7949 2031 4725 6170 9340
469 3648 1793 1314 7043 8994 390 3531 3308 4206 3801 2587 7134
470 2784 6945 8290 2755 2629 6215 1294 7632 2225 2067 7674 8284
471 1569 7747 423 3111 4042 1586 562 9046 922 6940 5373 3327
472 164 4199 4936 4136 9808 4948 597 3253 9047 8469 4474 5787 9470
473 6848 4002 4388 2150 9577 4427 1421 7949 1839 2097 7574 9178 1147 5663
474 3105 6371 36 7429 5030 1481 8394 7663 7476 5014 8376 5658 6589
475 768 482 7203 4810 1294 1039 114 9332 2005 4183 639
476 7712 4513 8965 5510 1834 2190 1328 2964 5045 8212 4024 7514 797
477 9574 9927 4060 5388 8188 9244 4697 8881 7188 1269 4503 1753 7868
478 1 709 4618 3725 7775 2704 7028 5044 4150 4277 7160 4822 1084 2077 639
479 2432 259 3013 7944 425 7434 2731 2476 5052 8014 6140 4240 3185 3998 9107 4309 4663 9083 4828 5406
480 8132 4100 702 7597 4078 2351 6860 7345 9330 9244 4862
481 3395 7556 5031 7080 8909 3441 9108 888 7672 9337 122 6015
482 1092 1124 3174 6568 5226 5162 7115 1037 6506 9745 625 1206 3255 5466 3963
483 2328 5029 358 7754 9711 2351 4756 2420 8372 2263 504 5177 2555 3547 5272
484 1602 8770 9573 3657 9193 1163 1294 1679 7249 9620 950
485 5092 3686 7432 681 5066 8396 2959 529 757 442
486 5728 4985 4548 4295 5864 6793 8777 7691 9901 9806 4532 9621 4601
487 7682 3397 1159 8524 3501 8847 1136 2159 3955 9879 2491 5631
488 4802 4613 3782 6088 1133 3789 3505 7252 148 3547 247 6298 4699 8381 9150 7455
489 7747 421 8741 7847 8293 2107 9487 8148 2453 3734 9787 2331 5758
490 407 4737 3489 4067 7401 5098 560 2353 8978 7413 1815 4956
491 1922 5252 3012 7367 2505 6701 4877 111 7636 7956 5273 442 5179
492 1504 4964 488 1705 6571 4524 1363 8084 5812 9973 9495 8826 9885
493 4224 8676 107 1708 9835 6382 9680 7313 5241 3451 3261
494 5984 3552 514 5605 1957 5703 6157 3023 4371 1492 5687 797
495 9217 8035 2692 2245 9191 8072 3020 6925 1618 9202 8820 9842 7030
496 6336 7392 6467 6792 1227 4717 9233 7378 3348 3446 3480 8444 573
497 5984 9025 9314 5859 263 6185 9929 4526 5554 3546
498 4320 5702 8263 4873 8041 7562 2124 1737 1072 979 3892 8183 9949
499 2566 1224 8041 2121 4747 1260 9517 6062 5104 5235 2772 5182
