100
0 0 1 2 3 2818 5 6 8 1161 9 138 1290 14 15 2065 19 22 280 156 39 43 428 301 53 183 57 2235 9021 63 323 329 206 1489 83 4182 88 1245 1502 6243 233 1903 123
1 0 1 2 3 4 5 259 8 12 14 17 1530 18 21 280 153 24 5921 177 2746 58 318 64 450 455 87 605 1247 630 378 1404
2 0 1 2 3 4 5 6 8 12 2060 14 15 17 145 20 21 3094 25 537 925 33 38 166 178 308 1849 969 4819 853 2525 94 357 1766 4729 255
3 0 1 2 3 4 5 6 131 8 7 10 3975 17 1298 280 1692 33 165 47 4145 1203 53 59 62 71 1101 218 101 6887 106 5482 108
4 0 1 2 3 4 517 6 5382 7 10 143 21 150 22 43 4148 824 58 1597 190 63 583 205 6222 207 82 467 724 341 979 466 2003 468 219 1116 1502 9572 7151
5 0 1 2 3 4 5 6 7 8 9 542 31 548 39 1198 181 186 4288 1993 844 205 5970 86 214 9831 1902 4207 112 1777 634 126 127
6 0 1 2 3 4 3076 6 7 9 10 11 142 15 1168 1046 33 547 5287 429 54 64 66 8519 85 88 5720 474 869 493 5617 766
7 0 1 2 3 1922 5636 6 770 8 11 1934 25 32 933 1451 43 313 7872 83 93 8160 614 4582 109 2036 502 2813
8 0 1 2 3 4 131 6 900 10 11 7567 15 17 9875 20 19 25 155 32 545 34 1829 293 170 177 3378 561 67 346 889 867 2553
9 0 1 2 3 128 5 6 8 10 11 138 16 17 21 22 27 3228 28 35 5926 39 43 47 816 48 181 455 3279 88 224 103 1517 245 124
10 0 1 2 3 4 5 6 1798 8 129 10 11 906 138 16 34 38 554 556 45 46 305 1076 69 73 458 336 88 94 108
11 0 1 2 3 4 2051 6 2311 5 137 10 11 6288 18 24 33 1955 2221 691 1594 347 733 100 500 246 508
12 0 1 2 3 4 5 6 7 8 10 11 16 21 23 26 28 542 42 683 437 1342 577 69 205 77 86 1757 98 227 104 1896 106 238 114
13 0 1 2 3 4 6 10 11 12 13 138 531 21 153 28 3357 30 1318 168 2987 44 55 199 79 9041 218 351 96 1121 112 368 255
14 0 1 2 3 4 133 6 5 7 128 1538 11 12 13 140 8 145 24 281 538 27 26 1310 32 34 44 5805 176 50 563 1340 72 726 93 112 121
15 0 1 2 3 4 257 6 7 8 5251 5 11 267 13 15 16 20 23 3354 28 156 30 669 289 178 5429 3137 837 3526 6087 75 460 1502 2527 2019 485 104 4971 112 2168
16 0 1 2 3 4 5 6 7 900 11 13 15 16 23 411 163 169 682 557 50 185 60 965 4422 711 206 1615 87 357 498
17 0 1 2 3 4 5 6 7 8579 260 9 11 14 4878 272 17 19 155 287 31 672 8095 44 3244 1201 1459 307 436 315 7102 1861 199 457 1870 1263 636
18 0 1 2 3 4 5 7175 4618 11 12 13 138 15 16 1290 146 21 277 23 152 33 50 8244 56 4793 71 207 4048 352 997 1263 241 1270 378 511
19 0 1 2 3 4 5 7 9 10 11 12 3979 13 15 16 912 1423 1290 149 21 24 30 32 47 3894 694 8766 62 2886 207 88 358 233 107 1263 5745
20 0 1 2 3 5 7 9 11 12 13 142 15 5520 3985 5773 21 27 34 8752 1975 1601 454 2377 847 9949 733 97 356 3429 5607 104 231 240 119
21 0 1 2 3 3969 5 6 643 136 4 11 3852 12 15 22 662 26 35 424 556 50 53 182 64 1344 66 81 84 93 2153 107 120
22 0 1 2 3 770 5 389 1671 11 14 15 16 23 919 2844 156 30 157 32 33 673 549 943 1583 1841 54 64 79 100 230 6376 495 1775 882 505 127
23 0 1 2 3 260 4 6 2055 5 138 11 12 14 15 17 20 22 23 27 157 35 38 5672 50 54 62 454 199 83 2005 87 600 1373 104 120
24 0 1 2 3 4 5 6 7 11 13 14 15 16 1169 18 23 154 29 286 33 43 302 6450 59 708 69 75 587 81 90 9317 5350 236 118
25 0 1 2 3 4 5 7 8 9 138 13 15 22 152 545 34 1187 1193 49 51 314 61 63 195 325 709 732 1117 354 4197 101 1130 2545 9591 8699 4221
26 0 1 2 3 4 5 130 7 6 8 10 12 13 2708 160 33 161 3234 56 59 188 60 66 68 69 199 88 491 3052 110 6783
27 0 1 2 3 4 5 6 7 391 517 10 11 9995 8 14 17 19 532 661 277 27 155 31 799 164 3756 6450 69 201 212 87 89 217 2912 103 1001 112 5876 245
28 0 1 2 3 4 5 7 777 10 14 15 17 152 2203 1823 7584 33 35 46 48 184 62 1474 71 5320 203 466 340 87 3428 365 372 506
29 0 1 2 3 4 5 6 7 2182 10 138 14 17 19 152 4894 159 34 35 553 1068 436 3257 60 71 220 1383 108 242 117 1020 125 126
30 0 1 2 3 4 5 6 7 4484 9 131 3595 8 138 14 22 24 25 6939 27 32 33 41 302 48 50 1467 596 3541 87 472 348 93 869
31 0 1 2 3 4 5 6 7 11 268 13 14 2060 144 147 1172 20 275 1687 24 25 28 5406 170 694 1591 57 3899 958 70 72 584 4840 111 118 119 509
32 0 1 2 3 4 5 6 7 138 11 3340 12 14 782 16 273 23 26 2715 33 36 7207 177 1337 58 73 210 84 87 4192 102 1255 120
33 0 1 2 3 4 5 6 7 8 10 14 3983 16 1679 19 21 3992 26 33 35 1067 428 47 49 50 53 57 61 332 205 86 8790 489 241
34 0 1 2 3 4 5 6 7 8 1036 14 21 24 3097 26 155 34 2210 291 424 3244 45 7603 52 180 3915 844 76 221 6243 100 117 6392 2938
35 0 1 2 3 4 5 6 7 8 6025 775 9 12 13 14 17 19 24 26 29 6559 672 297 42 51 52 60 65 86 600 859 1503 1121 7777 107
36 0 1 2 3 4 5 6 4868 8 131 146 147 5778 22 796 160 35 420 421 5284 39 169 64 68 69 708 72 598 350 100 232 630 5887
37 0 1 2 3 4 5 6 7 8 13 14 16 27 8734 2848 165 38 553 52 1355 77 3023 79 216 92 1502 3682 354 105 493 2040 7421
38 0 1 2 3 4 5 6 8 9 394 12 4374 23 24 25 539 414 418 1571 42 2475 50 592 5731 484 101 6379 245 7541 1017 510
39 0 1 2 3 4 5 6 8 10 12 13 16 26 3488 41 2474 44 52 53 182 3907 3400 6729 597 95 100 2408 111 9592 121 382
40 0 1 2 3 4 5 6 8 138 12 13 527 18 147 24 5146 2844 9886 31 928 159 163 43 53 4413 1734 460 2521 102 9835 111 1137 248
41 0 1 2 3 4 5 6 8 10 11 138 527 15 18 147 19 402 151 8345 1053 543 39 2215 434 188 83 211 729 1120 3425 115 4606
42 0 1 2 3 4 5 6 133 8 9 10 5241 14 15 16 1045 2710 23 2456 281 4122 37 173 57 2105 76 6402 90 95 107 495 115 502 377
43 0 1 2 3 4 6 7 9 10 11 13 14 15 16 5141 32 34 37 3879 178 180 58 59 64 3270 205 7117 3408 1368 1370 747 3053 1397 8056 508 255
44 0 1 2 3 4 4482 6 7 4227 5 11 13 14 17 18 277 22 24 7195 3244 55 4023 186 1479 76 3023 80 104 236 116 246 505
45 0 1 2 3 4 3841 6 7 259 9 5 1671 14 1810 18 21 156 35 170 49 3254 443 3388 6847 5185 66 1737 76 1130 4977 245 503 122
46 0 1 2 3 4 6 7 9 25 27 2716 29 157 7966 44 49 6779 189 579 71 4040 73 76 332 4048 83 6614 1263 497 1652 8949 117 251
47 0 1 2 3 4 644 6 1415 1027 9 10 129 6026 13 7055 17 18 22 2848 6052 38 49 3775 584 80 473 100 359 363 1516 1008
48 0 1 2 3 4 640 6 130 7 9 10 8 12 650 15 18 275 20 23 25 28 156 6045 174 47 949 6459 2498 322 91 97 1270 2423
49 0 1 2 3 4 5 6 9 10 138 12 14 148 21 24 2334 425 45 173 434 51 437 7481 700 66 708 75 80 3160 89 2272 113
50 0 1 2 3 4 5 6 6022 9 10 11 12 405 2594 40 177 2482 187 66 67 68 708 9037 213 984 116 1012 126
51 0 1 2 3 4 6 9 12 401 659 20 2456 26 2848 5794 9634 42 3244 54 183 1847 57 2490 2235 1725 70 75 715 82 98 2787 110 1009 242 9593 3325
52 0 1 2 3 4 6 134 7 16 20 23 152 794 34 293 38 5546 46 304 50 1081 8635 3774 194 451 4808 91 1627 9693 101 110
53 0 1 2 3 4 9861 6 2306 8 534 1309 34 42 554 943 304 9009 176 3256 59 72 2264 218 3044 5609 108 110 6903 124 5246
54 0 1 2 3 4 5 6 9 140 15 16 23 3097 414 30 161 33 34 677 166 3244 559 3511 1215 64 710 220 221 1245 1000 1774 112 766
55 0 1 2 3 4 6 8 9 10 11 13 14 528 5136 272 19 25 1434 30 31 2978 37 38 167 41 1836 54 333 3027 87 5469 98 622 116 1148 3069
56 0 1 2 3 4 1922 6 897 8 10 7181 1167 281 29 2340 1958 552 6824 4917 186 68 325 1860 80 5970 340 1502 98 99 7013 4589 370 123 2941
57 0 1 2 3 4 5 6 7 1160 8 10 12 14 16 17 22 279 1431 155 2591 35 172 173 4275 308 1208 57 601 602 2652 96 97 2275 3182 9203 1407
58 0 1 2 3 4 5 6 7 7301 129 11 4364 16 7187 19 278 1829 38 41 44 52 950 55 5432 5561 57 183 1595 62 66 204 337 2264 869 102 1129
59 0 1 2 3 4 257 6 774 8 9 11 13 16 19 1429 23 25 28 287 31 803 168 49 2745 71 2509 717 6226 339 7765 355 1512 4599
60 0 1 2 3 4 6 7 8 265 1799 12 397 15 18 659 21 662 279 26 27 156 1310 5414 5675 1459 5046 5820 316 8002 210 1498 351 353 100 2288 244
61 0 1 2 3 4 5 130 6 10 12 15 403 25 27 29 36 422 41 2859 179 51 568 2363 716 209 97 866 101 4841 882 2291
62 0 1 2 3 4 5 132 7 8 22 279 25 26 27 3097 8738 39 51 4020 183 56 209 221 93 2664 1137 116 5115 127
63 0 1 2 3 4 5 902 7 3584 8 6 11 12 15 16 17 8600 281 29 296 45 182 439 2616 65 841 1737 77 96 106 112 115 756 9208 1919
64 0 1 2 3 4 257 6 4738 5507 8 10 11 138 1671 19 1558 25 282 159 7714 3753 6831 51 307 60 66 67 358 231 363 237 115 3704
65 0 1 2 3 4 2692 772 5 8 392 10 11 907 13 14 9 144 20 21 2841 28 294 5931 559 306 87 600 8414 864 4460 1265 759 1790
66 0 1 2 3 4 388 8 13 14 15 16 273 274 19 21 1433 26 27 1055 288 5154 1579 44 45 2428 59 317 71 1223 84 2264 92 99 4858 508 1023
67 0 1 2 3 4 6 8 140 13 14 16 149 23 1050 1691 28 36 165 45 2108 61 2112 9411 71 456 7624 725 982 88 94 613 235 5359 113 1012
68 0 1 2 3 4 133 6 7 8 9 386 138 5388 270 146 22 3097 1818 282 32 164 422 38 681 46 61 190 194 965 77 335 475 732 734
69 0 1 2 3 4 5 6 7 8 9 10 11 522 13 397 18 20 1310 1567 46 49 309 901 1473 71 87 472 1884 95 2818 485 6259 1275 2556 3711
70 0 1 2 3 4 5 6 7 8 9 10 521 13 5262 1424 148 155 6044 35 174 50 957 1087 68 4548 708 3019 78 2897 603
71 0 1 2 3 4 5 6 7 8 9 519 777 11 13 14 143 265 787 24 7454 160 165 1702 42 45 49 63 192 65 77 83 345 348 4577 880 1777 245
72 0 1 2 3 4 5 6 7 8 9 14 15 18 19 277 26 159 36 2213 42 45 1077 1847 61 68 1865 76 81 85 1880 88 1502 231 5609 115 121
73 0 1 2 3 4 8450 6 7 8 1415 2825 9 12 14 15 17 3858 24 25 1570 170 4146 53 63 66 68 1737 2004 85 88 90 239 3580
74 0 1 2 3 4 133 6 7 8 5641 10 4743 652 5 4366 15 9 17 138 20 23 24 7451 32 3975 168 43 45 54 4928 337 9204
75 0 1 2 3 4 5 6 7 8 10 140 1676 15 16 17 20 663 39 43 44 45 49 184 2882 450 466 215 859 861 3561 369 893
76 0 1 2 3 4 5 515 7 8 3458 130 10 138 13 15 272 912 18 29 543 1570 173 51 55 60 957 62 8640 1104 1755 92 230 625 3067
77 0 1 2 3 4 5 387 7 8 1033 1029 11 6 12 14 10 3345 404 32 6434 5158 681 43 44 51 5175 440 55 330 1125 742 363 116 375 1150
78 0 1 2 3 4 5 6 7 8 9 138 12 13 14 783 277 278 24 3097 29 7070 31 301 47 51 1997 225 1506 105 109 124
79 0 1 2 3 4 5 7 9 1163 14 18 1427 402 21 23 24 7070 37 806 46 558 48 50 309 60 62 830 69 200 1865 331 594 1011
80 0 1 2 3 4 5 132 7 8 9 1671 12 14 17 914 22 23 918 25 27 38 39 48 50 1586 52 3009 83 468 858 106 363 9455 1273 2426
81 0 1 2 3 4 5 645 7 8 9 10 6 12 15 145 1691 161 39 6440 67 197 73 9162 333 597 88 217 4956 608 233 113 115 119 252 1663
82 0 1 2 3 4 5 6 7 263 9 10 12 15 17 19 22 23 409 3097 540 678 1197 305 59 5055 209 4313 108 116 1663
83 0 1 2 3 4 5 6 7 131 12 15 17 3222 33 168 41 6572 431 49 7624 76 975 209 3429 108 3949 5752 761 124
84 0 1 2 3 4 5 6 262 264 1033 12 16 17 29 799 38 1073 5555 308 59 3008 199 83 353 615 241 116 117 248
85 0 1 2 3 4 5 6 519 264 13 142 9485 16 17 18 25 26 284 32 165 39 300 56 7371 3684 1000 114 116 1916 381
86 0 1 2 3 4 5 5507 2305 11 12 15 16 144 18 4500 22 3359 168 1459 187 703 960 451 9165 851 3682 3429 232 237 1263 241 1270
87 0 1 2 3 4 5 7 135 1675 13 15 16 4242 21 22 23 2071 27 31 32 33 3489 7971 39 8755 51 180 708 199 1357 244 6390 1151
88 0 1 2 3 4 129 5 6 3590 137 9 11 12 13 14 15 16 144 10 20 21 22 2713 27 28 1310 159 9255 7734 443 1086 1737 842 1995 215 1506 104 625
89 0 1 2 3 4 5 6 135 7 10 11 12 268 138 15 19 21 22 405 1046 1052 545 289 172 180 64 72 463 91 3038 2143 105 114 894 255
90 0 1 2 3 4 5 6 7 136 8 138 12 13 4364 18 22 152 32 544 5921 3235 41 1195 181 62 6207 74 1741 77 9549 84 2649 996 100 632 124
91 0 1 2 3 4 5 6 8 10 11 13 16 17 18 6424 2968 24 154 29 161 426 171 179 309 3004 62 584 846 352 100 2153 117 637
92 0 1 2 3 4 5 6 7 8 11 12 13 16 19 3350 4247 25 4772 42 557 5296 179 1205 63 3140 332 976 724 2135 103 231 105 108 121
93 0 1 2 3 4 5 6 7 2052 8 522 11 9 13 6791 655 12 10 400 1290 31 45 8512 67 323 83 120 231 1386 1140 372 247 5624
94 0 1 2 3 4 5 6 130 8 264 11 13 15 1555 404 21 22 156 33 8103 39 41 42 6955 2479 1596 206 5583 2021 106
95 0 1 2 3 4 5 6 902 8 9 7 10 13 15 16 18 3346 9237 23 28 30 38 2218 8629 8506 187 192 69 73 74 331 1488 722 86 345 218 92 3677 243 251
96 0 1 2 3 4 5 6 258 131 265 266 15 16 22 23 24 1948 30 683 5803 43 58 9538 3663 83 85 1123 356 1767 109
97 0 1 2 3 4 5 6 6785 136 9 10 8 3849 27 155 34 40 2218 8497 55 1345 1738 334 210 85 2262 6107 92 91 2526 1887 3060 504 1788
98 0 1 2 3 4 5 6 128 137 10 145 660 1428 279 2329 796 33 7590 42 300 3374 47 193 69 72 470 91 2153 110 239 373 1528
99 0 1 2 3 4 5 6 8 9353 2576 19 916 23 153 932 5668 43 3513 1466 59 321 1223 77 337 214 2017 2145 619 1263 1008 755 120
