500
0 3332 9989 647 267 4749 7951 914 3863 4250 6692 7590 6833 8756 6967 447 2117 78 729 3806 744 5097 7413 9208
1 2240 1668 1477 4199 2121 2218 8075 9689 942 3247 8495 114 1811 2962 8725 6485 8985
2 8994 4199 5000 5545 10 873 4140 7849 2058 7949 9968 2384 5778 8563 3231
3 3331 3 3462 3111 427 5183 3393 6082 8655 6226 4055 9819 5342 357 1511 745 2926 7151 3823 9842 3830 5240 254
4 2240 321 4489 2026 3436 7501 590 2861 7919 9297 238 276 9464 2555 5597 5341 3487
5 9602 8994 3074 5535 6633 7946 1642 7883 6894 7315 4660 2518 9978 6142 3231
6 4290 2978 358 4199 4941 9102 4526 658 2451 4020 7285 4278 7063 9784 6938 829 7998 7775
7 3168 737 2 9561 9353 6285 1266 4083 6069 8153 3547 5982
8 8994 8131 1509 7846 455 3783 8487 7115 4844 5452 4843 3378 8211 3700 8981 1299 2679 7320 825
9 2 7949 783 6044 3228 8734 6177 5155 3877 6450 1083 5715 6613 218 1885 1887 3936 7775 9191 8556 2288 2173
10 3393 8994 8739 1668 7429 3497 2986 811 2829 3854 4335 1966 5362 5403 9244 5917
11 2563 1635 2340 616 8874 6833 1810 3506 52 882 3926 148 7699 8153 6746 8827
12 5771 9615 8600 3995 6692 4783 2489 9802 8396 3533 3023 79 2643 1499 2013 8291 8933 8305 115 6388 5880 3070
13 928 1409 4384 1254 3530 523 3982 9968 4371 980 9299 6105 9467 3934
14 5377 2466 6404 3210 4461 750 2895 1681 3859 8694 217
15 225 9858 2465 4068 8613 9638 6310 4967 7240 5356 9485 5295 3407 17 7830 4279 9433
16 9632 3398 4038 5385 1897 2698 8491 6029 6862 7280 6130 8181 3670 8214 7928 8601 6938 4092 1341 8798
17 5568 1025 3106 8512 8165 3079 5993 4490 2282 6730 6735 5715 6361 921 9277
18 5056 7297 9601 3877 7371 4620 9453 4431 3055 2962 9555 4888 5086
19 6563 6757 9767 2892 6191 5435 5715 7189 1817 2264 1113 7547 9244 9979
20 2240 4641 3490 4261 1125 4680 8427 6380 4909 878 9868 3378 3251 1364 2962 6998 4020 8473 9884 8222
21 7552 7908 9094 1095 744 3783 8685 6831 4816 4081 8019 5715 4821 7094 9848 6239
22 9825 7457 5507 1121 1829 676 7436 7762 6547 20 1909 6678 628 6613 6843 9244 2270
23 1218 7331 6856 9544 555 9995 7791 79 2802 2451 6644 7123 215 7000 6041
24 3841 9350 8465 667 413 9272 7864 7224 8125 9533 3518 7119 5715 2132 7902 1762 8293 6251 5869 7920 8442 5887
25 4897 8449 7713 8644 1990 583 3144 6591 7273 8970 7755 4813 1391 9968 2962 7444 8756 7001 6778 7487
26 1953 898 5762 6327 4646 614 72 4232 4230 1325 79 9712 5296 81 4821 2555 2999 3897 1979 5468
27 4224 9600 2082 1794 2404 1989 7176 8491 1260 5197 79 1557 5591 5848 3833 6073 1629
28 3425 7713 6488 2630 935 2858 3389 5645 7603 5340 2869 2205 9111 3989 1942 3894 5595 8284 1341
29 6851 6886 1383 6728 9032 4060 5999 7281 2482 7859 7766 8375 6521 2327 7358
30 640 1505 7709 4901 8039 3016 7465 9482 3211 7883 4046 1454 9777 2962 5139 6397
31 6240 6049 6818 4419 6916 200 5388 332 5966 527 9007 9842 767 1461 4855 5464 1914 2555 8670 5151
32 4609 9381 4614 5445 7272 5513 4074 8269 79 9533 347 3926 3894 8728 5051 3069 3422
33 6272 2 2962 6940 7199 1058 1066 8755 4660 4533 1978 9530 1343 3012 4173 1491 9683 6101 9299 7652 1253 4974 1903 9083
34 2240 2626 7709 8068 4838 3526 9545 4557 2799 3347 8470 2391 5912 5949 3518
35 3203 8841 3982 5397 7452 800 9256 5418 815 695 2498 1351 2125 1107 7895 9179 4326 8167 3432 2809 7037
36 3457 162 5793 388 3877 1894 9545 1163 1933 6938 79 8114 722 8532 7316 183 3257 8634 8121
37 8832 9863 2444 2957 2962 8484 2726 9129 3244 4795 3006 2240 6982 9034 74 852 729 8805 6376 5869 238 9968 2555
38 3104 451 231 1736 105 9962 2527 6538 4110 79 9968 5617 979 7188 5814 2104 4539 3775
39 8289 7207 7112 5567 2794 4843 4639 751 2032 79 5650 7603 8499 5715 9848 6938 1407
40 3936 1 321 1155 2595 6790 3526 1831 6534 1167 2768 9873 3794 9908 3383 2040 7135 8125 5279
41 7298 7074 5412 701 1383 777 74 1353 5101 8333 2383 8462 2046 6141 7838
42 7234 2630 2118 5163 1644 4653 2733 2287 8907 5265 7762 2165 4087 9945 2333 1341 1950
43 9731 5 1287 5767 8711 2699 3212 6801 7057 7701 4253 2211 935 552 427 4276 6331 2240 9541 4549 8942 5365
44 3424 8902 5064 2409 2474 7240 2028 8506 6222 1550 8495 2986 2322 6227 5426 408 26 3741
45 4833 3490 551 7756 8270 8143 4594 4819 3476 2962 7382 4090 7486
46 3747 7582 6087 3945 137 9710 4559 3376 3982 7762 8212 3029 8790 2295 921 6938 5787 4638
47 8545 2273 8345 321 2533 4679 8105 5962 6859 4812 1454 8719 1109 7319 665 5114 3292 8125
48 321 2756 5412 2534 7782 9576 3976 7597 5614 3442 2643 8212 2485 9142 7861 2133 8889 2555
49 2240 6563 1828 3907 4616 1065 5768 3080 1581 5422 8561 84 5689 6171 1791
50 3597 3727 2581 7078 939 7599 2992 6196 9014 3640 1979 9533 961 321 3539 5715 4054 7652 751 6396 1534
51 2240 102 904 8393 9674 8843 8812 6925 9244 5135 2121 5013 1752 2842 6010 4893 990
52 9024 4066 4036 6790 6023 9832 5129 9130 9928 5260 2643 3541 3191 731 3901 9022
53 8226 9763 1477 8293 3367 1548 9485 8078 4974 9072 8977 8332 2288 4407 2555 605
54 321 3074 4707 6792 872 3754 9645 6798 2320 2704 722 1075 2196 277 7732 4122 4923 9788 7519
55 8387 5412 1979 3879 5095 8265 2441 5226 2121 8461 6094 8399 4945 2420 4949 6939
56 8609 321 4740 1668 1900 2063 5456 5392 783 5715 9013 5912 4761 7258 9339 3454
57 5311 8994 2596 3397 6507 3883 4527 400 5105 1874 703 9012 2677 8344 2171 8637 7838 767
58 9408 321 2786 3459 741 5861 9416 3144 7949 8849 8821 4310 4888 8154
59 3936 9025 610 321 73 3050 4459 8972 1547 6607 1073 8882 8467
60 6017 6210 9507 3458 5383 2666 427 9837 2414 2574 5677 1489 9903 2136 7417 7994 1534 5087
61 8716 2962 2327 412 6559 3232 9896 7979 8364 2862 8757 5053 834 4935 3405 2002 7762 734 5747 7413 8695
62 5248 8994 963 7044 7333 8644 4072 2986 5739 427 7949 6777 2962 3573 4501 4216 185 8794 6171 7583
63 2 3074 4615 2962 5500 412 4385 674 8004 2895 9680 7120 3539 5715 9436 9310 8929 738 2789 3695 3964
64 8193 3594 5645 8974 9615 2192 8977 2838 155 5803 4909 946 6712 8386 5715 8923 4450 1895 3433 9199 9075
65 9088 3170 6692 420 9670 7366 3240 7652 1322 2858 2349 6967 989 2962 6262 475 6904 3894 8827 8957
66 7362 3588 8005 4230 1668 1288 7400 1290 7914 9067 2574 8014 9550 7153 9615 1299 7318 3894 253
67 2 2439 9244 416 676 7335 298 8111 9265 5812 9533 2240 1612 6613 4958 866 233 2669 7794 3699 1139
68 7233 7106 2241 9573 8200 745 6763 6443 5880 1042 7762 6964 8405 8788 8722 6744 6427 7709 7199
69 6528 9986 9351 7304 2064 9757 1697 935 5166 2240 8005 6859 6484 342 8279 7512 352 7266 2288 5364 3829
70 8384 9248 7652 7879 3913 9791 6800 7120 2866 3602 3324 7031 4921 1307 3612 2815
71 3044 5541 9063 6184 8522 3787 4719 9904 8977 3120 7795 4020 9007 3094 2135 3704 1881 2962 2844
72 9765 3077 4199 4829 5033 8043 77 4207 847 6351 5715 6068 3351 4314 9692 7965 7543
73 9382 8839 6313 6285 4974 3630 2415 8274 9299 6547 2962 3894 4567 2648 3993 4986 443 7325 1343
74 3936 7748 3012 4454 8582 6280 5064 6815 2962 1435 8789 3070 8244 5211 8220 350 3519
75 7681 7882 1003 1196 7818 2699 9233 8851 5715 1781 3095 6327 5466 3579 3070 2143
76 4035 261 9991 2759 3914 8812 7949 2415 3027 404 3285 4311 3032 4313 7226 2075 9468 3551
77 2278 3848 3337 457 523 6088 6186 5962 2121 4432 5905 5586 3826 148 2962 9719 3065 925
78 9537 354 4258 6692 2630 8585 8105 7563 3788 9101 5425 8115 279 3130 447
79 7456 321 5507 1254 7078 616 9449 1964 7310 8431 9435 1777 3697 9583 437 3765 6967 91 4669
80 673 3586 7843 321 7880 8395 4108 4940 3087 6448 3536 2065 6385 4527 8373 9842 2643 5307 7356 7325
81 2182 8072 2569 7949 4504 6942 3231 9390 5813 8379 830 2240 450 1608 2121 1229 4949 4314 2013 5982 1763 9462 3830
82 2465 3939 7652 9656 2407 7561 1514 8619 5775 79 6515 599 1400 7420
83 3521 9126 3079 1560 3022 335 464 5847 7992 3580 1309 2302 8191
84 5760 1062 7240 2764 973 3950 3438 2254 7438 9842 238 1876 148 6613 4920 3705 922 925
85 2240 7169 3074 5412 4037 2088 969 586 6312 9933 5166 8462 2288 1617 2834 2962 5715 1333 5880 7711
86 7554 6534 4967 360 1833 6474 1164 7085 1997 46 8087 7600 6161 9556 9786 7959 9338 828 8090
87 2240 2 7877 1766 5797 9256 3077 5835 7276 9517 1934 3375 3728 1366 6902 9688 8284 925 9598 3967
88 3074 2 6798 3861 6037 5276 8352 2211 4007 3242 6827 6459 1984 9921 2634 9816 745 3184 5622 1911 8696
89 576 321 1250 1538 8994 8199 8104 6538 9038 8050 5428 6612 3894 599
90 9221 2085 7529 8841 650 4430 6302 5715 1684 4853 6422 7861 4539 3195 3806
91 1345 5507 2123 7883 877 7054 2927 8654 1521 5330 3027 5743 4206 9968 3767 9533
92 3074 1418 4661 1207 5823 2240 3781 8775 3407 1106 7634 6613 9050 4700 4199 4474 8431 2422 6903 9848 5242
93 3106 6692 7652 5830 935 3849 9834 2128 2450 4338 7828 7388 979 759 2962 8092 9533 959
94 2689 4802 259 9189 7207 8105 8491 5715 8244 4885 8981 5340 4600 444
95 7680 1376 709 7429 5896 6185 1419 876 2991 7344 5617 7579 2555 8855 4377 4311 4699
96 2592 7424 6978 9829 5734 9190 3593 8139 427 9710 1714 6709 3991 2716
97 6944 1761 1666 1793 7876 8644 4230 5762 2986 5548 1997 4558 6380 8913 8274 4118 7481 9533
98 9620 5917 1571 2340 4520 2346 9519 4656 9007 4660 4534 5826 5572 5068 6354 4311 3161 6755 9573 9451 6643
99 8260 6245 2340 9735 9415 3304 8005 6187 7429 8495 4146 9075 2196 6292 9400 9342 383
100 7328 1410 1218 3012 7493 7333 8167 7431 9848 3341 5935 1616 9586 1272 5177 6938 4765
101 6528 131 1668 3469 2704 8473 2842 6440 5811 4020 4035 9417 1611 3801 7904 9573 5610 8301 1774 6898 3067
102 5920 260 1700 5381 1192 1353 9326 3889 4722 4693 8406 4887 1177
103 321 9346 2468 1979 2664 4170 9007 560 79 1490 3219 6327 6426 8027 3645 3583
104 8994 2914 6082 7241 5866 11 1740 4715 2986 79 2864 2429 5341 3546 9853 6687
105 7968 4836 2629 2155 2959 2032 273 7895 8120 9657 154 2492
106 1666 6050 1343 7654 6024 1257 8681 1899 4588 8332 3144 7250 9533 9244 1661 1887
107 2465 1188 6373 6020 2760 6697 8655 9776 152 5787 8796 8125 5150 1471
108 2437 1125 2380 5232 6672 5008 7984 2293 6198 3767 6457 8218 5852 4701 2430
109 3169 5762 8707 9242 154 4199 2666 4269 2797 2288 1939 8628 6613 5174 3830 1370 8764 6815
110 4320 3581 3104 7971 3074 3944 2601 1960 9320 4970 9356 7210 2986 689 210 2546 5715 730 923 9117
111 2437 7206 8293 2826 2442 6827 2288 2259 2643 3800 7929 7802 1052 1725 3615
112 8800 89 321 1988 8644 4063 4423 6120 2986 2347 5643 4401 3894 5751 88 7289 9274 3548 1631
113 1601 4707 6596 5637 9604 2439 1988 2029 6094 9807 3344 9197 1774 2745 7444 2901 3637 5721 6141 991
114 4769 3 1669 1478 6345 8494 7055 7728 1457 9041 7379 9968 7438 2288 8663 2456 6938 3294
115 1666 2 1925 3333 7949 1822 5279 8998 3891 3894 2871 5441 8005 6095 465 5850 7276 239 7413 3830 5880
116 427 716 2317 8013 2412 7692 7345 4176 3379 2900 7573 6581 8276 220 9968 6490 8379 6332
117 9152 2979 9834 2443 367 5904 2033 5362 4339 1904 4176 8406 2455 9210 2430
118 7575 2434 9955 1668 3877 1958 8994 6189 1806 9966 79 2899 1428 9075 5748 6455 1978 5403
119 2056 3208 7052 4239 9615 2962 1429 6938 156 6827 3504 4788 53 6967 8130 5962 5715 7276 9968 3955 5754
120 9792 9249 1603 3172 2534 8134 5384 939 1774 8431 4306 2962 84 6550 6201 7578 5307 3933
121 2787 2660 7652 967 2219 9195 8335 79 9811 6003 9078 3894 476 9599
122 6082 9859 7428 2244 1670 2279 2 2058 2987 7436 8491 2862 7087 9550 79 6547 857 730 3101
123 6283 405 8091 3755 3501 9903 3508 9533 3012 7496 7497 79 7507 2643 2261 5715 5862 9191 8559 9968 6141
124 6880 5696 3333 488 6538 9163 970 7500 3869 369 6708 8086 2583 344 475 4988 7165 5567
125 1920 5378 2 521 652 1566 1182 2595 3750 296 9898 5547 1984 1357 8528 977 7762 1110 4311 1124 9834 4601 2302
126 7651 5511 4327 6154 843 4588 2962 21 475 3767 7481 9658 2331 5053 3582
127 7650 2 8036 8005 9191 584 7243 1740 589 495 9649 1362 5653 7957 1112 1625
128 9600 9665 8801 6466 321 8134 3020 1452 6095 5715 788 8277 9653 9975 3830 3931 925
129 7429 9768 3401 9514 8553 6986 8461 46 5230 7095 152 1818 2555 6077
130 4610 9608 7055 7699 2327 7219 4151 8633 325 2246 6095 5715 1748 3028 7512 3163 7133 4189 6636 1393 6010
131 996 6692 4166 1757 5386 8874 427 8943 4093 1714 307 1876 5748 1593 986 1915 8414 638
132 8706 1156 1422 4756 8986 5156 9771 427 1840 2239 2240 6467 2120 1484 3023 6231 5340 8800 9060 5230 6647
133 2240 3170 6884 3654 5446 4326 650 4622 9935 2224 1647 4849 4628 311 9464 8794 476 9308
134 5953 7394 9315 289 420 4903 935 1962 2731 5003 2322 2643 7762 2962 3738 1883 3900
135 321 9762 5124 2853 4901 7652 5896 1162 1036 2156 1327 400 4689 5106 5748 3830 8406 3705 8730 3035
136 7968 1505 8546 5795 3202 6021 4035 4615 1321 5070 2958 3726 4916 5719 7256 3737 6938
137 3814 9288 681 2858 6827 814 5456 6513 1106 6484 4404 3894 5431 2808 9405
138 9409 8994 2183 2075 2858 5386 9517 9007 1488 342 3671 4216 571 4220 1437
139 321 4035 4710 232 3881 5672 7369 745 120 5340 1015 7032 6108 2686
140 6368 5889 4224 640 8005 8134 456 6250 3404 2288 5777 8529 3797 3735 9051 6814 7711
141 6978 2 4644 3461 6564 4196 5318 649 3530 363 908 6095 79 7699 6647 6360 8445
142 131 8745 2378 9355 207 9135 2001 4338 5683 5715 2943 6423 6744 761 247 4316 9598 9979
143 8193 7949 7696 929 3366 3751 3371 2097 5437 5053 4926 2240 3152 597 2795 3184 3316 9590 8187 3836 4605
144 258 2980 6980 3012 8231 5994 2666 1423 4531 2300 9075 6554 9215 8956 2015
145 4352 9857 6021 7240 2505 9784 1675 2986 9742 239 2768 9682 6290 2962 8760 3836 2269 2078
146 2981 8390 5702 9510 2921 4778 7978 1011 5715 9498 6334 4829 5310
147 2240 9378 3528 7946 4170 139 5870 3664 560 9075 7956 661 5076 87 7448 4569 3866 2491
148 6306 8059 9764 2692 7558 5799 2019 2892 7312 7762 979 2962 7573 5590 4694 7545 3323 5341
149 577 7713 6692 8293 680 7881 4586 6570 6731 7902 8055 4080 9007 5876 8694 3639 6428 4413 9342 7871
150 5669 3303 6376 5354 4522 8300 6637 3498 925 79 2292 7732 3606 8247 7736 4569 5882 1373 5177
151 8806 9052 4839 8487 2765 4430 3504 6547 5340 148 1432 3772 1597
152 2624 3009 1601 9828 4745 8074 4113 6996 2555 1815 9688 6327 1467 1758
153 4234 2962 6294 1449 7850 8491 4274 4407 1979 9533 321 3012 8647 5704 4558 5715 2146 1123 8168 1134 9077 251 4351
154 2 4227 399 8722 1174 412 7325 2077 6561 7842 7078 4135 427 7607 2240 7751 79 594 5729 5220 4199 2670 5111
155 9987 8457 6186 937 3117 367 4946 7444 5622 8759 1784 2905 4314 8406 5564 2238
156 3393 5154 7779 3140 549 5477 7 6888 298 2604 3982 177 468 5014 7736 569 7834 5469 4190 6015
157 1984 6145 7932 8233 3402 9326 1774 7921 7762 9299 9781 6613 1784 4057 7676 4701 1913
158 7296 1799 9607 8083 7063 4761 168 4526 1841 1465 8889 3902 2240 9409 1601 2892 4958 8032 9834 4463 6258 1529 8445
159 1857 2113 2 9668 8901 745 8138 7050 3020 8767 462 7536 592 2962 3894 4567 7992 505 1534 7039
160 3584 5566 6794 5514 2765 3949 6766 9395 9270 1975 9596 5437 5790
161 2 259 4868 805 1510 3145 3051 4219 2445 46 4462 7440 9265 4958 7153 79 2296 9818 155 2718
162 9315 3715 5252 1668 2407 6920 9834 4428 7791 4080 273 6196 2645 3032 7897 9979 29 2073
163 8608 8134 6298 5391 368 9937 7986 4847 7762 1622 4663 5625 6042 2653
164 5633 8067 9731 5775 2962 2837 6293 7575 9003 9023 1985 1731 6982 71 843 4813 79 4949 8024 4185 9178 3069
165 5409 3106 324 4263 7113 1452 7213 8814 9583 79 6098 2322 6516 9080 1240 8479
166 2784 2848 3074 7652 9925 935 1482 7050 6636 237 9582 4689 1909 3543 5432 1181
167 4865 5860 3045 6566 3207 1528 1668 8005 4908 2286 5742 592 1816 8376 7545 4410 2110
168 1922 9990 2315 4750 6545 2071 1175 4640 2867 2228 3253 9533 3781 9669 5706 5715 2394 6880 3936 5352 9968 7413
169 2528 9249 8129 1187 771 6211 5412 3527 1668 2 8014 7438 1871 1134 2898 4755 9842 890 127
170 9120 6147 2596 5412 1351 5895 7530 267 9068 4717 7087 8783 1391 9903 2902 2937 5242 7804
171 1113 4930 5412 7429 6216 3147 2892 3981 4430 399 7919 6323 2997 8567 4248 8153 8538 1303
172 4871 4988 139 780 2325 6556 3358 8227 7592 9160 73 5962 4558 7379 4179 6616 2655 745 9451 7539 5628
173 128 321 3299 4583 9743 8920 5969 1426 3667 5848 5494 3766 5014 3894 1370 2715 6428 7320 4670 255
174 5248 13 6291 6292 7699 6938 8994 7856 1073 2240 2635 9804 464 6872 5342 9310 1125 745 2031 7153 7410
175 8832 321 7423 5636 103 1544 3050 2203 3567 8659 1620 8309 117 8116 979 7513 1531 8125 3803 6591
176 5509 7176 9224 5898 5650 541 9908 6846 447 8130 3397 6486 995 4071 3816 2664 5097 9834 7153 1524 1534
177 2 4619 3723 528 3240 5677 4407 9533 2629 3525 7627 2893 7252 4567 9572 3818 3567 4081 4977 4723 1277 8830
178 3140 5892 3782 1383 1220 1125 3877 5965 6893 4909 7728 8849 4914 7153 9139 7349 9244 1594 5340
179 4960 225 2946 5187 2855 8107 8012 2797 9518 8698 7411 2581 8757 8887 1942 474 5340 5917 8062
180 3649 7171 3012 3173 8870 872 5064 296 6188 14 3567 2992 80 3758 9715 8983
181 1089 3364 7652 3077 935 3012 6692 4490 7595 1004 6317 460 8074 5775 79 7762 5077 3894 9304 9181
182 4896 8771 259 3657 4970 7531 4300 140 683 2986 7410 979 1973 2391 8440 7610 6938 5372 2109
183 672 2368 2626 5411 802 7652 4326 8743 6696 8487 5412 1549 1101 9880 5617 7090 625 4531 6134 4536
184 545 9282 3012 7368 3241 6573 4621 4205 6672 1774 4403 5715 3037 2590
185 2240 1889 321 8643 2307 678 4326 9198 398 5392 8942 7829 6806 6710 6613 6778 2683 311 6495
186 6753 2117 6087 6871 3179 6892 7439 2962 7287 7640 9753 9786 2172
187 193 3553 5507 4164 1576 9481 2952 4043 9580 7660 9230 75 3408 2288 9968 2708 6362 6491 6044 861
188 8033 9444 6661 9815 1287 8711 7652 9770 7949 4271 4592 4527 1459 3251 5270 1879 729 2012 1021 6687
189 2240 321 535 9129 5962 1835 9485 6446 6445 9458 2678 5911 1398 4982 6043 8092
190 5728 2 6749 4132 2310 4199 4333 3662 1550 8431 5297 2962 7795 9973 5814 8887 2781 5407
191 321 1668 5221 2630 5029 2088 6824 3049 8005 6957 4399 656 16 1978 7838 6751
192 388 4218 6012 842 5483 3180 3981 9422 3376 5715 9204 5492 1594 8668 8062
193 3841 7429 7055 1042 403 1176 2983 3753 9645 5175 3135 3012 3014 6216 9931 3664 6359 2275 5740 2288 4980 9081 2556 1790
194 7073 4035 1150 550 7084 3249 5075 7604 3159 4158 3450 476 7517 4957 3358 8607
195 2 4196 137 1674 2603 77 5517 3982 7504 8273 79 9940 1942 3287 1338 3836
196 4132 4555 9677 9550 3375 4880 2960 2962 5715 7445 22 6295 7836 8125 1086 7775
197 1988 1572 5127 935 9834 7724 9068 9964 79 1750 7511 9399 1627 2075 1695
198 3521 1314 9507 3522 2086 8586 1868 4589 4977 7153 6744 8413 4542 6847
199 321 7493 326 2630 2600 2601 3877 779 4909 558 9007 9075 6037 949 8887 5080 4950 3894 5084
200 6944 8130 6115 4645 3142 2663 4134 5448 1465 9325 2189 9007 5715 500 1589 412 8697 9020 7454
201 3074 2 8455 9968 619 5164 569 6992 4176 5170 339 6771 4597 6101 7031 5748 4153 2555 4894
202 321 6953 7211 366 7630 1168 3632 8850 6323 3126 4381
203 321 5282 6499 392 8489 809 6347 4855 3758 8623 9007 2673 7153 372 6231 3737 4284 1406 4639
204 2240 2145 8099 6270 4811 4302 1872 433 3762 4180 4855 569 602 2327 6142 6111
205 8128 641 7296 4035 1861 4102 7431 9349 8617 1770 6538 4901 5773 2288 4881 9968 5715 4853 5014 7801
206 7297 7234 5475 7587 6410 2667 3437 2413 7759 8440 6938 5437 8957 575
207 4992 9634 5762 5384 1390 7374 7695 7377 79 7223 4377 1436 8797 4094 7007
208 2240 9921 3306 3371 8430 2384 7504 1395 7027 2100 1174 983 5715 6521 8508 6716 5950 8831
209 6145 2 3235 1284 5928 4939 7051 2061 8491 2063 8812 2740 6100 6101 3833 2426 5788
210 226 8610 931 7237 9160 3466 5437 9777 8658 9747 19 3894 2711 123 4925 3966 5887
211 514 6409 8973 7438 3728 5026 5312 329 5838 6225 6738 84 5848 6106 1117 5598 349 5992 8812 8437 1918
212 3649 5412 1831 842 4664 1933 5742 6992 786 2482 6675 1333 5715 1687 6296 3514 6491 6621
213 8384 4160 8578 2820 5962 6731 3469 397 6159 4432 3728 3122 6547 6327 6584 7993 282 3643
214 9281 2 9188 8644 9546 3707 427 5869 2478 7604 1337 4063 7451 2397 3902 9375
215 321 8194 5123 291 7429 1668 2377 458 427 4365 7438 6783 9007 563 8447
216 1857 8930 7429 3847 2826 3115 9935 79 4401 4851 6744 6938 7199 5054 2751
217 2240 3041 450 1956 3300 6246 3241 427 110 3667 3731 9395 2744 8217 4826 7996
218 833 2 3523 1348 4263 8716 78 1434 2288 1746 5747 5715 1429 1625 7898 2203 3324
219 4802 741 9535 6855 7849 5322 1451 79 4211 4276 4661 9524 7252 1944 9658 1341 255
220 704 1527 4419 2181 9453 2287 9903 79 8722 6292 7894 6614 696 7163
221 7714 7709 5507 2726 2972 1131 9581 6542 9520 849 9299 7893 5397 5239 1080 6613 9565 3869
222 1441 6786 7202 9540 3875 1926 5159 2694 3012 6030 79 2288 5810 6966 7351 7224 1979 604 2013 7519
223 8576 5507 6929 5397 925 2600 4909 7481 9533 2754 6467 1605 9160 79 8535 5737 105 9197 7534 6003 7033 8191
224 3491 1892 8106 9580 1037 9230 9453 3666 7762 84 8277 3029 4823 284 7636 9338 9627 1303 6461 4245
225 7457 6594 4964 3877 2791 5064 6633 3308 4688 881 1427 9139 8952 1786 1979 9244 5245 4606 7807
226 5504 9379 1956 1637 457 3050 2059 588 4495 5848 9968 3006 8406 6359 6744 4953 8413 2878
227 513 8514 6627 9320 6601 5448 8366 9583 5710 7376 2288 2197 8601 6778 2013 3039
228 2 2193 2583 5401 6813 4387 6825 6827 9007 2101 3384 8260 4688 5715 9309 3050 1387 5740 7153 1013 247
229 4768 6625 6149 2055 5480 8168 2121 2539 1694 9848 9682 6101 3094 5495 5848 2234 8251 4350
230 1476 6405 2855 5624 9848 5784 7949 6938 465 6258 2962 4565 3413 9301 4920 1626 3451 9372 8671
231 4672 1889 640 5987 2 6311 5031 7018 5391 3537 4401 7349 9686 2327 4667 4861 350
232 2720 9344 3106 2 8484 1252 4199 2153 8251 4209 4723 2806 3959 4859 1884 1823
233 7296 2533 4134 5863 2152 8814 9839 3758 1745 465 1107 9620 1683 3253 1204 4442 8733 1246 8543
234 6786 6724 1289 1802 1037 1518 9968 8817 3058 1138 5715 2134 569 1310 1439
235 2 2756 6629 4326 6472 777 5485 9007 9968 5522 3990 8406 5882 8188 7357
236 1185 1476 741 9151 1703 873 4490 2058 2698 406 4568 6137 8634 5917 6718 1081
237 8352 963 259 965 4587 6859 2861 6635 6895 6705 5138 691 2962 149 2904 3066 4155 2204 5885
238 5006 1171 6292 674 2341 9893 4912 6196 8632 1339 6526 1734 9930 2639 5968 79 8787 5715 7509 4314 3047 5098 2539 5997 4334 3454
239 1986 8130 4964 8134 6666 7179 3758 2447 6096 594 8915 9043 7830 5143 6396 8125
240 5889 7652 6949 8392 1834 8687 9296 4081 4082 2067 8274 2864 7446 5458 8568 5715 7930
241 2176 1058 2 2244 7077 6503 1306 4272 4752 3089 2962 5492 855 4409 5498 9371 8669 382
242 1793 6844 1956 2565 7398 935 3756 5357 1133 1039 8208 9842 854 5404 7997
243 130 1795 2064 1430 5913 5531 1572 3628 2483 7477 321 5318 1737 79 7254 4828 7400 749 2290 6258 1784 1913
244 3842 4995 5899 7436 1805 6286 529 8601 3877 935 1849 9533 5695 5964 78 3662 6737 3032 1625 739 9461 2426 2683 4348
245 1692 6724 1893 3877 519 9192 9513 860 2121 2962 6871 4540 3707 9883 7549 1054 7007
246 6528 512 321 1125 4166 807 4616 6889 8426 2123 427 8205 6285 935 5970 2962 1909 7350 5052
247 321 2 7651 8199 5288 9339 79 3218 5715 2356 4312 5402 6619 3870
248 7906 3875 2244 1668 1767 8874 4012 4338 7699 4180 6005 3541 1524 4216 4789 698 2238
249 4035 9541 1125 79 7883 780 4749 9390 7119 7864 6961 8882 3731 6388 9968 2294 7734 8856 5021 1855
250 3461 935 4199 4394 1836 7662 3216 2962 5715 4855 9784 729 7035 8671
251 9313 4546 130 4964 3044 518 9831 5288 8423 321 8845 1167 4817 4467 3191 6106 2652
252 5636 8057 8901 3784 9738 650 1997 5307 8943 8337 5074 2643 9396 1398 1593 5467 5661
253 5507 1668 775 6925 2962 1043 7828 7829 789 6812 1446 300 9907 5307 6333 3012 8264 8396 7037 3032 9968 7153 5243 5501
254 6560 954 257 3521 259 9383 9673 745 4395 7376 1304 4985 7994
255 2240 7234 1668 4328 4265 7306 4204 847 79 3730 8158 3032 9533 8764 4765 8510
256 7744 1794 8166 2151 7304 7913 3341 1903 79 5715 9557 7253 439 5175 5301 989
257 5762 1891 5219 9669 3654 5095 5412 9293 7791 7199 917 4758 1206 6453 4953 7930 4796 7741 9822 671
258 9025 6338 9219 4472 321 3878 9958 5867 5132 2962 3283 7699 9847 2008 7162 2555 6109 4607
259 8985 6044 4765 8994 3877 5757 8489 427 1842 2488 325 72 7883 4431 7633 4439 730 5880 4860 8829 2687
260 2 1668 4491 3982 2962 411 7708 8996 4901 6827 4418 7111 5452 6224 7762 84 9570 3051 2670 2679 6141 2303
261 7131 5063 4967 9033 1706 2923 9612 9261 5326 9003 5264 7762 9972 4870 1785 8506 8763 3357 8062
262 9464 321 2240 2755 2 7784 4905 5738 8747 4234 173 4819 2643 4213 3637 5368 6938 4891
263 7520 5442 2 7268 5509 7652 4199 7400 2320 3832 7447 2328 2009 5210 7036 7320
264 3553 4770 3836 2565 5445 3207 5767 6761 935 301 2798 4717 8913 3473 5715 756 7413 2746 2555 7420
265 9472 866 1629 8005 8359 6123 2352 2674 3379 5748 6645 6967 2968 8733 830
266 9566 9026 5445 5446 5896 4268 366 79 1711 2288 2962 2547 4759 2264 9851 9244 3101 6590
267 9728 321 2341 6121 9546 7979 4330 4493 4531 8053 3573 6807 9086 479
268 7907 7973 2502 3709 2347 5695 4048 5715 9013 5848 2555 7261 4511
269 2701 3607 6432 675 2598 7979 9265 3386 8768 7754 6731 979 1878 3543 9571 1637 5228 5869 7023 9848 1277
270 6370 7652 9957 7046 5639 9479 9861 2407 5387 4172 4457 6827 9903 6961 8785 979 8052 1717 3578 574
271 512 4066 2683 5962 6636 6028 2670 4145 2674 1778 9374 501 6005 9783 7736 1657 4341 7387 8061 5662
272 6538 8342 1942 6938 1435 3098 9371 1057 6437 7975 7852 3894 5437 9545 79 7508 7513 1255 489 1142 248
273 5385 5258 4497 6178 7590 8493 9007 3135 8130 70 6214 6216 9037 7767 7517 3810 1381 2923 6253 9453 9584 7153 9463
274 2177 6982 9642 5643 3948 3852 7120 1498 5810 403 7666 951 4630 5206 7732 3386 6204
275 9123 5924 8005 2662 8071 7625 7885 4654 8590 6030 2288 2962 2643 5238 6295 8828 9533
276 6020 7398 6919 8809 8105 6508 9779 4436 5396 6613 9279 6846 767
277 2240 1604 7652 3975 5783 3113 2698 523 6476 4749 1357 1261 7856 6289 2288 1845 8119 6008 7162 27
278 8417 2147 4645 8005 6216 7880 2475 6732 8653 5838 79 6096 3859 6419 9397 2236 479
279 2208 2401 3490 6691 7018 6635 2924 4364 1230 15 8431 7312 6674 6770 5715 4823 5401 2970 4799
280 6625 321 100 6021 3174 8229 5867 5805 2766 9968 8433 6737 6482 7153 4889 9177 123
281 3587 4996 4485 2502 9226 7151 8431 7162 5723 7004 2782 2239
282 1280 6084 1191 3163 5260 9839 6545 8979 8659 9395 9301 7130 9533 9724 8509 9598
283 1987 5124 7652 4839 6088 8361 1738 4489 2441 5805 935 1040 6967 7864 8249
284 7523 5412 6629 8134 263 1893 1227 7883 2065 9619 5715 3638 124 7517 8062
285 1411 6174 671 5410 3234 5413 9896 1066 2989 4537 9533 1343 4035 9544 4170 79 4176 7762 4312 732 6244 7274 5359
286 9955 8900 732 8766 3144 2986 2635 6892 9263 6960 3954 2643 979 9848 8666 6172 4189 3710
287 2 3043 5604 326 4967 6827 9069 3982 1647 4721 8889 2676 21 2555 2841 6522 8121 9214
288 7362 5090 70 2908 8711 9688 8778 8719 5458 5299 6644 8476 9270 7896 4377 5340 2813
289 2624 1058 6596 933 935 2056 74 2986 3436 6127 5848 8049 5297 9968 3830 2296
290 321 7138 5507 7652 8263 7049 3084 8716 5678 2448 6416 2288 9427 9910 6551 1622 7099 1695
291 7969 8994 4515 8198 1383 638 7661 5678 8912 753 8722 9139 5563 6709 6613 5211 4701 1598
292 608 3074 5283 6404 230 6534 4040 3148 9903 241 5777 9363 2962 9270 2071 3293
293 9793 7428 1701 8838 7652 7240 9007 2128 79 4850 1299 7699 1496 412 4346 1883 476 5694 1759
294 9379 2052 5574 9414 8583 3239 5514 2986 6638 4050 9426 6230 6778 2682 4511
295 8320 8162 6947 7652 7528 9192 9834 7279 8848 4561 9658 787 4469 8343 5722
296 9761 8609 5862 4810 5259 8363 6443 5740 9930 4082 4210 4020 1270 3894 5946 6044 3005 3518
297 418 2 7591 9608 2152 2890 4108 9848 7566 5519 3758 2288 9107 2135 9049 4345 8439 9118 8863
298 4225 5082 7205 1125 5543 4071 9162 7500 6797 1776 3922 7923 8277 7285 1557 4890 764 8830
299 2945 2818 3459 1668 321 1958 4199 2216 745 9451 6060 4749 8812 2419 9811 9075 1879 183 7675 3487
300 6081 2337 321 1637 1766 8998 9608 8431 7248 2864 4020 7864 6874 1567
301 7456 2240 1479 5769 3163 6699 6319 6191 4881 2895 9903 9107 1429 566 2423 7674 6459 7870
302 8193 4898 1282 4385 5916 5735 4423 8967 3146 271 1905 5715 757 1429 917 4920 3193 1178 2780
303 2240 3522 4035 9572 2951 5831 5643 1004 6796 5678 3313 1137 8436 6423 5848 4570
304 7968 1441 2050 9955 2468 4035 2 2240 1160 3944 3626 1610 588 5715 5748 2069 3639 5339 9244 5182
305 4161 228 6151 3688 1191 9356 8716 5198 979 9076 1846 183 6235 4957
306 6297 8259 2 8325 4075 7852 7820 5646 8716 79 1393 6613 949 9945 9658 4701 5598 3103
307 480 3233 4546 5668 6953 938 8426 4620 4656 5840 4020 5175 5048 7355 574
308 6818 9732 7652 904 840 8648 3720 717 3982 1774 1744 7697 9301 1750 5880 2331 541
309 7684 2077 6429 420 935 3243 5935 7861 6717 9410 8775 6601 8906 3407 79 3153 6226 7762 9940 6360 9820 8293 1780
310 1473 321 9987 8901 9672 8072 4592 569 1691 6879
311 321 6882 3074 7148 7950 496 6033 3504 6259 979 5780 6613 2231 5715 1817 7002 2962 3103 2431
312 4931 7044 1668 7336 8393 4841 7179 8685 4849 7474 1235 3893 6682 7709 8863
313 7104 4985 9667 8932 5447 2474 6603 268 6349 7949 7120 2481 8978 7762 2165 9143 7769 6270
314 2 4472 6121 8299 2475 9773 142 3981 8690 5715 3636 4180 6742 8982 4888
315 3297 7202 5154 8994 2 3401 4459 4971 4399 4304 7759 8431 8183 1108 2555 8759 5880 731 8471 927
316 9095 9802 6698 972 4813 9325 9918 2327 3218 9812 3738 538 6044 5054
317 4352 4585 5932 6236 5681 2290 4019 180 6997 6454 1081 2651 5116 8990
318 5344 3266 5412 7717 7590 935 425 5805 9244 6077 7153 2899 4180 5111 7960 9533 6556 2077 2175
319 6265 6465 2692 6027 7053 9968 7954 2962 9945 8212 7255 6487 4409 1819 2073
320 3201 1668 7949 910 2962 8212 3861 4117 5912 4894 7456 8994 4528 560 3400 4173 6613 4825 745 5866 4203 7153 6390 6520
321 7649 2274 5762 2565 2342 2615 5416 7656 9578 1260 9906 6258 2102 5655 6456 9942 3894 9147 733
322 3490 8006 5065 1338 8559 79 4633 6746 1693 2461
323 321 8326 8632 3336 3434 8491 4460 1933 3788 3759 5838 427 8532 3829 246 7064 761
324 6720 321 6980 5124 6949 7652 2794 6026 4362 5898 5358 843 7664 7153 2450 7540 5717 1848 6492 2429
325 4227 5253 3782 8904 8233 652 3609 79 1298 1078 1399 3449 2652 9374 7647
326 6560 3074 7671 4264 3272 6921 6440 8844 9485 9805 496 1236 7732 6679 7096 3579 8125 3038
327 5762 7 399 2962 7188 5276 5797 421 1983 6471 5715 2900 5848 7652 1382 1895 2412 5748 2679 9464 511
328 7296 3074 2148 4901 4012 238 1039 144 5487 2864 7443 1487 148 3251 2839 9968 6938 9244
329 1668 5254 2569 4878 6287 3347 8599 1443 3125 6843 8893 2121 6731 79 2645 4565 4311 9049 2159 2288 3443
330 3936 8610 8420 5862 4999 8232 937 5066 9129 4199 5070 366 1424 980 7896 6938
331 1986 4932 6791 6280 1608 8043 2412 1548 9196 7791 1361 465 6869 2357 7320 3836 4509
332 4642 36 5957 2155 3820 9515 2256 5106 5715 4532 1460 6134 4983 5880 7737 3452 5566
333 960 4446 5569 1670 5996 5999 2479 9872 4530 4527 3254 4343 8633 6270 4475 3836 9086
334 9952 129 2 7011 3012 1095 1322 8491 7629 4335 9007 4093 7858 3315 5715 6613 5688 3513 8348 5821
335 2661 583 8394 1930 2700 5807 721 8916 2392 2650 9244 5021 1502
336 2753 6178 9827 9316 7365 2 5415 1706 1931 8848 1169 3992 4443 4088 5342
337 5824 1827 2653 4517 1125 295 6088 7112 935 9132 9005 5848 4434 9842 6008 1238 3448 155 2109
338 7136 4161 4578 9669 6342 1534 3114 6410 2188 6090 9898 79 8284 3102 3903
339 2 7652 4838 4777 2058 8235 5290 3498 7546 4471 1880 4249 1210 2013 9119
340 4993 2820 3941 9831 427 1900 8491 1072 7153 498 7731 4469 1086 8826 4765 6558
341 8224 3233 5795 2244 5662 7742 2633 553 7880 6380 2896 338 7794 7732 1938 9592 1790
342 4928 9666 4323 2563 2339 6327 8560 2967 4499 7699 2390 9398 1305 7867 6365
343 321 6471 7658 8910 527 9905 2578 2962 9972 6773 3577 7450 6938 9018
344 7074 1250 1668 8134 6537 3339 2252 5997 9645 717 1871 5548 5458 6739 5908 4628 4916 7227 8093 1055
345 9223 271 2194 4884 3237 678 682 8876 8367 951 7864 5306 4923 2240 9665 9940 6487 8794 346 102 5880
346 7939 4234 9848 1807 8722 6567 2858 3500 9778 8628 8117 7105 4819 8154 4958 3039 5104 3955 5880 7290 6525
347 3877 4199 5576 2506 2412 2413 5422 17 3441 7699 6933 9784 6328 2366
348 8993 6370 6084 69 199 329 4362 7020 9905 9938 7602 7729 4081 3159 6778 7483 3932 4767
349 7968 6305 2 3620 4261 8644 7652 9995 8140 1005 1870 238 79 9393 2993 5651 7448 2363 6748
350 2 323 3012 8997 2535 935 3519 2378 9129 1260 4941 4111 2704 9075 5715 2005 7703 2295 1631
351 3232 7969 3782 6088 4680 3754 8075 5837 79 3729 7700 5333 5337 4923
352 439 5793 8135 200 9257 5642 1034 716 9290 3371 4015 251 3409 6482 308 343 3704 2263 6875 922
353 3936 9313 8354 2629 709 359 2121 1707 4429 1807 7055 5457 6067 6196 9973 9780 183 9658 3228
354 3936 321 1666 9988 6692 775 2376 9418 6349 8942 5232 6801 2288 5844 4760 3290 3707 7036
355 1952 6170 6692 1798 2285 9264 9908 8980 661 8948 3444 6265 2555 3099 9533 5055
356 4640 2 1635 3972 9253 1316 2282 3914 3437 3376 7505 6482 5715 1116 9181
357 7393 3074 3877 3013 4429 6127 9872 3698 6066 9842 2741 9013 6613 2808 8345 6938 6237 8606
358 7553 1923 4451 9445 3012 1543 5831 9834 3658 6668 9325 7659 2013 2962 247 5401 8156 9917 604
359 2880 2240 2 2500 3012 9990 4759 7402 9195 1611 7852 855 7119 8848 369 7120 427 8406 4375 8188
360 9248 3841 6945 3543 326 6376 7177 1290 2314 9307 2571 7095 9842 340 8149 9206 1524 6458 9275 5660
361 7842 5443 8611 9991 2729 3433 2185 9132 4684 79 368 8825 8114 6963 8980 9968 5878 8854 2137 4222
362 5793 1154 3521 9286 6438 4200 7689 8328 5162 8268 8461 774 8812 688 2986 4340 6613 2207
363 2240 3777 9349 7142 7659 491 8877 4269 9007 1041 6003 6804 2389 8883 6451 2205 7967
364 4230 8078 2452 7446 8617 425 2608 3376 6196 3192 9795 2629 2255 79 4575 865 9829 742 8808 6134 9848
365 577 5762 1731 8644 645 6061 1934 3793 5682 3987 8537 859 5374 6494
366 5729 546 9987 2114 5062 5095 9480 9994 4363 3020 5648 2962 9875 3125 2870 1149 286 2847
367 3296 3073 3074 8387 2500 9701 7494 510 9733 2240 8491 7055 3743 5466 2555 732 4925 7902 2303
368 9217 9060 1559 8872 5263 4591 5650 6258 5716 5783 9688 1721 1498 27 5597
369 4227 4995 3012 8387 3753 5547 6093 79 5905 7666 7697 5269 246 2327 7512 3161
370 2402 2756 1957 5030 1095 2024 7481 4971 238 2032 9554 4659 1945 6491 3230
371 3479 3552 4870 8 7176 2539 2795 8125 3827 3796 4727 8635 381 5055
372 1376 2433 2240 9187 6537 493 751 2705 5459 5620 8854 3894 2521 5694 9407
373 2 8958 6030 9374 3231 3376 1456 1075 2743 5840 2942 4440 3807 9952 5605 7787 5744 7153 2555 8830 9087
374 9623 929 6374 8425 9322 8841 3371 9065 6543 5199 1999 6738 7763 3379 2005 1105 7383 7706 8863
375 7424 8855 3224 8986 8092 1702 9129 4022 1206 1465 4418 454 1744 7762 4311 8796 5984 4199 9837 1393 8690
376 2209 1826 3683 2981 5031 1223 7271 5161 1611 935 1168 1299 5911 3769 5756 3262
377 1857 9250 8513 3013 7110 9415 2986 5772 1261 690 2962 3798 8406 7385 479
378 1536 5313 8418 1571 6691 5502 3207 9162 4268 7405 3758 4492 6320 4502 184 699 5790 5695
379 9248 5734 5767 1449 780 8721 2451 9171 7571 9816 9787 1467 3612 5535
380 7809 5441 1028 8612 6536 4937 6956 719 400 7599 4784 5715 5848 7420 958
381 3936 4737 6178 1379 8134 9384 7752 6058 6121 3944 9545 427 5617 5777 2962 7764 5657 4222 863
382 5824 705 7108 5671 3018 3179 9646 7759 4176 3474 979 277 8951 4920 8794 1596
383 768 6691 8452 2918 7526 8008 3004 6538 9521 7186 3635 7153 6972 9310
384 4896 9729 9505 5507 6945 6661 1984 5412 9129 6442 6938 2288 7857 3033 5146 4411 9180
385 7681 2 5893 4742 3089 6938 5277 5026 1956 6827 427 3635 9270 1979 2881 6977 6855 3018 9805 7118 985 5854 3817 3827 8062
386 8992 321 3074 3077 6664 1673 1421 8336 1137 9968 1107 5715 4341 5750 5148 8733
387 2240 6327 7429 3750 3078 3272 4041 3012 79 7251 6579 2901 1879 9496 3161 4858 2555 9023
388 6816 7299 4678 1031 1643 9996 4814 6547 5653 9244 8062
389 6500 9861 9671 6728 4199 1131 6443 816 6897 4562 1657 7125 6777 794 8507
390 3549 7968 7586 4352 321 935 3528 5194 8076 461 1037 109 4844 9777 499 2555 7549 7358 4479
391 9852 2081 2115 6153 4809 2383 7759 2962 5076 3125 1238 984 600 8216 9403 3516
392 4289 9155 6692 741 7429 7207 3240 8523 3564 333 8043 2704 7890 4340 151 9688 7517 5214 8639
393 4385 4455 1899 9229 3758 3790 79 4434 9010 5781 6710 729 380 4829
394 1152 4385 5922 4961 1572 3877 6824 9545 5775 1551 2034 2643 91 2430 1375
395 2912 4705 6402 7427 7809 321 2340 4619 9326 9968 4958 5524 3006 1788 6302
396 9728 5762 5606 3467 1038 2991 7792 527 2480 79 821 6101 5784 4126
397 5537 2 9443 1029 5064 5260 1869 5709 9934 7184 4151 5848 2425 3580 8255
398 1696 5728 1505 2240 8388 5051 3944 1068 3885 7247 79 8148 6869 887 8345 4314 2619 5341 8479
399 8064 5775 2962 8599 8609 6824 5804 6576 8375 9404 702 8897 2253 7120 9440 354 6631 9065 3434 7413 1916
400 2 1668 3465 272 5406 4773 1580 4534 8513 9545 2389 7893 2902 6613 8025 731 6875 5344 7652 9829 4590
401 4416 647 1256 9994 5905 6356 2804 8342 1172 3894 8441 602 2555 6973 8510 8575
402 4449 8995 4324 4004 5764 9927 2698 3242 4237 3278 79 2288 3602 2962 2645 7413 9720 3097 827 8092
403 8834 2 3364 4710 3655 8039 364 8559 3409 9586 2611 5522 7989 2962 3384 8090
404 8387 7710 9768 5449 875 9708 7019 2288 1727 6964 9268 4567 5465 4314 829 1534 5119
405 2658 8003 4388 5445 9064 6538 6795 9132 7403 4878 7949 208 3509 1110 6613 8633 9244 3647
406 2240 6178 5379 9318 680 137 2090 3758 2639 9199 2742 1527 7673 8922 2874
407 2240 1697 8643 4516 9731 7684 9066 2316 4141 6577 9204 4859
408 64 865 450 9059 548 6147 9669 647 6378 4684 5073 9107 1755 6013
409 1092 7909 8711 9545 745 5838 2705 978 3795 5365 8086 3190 8664 2555 3098 1563 9533 4638
410 2818 8164 1668 3560 1800 4664 9244 8411 8431 9808 7601 6226 4533 1398 2555 1944 7003 1500
411 6952 4457 5338 1131 9901 3982 3375 9007 4658 2962 8406 9978 8381 6078 2303
412 6816 3809 9282 227 2433 6502 2215 4199 5390 2255 2350 9230 5715 4501 8822 1692 9533
413 1668 8325 6021 10 395 6938 8994 7599 2240 6479 3539 2269 2153 5359 1265 8051 1525 2040 2809 7932 1663
414 6082 8644 3719 5064 1737 138 4970 1741 7662 8527 9968 3985 2897 7153 407 185 3290 3836 221
415 3744 2240 7874 6883 2980 4452 7044 8649 458 6731 780 6827 4558 6290 7699 5748 5847 5534 2943
416 2272 9953 321 8387 1764 1575 2701 3343 1073 6545 5340 949 8661 6551 8662 5564 8125
417 2176 9731 7302 8844 4238 3732 8213 790 5925 3497 9649 4281 4025 4040 713 5706 79 7120 2910 873 8043 7664 6270
418 8672 5409 3269 7303 9737 2426 9617 4531 2036 4787 7669 3543 9816 7739 5562 6523
419 8736 2240 8898 3074 7652 2794 6827 4714 9488 2962 3059 9171 9842 9558 1462 2104 3897 6938 6622
420 2 1668 7687 7689 5643 4751 2454 2711 8728 2073 9119 3376 6714 4286 7618 76 3292 3553 1252 2155 7280 3839
421 7521 7297 1188 5221 8260 1608 9033 3562 1173 1142 5207 8343 8470 6938
422 1952 321 5863 1223 6409 8202 1738 7116 2121 9327 5392 8209 6134 2167 763 4797 9182
423 1668 2344 3432 3788 9196 8367 5072 79 9619 5715 8565 4533 8981 4792 4121
424 6689 5890 3586 4899 3205 1668 7375 8048 7762 7699 6613 7990 5655 4311 6938 732
425 417 4522 8398 6095 1981 2962 6867 7699 1846 1238 184 1178 1627 2973 926 9695
426 8994 613 5413 69 2341 3113 7949 8590 3215 8559 6141 274 238 276 9493 79 8183 3001 921 2397
427 8096 2240 2690 7876 550 6600 2472 6604 6415 5715 6100 6742 8470 6232 1851 5020 2685
428 6148 2573 3982 5140 9493 1058 8612 9385 1964 9653 4542 5962 6101 2392 2394 2784 5608 5099 247 4985 6778
429 1889 7652 263 6536 9101 6031 8431 5361 786 6901 1722 6716
430 4606 2340 9007 7740 9533 3012 79 2387 3543 8921 5084 7266 9956 5989 1383 3179 1004 876 5751 6396 126
431 5378 2962 4372 7452 5404 3877 427 7476 8373 9277 9537 7755 4179 468 3795 7126 9436 863 2555 3580 1150
432 6500 7943 3880 2313 8137 6665 935 2155 7438 7920 7569 3219 6547 565 2999 5880 669 2462 8831
433 4865 6049 7715 7463 5322 8491 7852 974 6030 6258 3571 2868 2643 3638 8567 6171 8700
434 7968 3490 355 5032 7593 7626 7997 155 2989 8269 8815 7154 4531 7699 8599 826 9339 5085
435 9123 4035 5862 6925 5486 3310 79 3089 9171 3316 9399 9848 9561 7997 6686
436 3968 4001 1859 4765 1895 2313 1489 9139 5523 2679 1720 185 5533 4127
437 4289 8098 6915 4069 8517 3735 7561 3307 110 9103 238 977 1405 5620 790 7895 9404 5341
438 4834 1956 2373 3013 968 7560 4523 5676 9452 9070 5970 4595 2962 952 6937
439 9990 2570 8365 9244 175 79 2932 4725 4919 3800 1145 3642 347 3770 2264 4479
440 2368 1728 2209 2 3396 5959 4619 2892 1229 5904 6641 80 7120 6676 5173 2962 1337 4415
441 1984 7709 771 452 2116 3814 3463 5670 5103 6035 339 4883 7861 4887 6100 3932 2045 9822
442 2785 294 9446 7144 5063 2409 1899 8300 7949 2992 2288 2676 1401 6876 6270 7167
443 7043 6980 777 3753 2572 5101 4044 1140 6488 9724 5694 5151
444 387 8722 4901 9642 2227 3511 6712 441 1984 4932 5962 7883 2892 8787 5715 3032 9438 1121 8561 5748 9589 6391 5496
445 9347 5540 4901 5286 2790 9928 4170 9230 9007 4976 5137 498 6099 1139 79 6840 6557 7615
446 3973 710 6055 8263 204 7948 5358 2288 1077 634 2776 1754
447 9091 1159 10 5771 3854 6938 2340 5412 8491 3633 3522 8643 1352 2121 5962 5587 729 9823 376 374 9848 249
448 3936 4385 771 1668 7429 8830 3947 6827 9712 1460 3797 5462 5748 6264 5177 8506 3483 1245 3294
449 5249 5762 5507 259 2962 7700 4377 7207 4391 9770 7856 2240 837 5194 4173 79 7652 7662 1134 7537 1139 3836 4991
450 800 1889 9825 8265 3594 1515 7177 1546 2158 842 9677 5677 2357 248 2681 3103 8414 7710 1631
451 4384 4802 4408 3141 9734 5863 4647 9991 3724 780 1134 6194 2962 6932 7413 3926 4151 4600 3836 1117
452 5792 8352 1216 321 6908 549 6150 5510 9252 6891 8235 8883 9493 4151 2394 4252 1501
453 6977 7841 865 3753 7146 975 1648 4209 4029 7571 4377 3357 4571 9277
454 6275 584 329 5578 4363 5962 9358 7347 8981 1653 4311 4088
455 5826 5379 837 1031 8428 7854 6098 767 3636 8051 7674 8155 8700 4799
456 2240 3137 2433 2723 3877 8710 5255 8456 841 5498 6773 4890 3835 5628 6239
457 3427 5446 1416 447 9930 2986 4172 5519 6141 4274 4531 2110 4569 7291 8509 2622 5183
458 8064 2810 4646 7335 2121 9034 3756 3228 1843 8180 5717 9075 2327 5818 5628 1086
459 1377 8289 8130 6820 3876 7077 3495 6953 2121 9676 8140 8014 9007 9136 5329 5299 7059 5175 7481 6875
460 6400 901 5383 2569 511 3984 2962 2836 4385 6692 8104 2601 9645 7987 1206 1605 5321 2902 7780 5478 4079 4215 7928 7293 5503
461 8579 391 3847 783 2962 2327 8994 1058 1453 4909 1463 6074 3399 8651 5848 732 3046 8679 5351 3686 2288 3320
462 8198 12 3982 2199 7193 7706 670 8744 552 8491 427 3896 1480 205 979 480 3936 9060 871 1769 8183 3836
463 2818 5155 6178 2277 5414 7431 3560 2120 3370 3012 8908 9775 79 5715 3287 2106 7709 8414 31
464 8860 6881 9347 5412 6266 7736 8812 3725 3982 945 6739 7764 7254 8508 9848 6874 796 572
465 1057 6243 9124 5222 4871 8295 1607 7622 3886 911 5043 5845 7511
466 7904 1090 8323 2212 2341 7204 8362 2666 9579 3085 5933 79 6896 692 1078 2104 7710
467 3009 6882 8289 8228 5921 6980 9191 8392 2727 267 6060 4336 912 1367 8248 4953 7065 6139 9215
468 1762 4258 8164 5636 8294 8583 2792 3113 9738 4043 8227 9444 6707 5715 7732 4471 8281 5468 8671
469 2240 193 8129 1027 9465 5064 305 8946 4851 2962 6327 4920 6009 6591
470 3810 9698 483 2021 3012 1895 2634 1038 721 5778 9842
471 6913 3170 3938 5507 7709 8134 5065 7913 1641 3023 6965 3510 8503 8986 7229 3134
472 535 2629 9862 3012 1608 1544 1066 1641 7240 6605 1256 8879 6096 1680 139 2327 380 5951
473 7840 8994 1668 8106 8075 9260 79 2193 7475 9940 8627 5715 7735 6613 6458 5436 5597 1343
474 6080 4802 611 132 8135 1353 5290 745 2034 1331 7253 4790 3541
475 3584 4865 5409 2240 321 4773 3366 9224 427 5580 9710 5679 9936 79 2802 8661 9334 2615 8986 7549
476 5925 166 713 2442 4823 5962 7181 3101 7602 3508 2962 2326 6711 7864 25 3196 6045 1534
477 1986 2692 7620 3433 7466 6410 2221 8365 3982 6968 6297 1821
478 737 8994 7267 6470 5656 6698 5322 4044 5806 8958 2832 2296 2555 4253 414 6430
479 3074 771 2372 8168 4009 3528 749 205 9244 7889 9299 4566 6999 6390 3830 4507 3068 8125 6527
480 7296 7041 1858 2240 1668 9769 8526 7056 6994 2036 2484 9784 7357 9854
481 321 7332 7365 5412 1668 6666 3118 7406 8880 7986 9779 2962 6933 4021 7732 1080 9146 7550
482 2 1734 3687 5322 1579 1582 4110 3857 5202 3251 3155 6803 3702 1847 8121 5338 2555 9533 5214
483 6913 3489 3012 7652 3207 3080 7784 7338 7176 9294 847 9394 9842 5845 7480 3674 8925
484 4896 321 1090 6044 3469 1103 5010 3155 949 1557 632 1852 2845 2686 6975
485 9216 1408 448 7971 4612 3045 1476 1287 4552 8968 8293 427 321 244 6101 9272 8953 5754 7709
486 3584 4358 4360 6161 8466 412 2595 8745 6338 4172 5201 5715 2005 8406 1496 7257 2651 7647 367 2543 3570
487 7296 2240 9893 9671 1607 2986 3883 1868 3501 1007 496 2801 2962 3155 1653 8668 252 8541 4543
488 2 420 1862 1510 4936 3177 8744 6886 5899 6574 3023 6290 6163 4223
489 8320 6115 7652 3431 6921 6858 1815 9901 7374 9968 1010 2962 9462 470 2072 9115
490 673 321 8675 8387 3783 4076 9069 8622 1613 4626 1331 7762 3285 6808 473 3930 9533 444 8189
491 6048 9345 7650 7575 3012 7736 7499 6572 9548 3825 1745 5267 2897 9239 984 5151
492 9697 8994 7266 1668 3659 6284 1790 4910 6096 6066 3987 4990 3509 4278 6487 7285 2962 190
493 8578 2 9703 521 5707 7883 7952 6353 3894 1240 2265 5274 6523 5532 8285
494 8801 4642 9729 5863 8487 7146 2892 5590 599 8281 183
495 1482 8043 3308 8332 7438 6938 8491 5841 9970 4787 2229 9878 663 9717 5525 9562 5115 5404 4341 159
496 640 9093 4712 5193 2506 5130 4060 1070 3950 3249 7250 6258 9842 5656 5434 5372 2559
497 259 1798 1289 9998 7446 4377 8601 4647 9129 1077 4534 4033 2242 6980 6983 9930 973 79 7133 5471 6244 3948 5998 3696 9968 7153 5492 2555
498 545 8930 99 1572 4838 3783 7725 1614 6713 2704 5880 6228 4855 3800 281 7802 4699 6141 4479
499 6210 130 9858 2 4198 3144 6073 7485 6224 1625 6130 9554 9007 8725 79 7705 2426 8123 8029
