100
0 5381 7559 2442 2315 1783 8084 791 2200 6041 4247 8987 796 7453 8734 3368 4265 7211 8112 7987 2357 7478 9789 7871 576 5184 6848 9921 2889 2890 2640 4433 7251 2815 9942 1884 6369 6241 7677 8549 8437 5238 246 6653 9727
1 9601 3330 8834 8709 9733 3209 3339 3852 3980 1678 5772 1425 6289 6807 3360 8995 7087 1214 4160 199 9929 7117 4562 9819 9188 6247 2024 8171 622 4207 4081 757 4598 4086 8062
2 1671 2829 4373 8854 1431 6552 281 6556 5918 6431 9505 4514 934 6057 5291 8622 7342 5302 2358 8635 6844 8126 1344 2881 837 8520 6985 4687 7126 2653 4328 7016 6762 747 3316 2421 3961 126 380 4349 5758
3 2945 4227 2179 8710 2312 2188 2060 1039 7184 4626 404 1710 3887 5557 8887 4793 6074 7099 6972 316 8260 4168 2376 1737 7891 9178 5605 6505 2798 9454 3697 116 3832 4473 1402 9853
4 1920 9345 900 1161 7565 4241 7057 4626 6293 4502 3224 8861 5410 3747 1445 8101 553 7851 2862 5561 9657 3770 2114 8259 4036 6468 5066 4301 4430 1232 2513 7635 349 6494 3423 4190 8158 867 4453 7912 7279 5487 4978 3826
5 2436 5896 3849 138 9612 3984 5139 7573 284 797 1443 6826 5675 942 3375 8244 4919 3640 6075 4156 443 1343 9667 582 8527 6736 2255 5076 9556 859 1252 7396 5222 2920 3945 3435 8556 6253 5107 3447 8058
6 5760 900 1416 7433 2058 3723 3471 3859 3481 3610 2970 3869 5669 5288 7210 6190 6191 1713 4659 3136 7624 73 1226 5962 1496 2521 6490 1888 5862 362 4714 236 5614 3950 8049 2931 628 5619 5367 3195
7 9220 6662 902 2314 5515 5005 5774 3854 9102 6546 3988 6549 4373 8215 8089 6812 30 8356 8614 1834 7978 3756 9013 8630 5942 60 8768 8897 7494 1737 6729 7892 5205 214 3546 4188 3554 1894 4071 1897 9978
8 9092 1551 8719 5137 1935 7055 6049 6434 1829 933 4137 3882 5290 9134 9136 1075 3063 8630 955 5057 1474 5189 2118 5580 5324 7374 8528 7892 4820 6359 3292 8541 2402 2541 8048 8309 503 6136
9 4617 6925 9230 1807 7825 6056 9130 9644 1964 7725 6831 2808 1720 1725 1091 1222 7244 8268 9810 595 2643 2645 9814 2389 9559 860 9438 1502 3426 5860 3557 4966 1646 7919 3698 3443 5878 3448 9727
10 7560 6286 914 5523 6038 6682 5532 5918 7596 7981 46 689 8113 3891 3124 8133 2374 6858 2509 9302 8667 7004 6876 6751 4063 9311 9313 227 8936 6641 117 1913
11 7046 4877 6671 7055 6678 3223 3098 2721 5926 4266 4273 3633 311 6208 9668 8644 3909 5445 5064 9292 2894 9297 7640 731 5341 7774 9183 4193 1509 3174 6887 5350 9451 5230 371 4469 7799
12 1283 3333 6666 8080 4753 8849 3991 2072 922 2459 9628 7708 5285 6183 296 5034 6187 5554 9785 8378 8637 8514 6467 3782 1609 1994 8014 5332 4567 9434 868 2148 5997 7028 5108 4472 4602 1790
13 7557 3207 3209 1290 395 653 4237 1935 5648 9873 1941 1310 2720 7329 8358 295 171 8748 2225 6449 8884 6327 3256 1856 7877 5319 7240 2120 5835 9688 7398 4841 6251 2411 624 9072 1270 3710
14 784 3986 2712 6427 165 5287 8232 9001 6698 8237 4911 8766 9670 2376 1737 1614 9426 2646 2521 6873 3163 8923 4188 1246 7514 7781 8678 8805 8934 7529 613 4716 4591 2163 4471
15 9604 5253 5510 8458 6547 4503 3480 2457 4254 1066 2349 2351 7986 7348 6073 5946 954 4542 5438 7234 4422 6218 9290 4430 5980 1628 6623 5088 2529 3298 6373 9190 4329 119 3320 9469
16 9607 2700 4110 6038 6550 2843 540 2466 420 5926 9255 3754 1579 3756 7343 9394 1076 5954 9540 9542 2431 6602 2814 2515 7767 7518 991 8937 5741 5102 7662 4469 9726 6015
17 3973 267 9875 915 6165 7448 2713 7450 6428 7849 4010 2219 7212 9518 2609 2617 4539 5051 9793 1222 5198 8656 7125 8285 1502 864 1382 102 1000 6122 3563 3436 6510 7923 2550 2680
18 6656 897 4740 7562 2316 8207 656 7827 3348 3607 922 6172 7197 7585 3106 5921 3878 5800 9513 3244 3756 1331 2999 2103 1081 6346 587 3788 5326 4438 222 8929 8933 3049 7275 1260 238 4849 2037 118 3709 3839
19 3073 4486 4102 7690 9611 9871 8975 2834 3097 801 419 5926 5800 3369 303 8113 7221 6967 9529 186 6590 1737 5579 5836 7376 9939 5459 6870 9562 5086 6754 9955 6883 6760 5868 5231 497 3572 9855
20 6913 5506 8707 7047 136 6920 4744 3467 7052 3975 9617 6035 7828 1048 281 6685 5150 2466 9253 5926 2220 6828 3244 4915 9144 569 443 5313 9409 3913 9673 9804 1228 2641 7254 2521 6620 367 6127 8948 5621 5110 6269 7678
21 2820 1669 1671 7947 7055 2454 9111 1693 3102 3231 6049 802 5921 5926 3368 4776 8747 2603 7085 2093 2092 5933 3505 9911 7226 58 6979 5061 4423 6601 5962 3926 220 6630 5608 7658 8556 8557 9457 3443 3064 7293 1278
22 9732 3466 4107 4234 3469 5397 5917 7198 2466 3362 1573 9517 7603 1847 6715 838 2772 4183 9305 730 7008 1889 1250 8163 3426 1634 2279 9320 7407 4475 9588 1398 9723
23 4740 1414 7177 9872 2580 3224 410 2843 5658 8218 7842 9135 7856 2935 2358 315 3007 4032 5443 2373 5190 5064 969 1737 6731 7117 8654 721 6865 8660 7252 1876 3290 9692 995 7540 3061 6006 2166 6008
24 5251 6917 8966 2826 1549 5262 914 1811 3480 3356 6685 5407 290 3492 9513 3498 943 4143 562 1332 2621 5057 6473 8906 9164 2127 5974 2138 7261 2270 2142 6370 4835 6373 7526 1513 2799 5615 3185 9074 501 633 8571 4861 3583
25 8450 7043 1796 7557 4486 3975 4109 14 2317 2573 8209 3602 3861 8342 6296 7449 666 8347 2329 1310 6560 4129 7074 2466 809 5676 6575 9272 1343 4544 199 7672 4171 2383 5200 4343 3166 6626 9187 9963 621 1263 5232 2679 8824 250
26 4609 7682 6936 8478 287 6307 554 8619 5803 7469 9013 5688 1343 8511 6983 1607 9929 968 78 3535 5073 5588 2905 7643 9821 2270 8417 7654 107 8557 1648 4979 9460 3318 5878
27 2560 5379 8708 5511 3975 3849 7306 8458 2319 4624 2067 2456 8347 28 162 6437 3111 5422 4785 1457 5691 8892 7997 8769 8898 6083 1869 206 9297 466 3412 8533 981 9178 8572 6242 6371 9957 9068 5869 5103 9968 9970 6260 9590 5367 1784 5628 7293 1790
28 5254 5128 7816 1290 5395 5141 7576 3869 9117 8607 4768 8992 3235 3496 8489 2730 8236 7984 49 8498 7347 7477 9270 1218 7367 6987 3026 7890 9813 8279 2136 9561 4058 2264 8811 2412 9709 9712 6776 7547 6652
29 2948 1671 4872 1290 7563 3084 8458 7055 9232 4497 9362 2454 3863 793 540 2590 554 6269 313 2618 7868 6337 6085 8903 9416 9801 4425 8912 9813 9302 5207 4183 8537 5334 4185 8158 1502 6502 5991 2544 6769 4598 5884 7933
30 3970 6020 2693 9605 1415 5509 6537 9 4756 7839 8480 5166 2095 7221 1976 6461 6468 7624 5961 5078 9048 4444 8799 4959 9311 5344 5736 9963 7534 9201 117 7158 9467
31 2177 2948 9094 4361 138 2829 9490 8980 2326 8479 9633 3237 1190 679 6318 5294 8114 6068 696 9152 66 835 3068 2256 9939 7636 468 5848 3033 9562 6364 5606 4966 7912 6256 5617 3961 9852
32 515 9350 1929 1165 7446 6935 4763 4636 7841 6435 2727 6567 684 5299 6325 6966 8759 9915 3774 5952 7750 9549 4174 2895 6228 3032 5466 5469 3936 8545 5857 742 1639 4201 496 3061 2684 1405
33 7564 2962 7319 3615 9377 2593 7207 9257 7088 7216 4786 948 950 1981 446 1856 7746 9542 9419 9549 9808 724 6357 2900 9942 8665 8286 4579 5861 1516 5868 5231 624 6775 761 9978 893
34 6791 2188 2446 1169 8977 7195 5659 2971 5662 9630 3869 5921 9258 5292 3632 7732 1077 2998 4919 5560 3512 9144 3896 4796 6590 2504 5961 330 8139 968 5962 6729 4945 6745 5850 4699 3948 9584 8306 4597 3323 8828 3453
35 900 6536 9865 3724 6669 9243 4133 9130 555 7595 1707 3374 1330 3891 2228 7858 1720 4029 5057 7747 7112 8649 6357 598 6366 7266 7013 4838 9702 3305 750 3578
36 7041 3202 6920 2441 1548 1040 915 8469 1302 9723 3483 4137 4267 43 8749 7090 5563 968 7242 6607 2384 1107 9943 2657 7550 3684 9578 9198 4975 2031 9971 244 9845 9850 9083 3838
37 8706 4104 1290 5260 8981 5526 3097 5658 2203 160 1057 2592 2848 8361 4010 6319 1849 3516 6208 6081 8134 5584 8916 9942 3416 2395 9052 9309 7007 6113 9827 996 5604 102 8551 1383 4708 8957
38 6144 642 7821 5779 276 7966 8868 1445 5548 8752 3255 6073 4155 1980 1597 7492 2245 199 6098 3928 9050 1371 4958 1631 95 483 2148 6117 6758 8933 4714 2667 9709 5486 2671 755 8955
39 4484 7942 5650 6165 3485 413 8223 6560 2722 9123 6179 2857 1203 9142 3642 6333 2242 6470 9799 6215 3400 2634 6219 1612 7624 602 4829 6366 6757 7529 8170 7147 1263 8572 5501
40 4995 3461 9862 9991 3087 3857 5653 1815 24 4247 5915 6561 548 6442 3501 6190 4398 173 6707 9915 5436 8641 9927 9544 3149 5328 3046 7025 7924 1148 3326 4735
41 9601 4737 4997 8453 2186 3979 784 8467 1174 8092 7585 162 4902 5926 7466 3247 47 3633 3122 4791 2616 6713 3902 9278 5440 5958 8646 6603 2382 1233 469 4954 992 3046 6502 2153 8179 2810
42 4481 7299 7685 5000 9097 8458 4891 3359 3232 8226 5676 9390 8367 5809 7986 9139 9523 6840 1723 7227 191 3520 3448 5447 5448 5974 1881 7258 7260 7133 6364 9955 9572 4839 6890 3692 6126 9711 750 9716 4344 6139
43 5124 2441 2961 149 5782 8216 9887 9249 3110 9514 9777 9651 2490 1597 708 8774 1737 9547 8140 8144 1872 3157 1496 2776 9183 8928 5345 7270 106 4203 8556 3828 1396 8826 375 7928 4214 2042 6527
44 6531 8452 6404 8711 8075 5519 9104 4371 2586 667 2719 4384 7585 3106 6691 5927 296 5297 5048 4287 7624 4809 3795 8155 8541 9828 8421 1894 4072 9193 2031 6129 5490 3827 6644 3697
45 7043 3844 1290 4363 1556 8858 667 6818 9890 3365 1958 1576 2348 1198 8112 9137 3633 7217 4657 6201 4794 8381 9541 9800 1227 3676 1632 737 359 2538 2540 5613 9966 8687 3057 2547 5237 1533
46 4997 3207 3464 3594 4883 6807 3097 5150 2846 4769 3874 547 4133 805 2479 1334 953 5177 3771 6724 7243 7502 6095 8526 2258 6612 5718 7012 7525 2536 5352 6764 6136 7801 9471
47 2052 4100 9743 4884 5653 1944 5533 9759 8352 6048 927 7585 3496 9002 2474 5167 9136 7226 2493 5314 4428 4301 7886 2384 4189 3810 8552 4074 3308 8814 7278 5358 7410 7421
48 388 8458 6157 5776 9361 1936 8860 4257 6319 6454 2486 3128 441 9915 8893 5696 2113 5312 7234 7624 9034 5072 6489 2906 9177 5851 5342 2911 4065 98 6369 1384 7145 7657 6390 4602 4604
49 2946 770 771 6018 3975 2568 3857 6290 8597 4759 6936 5536 3877 295 4913 1597 2256 5712 7508 853 4823 2014 9313 6242 1769 5997 5101 2418 7157 8695 4349 506 9469 3199
50 2433 7428 8199 136 8080 9745 7828 277 7829 7450 4251 4768 35 7588 1064 5931 3116 8367 8510 3394 7875 3397 2505 2890 2249 9546 87 4061 2149 8037 1512 8045 8302 1654 378
51 1921 1412 4998 4487 3591 8458 4363 1677 1679 1305 284 2076 4508 1698 1954 548 9510 1702 2473 4009 9001 6698 8493 435 693 4279 7224 954 3007 8133 4295 6729 3918 8528 4050 7899 1244 8556 3822 4464 3441 6525
52 1291 4108 3598 4497 8467 3734 4759 1944 153 5147 286 3231 1310 9378 3620 8230 2471 4011 1459 692 1717 5815 4923 4541 8509 5698 4291 9036 2139 6238 1888 9965 7538 3315 1784 6394
53 4352 4869 1680 5141 1820 1438 1055 9505 2986 1963 1838 3248 1713 4918 4153 6337 9543 6983 7242 6092 9164 4178 7634 2644 8662 7766 9185 3939 6246 7910 3561 9065 4714 4467 2293 4347 9726
54 7045 9608 6665 5897 5370 3092 20 9366 7835 2850 6052 6948 6950 426 1707 689 9137 4023 192 4039 1356 8655 2513 9425 6228 89 9051 5084 989 4573 1132 9839 8954 6140 8574
55 4992 3 3203 4614 1673 1802 2060 8717 7438 6927 7954 3220 6682 3616 6689 4644 6195 7351 8504 961 6849 6478 5716 2391 472 858 9435 6369 3686 1007 2672 7154 7284 2293
56 1152 6531 2694 3975 8206 9102 5398 9750 8603 673 6060 6834 6080 5441 9159 7624 2889 3402 6858 718 7247 3799 9817 986 5085 98 357 9063 6503 6887 1263 7671 9977 8571
57 6534 5638 9739 6155 2830 2577 2071 1816 7067 4255 1952 7340 3756 7731 3766 3006 6335 4290 4035 8900 4418 4165 3273 5450 2637 1233 7764 3797 225 99 3943 2153 7022 8559 6254 8945 3441 9715 1146 5499
58 8320 132 7046 3975 3849 9741 9487 1299 4506 2077 8478 1310 9120 7460 680 4776 3756 9527 1979 5307 3644 4155 1349 6729 5194 842 5964 4180 2009 2785 9058 7651 102 8809 9835 5871 3449 7935
59 896 2566 5382 3849 1162 6798 4111 2073 8858 4764 8477 2973 6944 5664 3106 8104 5168 6966 316 4541 5437 8381 2878 1213 1986 201 7882 7885 6607 8271 1745 7762 1236 2264 4825 603 485 5608 3310 9327 6399
60 9606 2825 7059 4246 3609 4762 1310 6820 5630 8359 5672 8751 7856 6197 9783 6203 7484 3645 1855 3007 8131 3780 4933 1991 4938 2256 1238 5848 1502 3427 9444 4970 7532 9709 6009 9470
61 7041 8332 7948 4751 7055 8594 30 799 674 3511 3896 8121 1341 8386 9923 1219 8520 7114 6219 6989 1614 8144 5079 4439 3036 9821 94 6496 4967 4591 4082 1531
62 4102 5511 9736 5002 4235 9485 9357 3475 9625 9118 415 5374 7334 8878 6841 9407 457 4170 1099 8139 8400 8144 3537 7124 8917 2007 862 2528 9440 9444 9713 6260 246 5497 6138 7678
63 2179 4102 3209 8458 1033 2316 8856 9632 290 6441 1460 2487 5176 6972 8392 8650 3019 4940 7115 8654 8142 86 5851 2397 5599 1121 2657 5095 9319 5865 9193 4593 4850 6899 6261 5621
64 8320 8193 4101 6664 5014 412 1951 7713 7460 4393 2091 3245 6449 2609 2995 1462 4023 9145 7744 3142 6983 1992 9161 8904 1745 5074 9555 4307 5720 732 4061 9565 867 2790 8294 8297 2922 7915 8937 4336 9595 8445
65 3722 1290 6413 7055 918 2200 3097 2459 3101 3102 8099 8356 3750 6313 4397 1201 3635 3389 3263 5183 5567 5700 2372 9414 1737 3274 1357 8912 2513 3413 2518 2646 4055 5595 7649 3682 2275 5864 5865 5866 8555 3689 3703 3450
66 2050 9474 386 2311 9609 8330 9100 7055 145 6551 3100 542 7461 5541 3109 3110 6955 9137 9524 6199 2744 3769 9658 3774 4032 5186 8518 6860 7244 1618 5843 595 8541 992 7139 101 7781 486 6376 9326 111 9332 506 1149
67 4482 6019 644 4486 1414 650 8714 2704 3728 7440 2459 3228 8734 6688 5669 4006 5926 6441 3629 6063 6191 7727 9142 9527 5944 5178 7869 9790 8256 7490 6084 5061 7239 1226 207 5587 3669 856 602 1766 5742 2683
68 6144 9986 4099 4997 1671 9866 8331 6542 5008 4626 7315 1687 2717 6950 7345 5554 9395 179 948 9528 318 3009 578 5705 9034 8526 7507 1876 6101 9686 6102 4959 9696 7138 2148 107 3437 9965 1394 9975 5499
69 8576 2311 5276 9885 2467 1572 9510 6452 3381 6269 7354 8378 1981 2495 5567 6337 9156 9544 9416 6223 5584 3542 4183 2264 5338 6237 6878 7136 3680 5603 4453 3047 9330 5750 636 3965 3198
70 5642 2187 8973 9487 656 3224 4509 1914 38 3623 1577 3498 7338 3244 6448 7860 5305 2239 7492 6858 1355 4053 7511 1752 1368 2777 2403 7015 3047 4587 8939 5101 8302 2293 7032 3834 6015
71 6533 9480 9483 5646 4366 1425 7826 2589 6429 8989 4900 3756 2227 2615 4920 8120 9786 1599 2625 2499 198 5577 2249 1356 333 591 7888 6481 8020 6228 7387 7908 5862 2153 2157 4592 3955 5368 1529 890
72 6144 6277 9990 1673 4876 5139 9492 6677 6038 4386 7971 2470 5926 8619 7851 7727 5810 6330 7746 707 8770 4036 327 7503 3536 7640 8153 4060 5986 3942 4716 9724 6909
73 5249 2435 5254 2184 2954 1934 30 544 289 9387 7854 2737 59 7870 7618 4167 1992 7626 3661 344 88 1629 7274 1900 2797 751 9204 9333 3446 1271 2681 2812 7166
74 4864 7822 3090 7188 7704 1305 8873 7850 6059 4024 1337 8508 2493 4928 7873 834 3651 5444 4035 8005 8775 710 6720 7364 715 8652 6347 7242 6481 8019 2007 3929 5723 5853 3677 4829 7264 2157 7922
75 6529 642 3720 5770 3726 4878 5520 7312 654 8727 7704 2079 163 5803 9006 5051 6862 5841 1751 728 4825 474 1115 5594 3934 4708 5477 4580 1001 4713 9193 1644 4714 8815 1264 4082 9078
76 6535 2824 8969 1802 9994 1167 2833 2705 9365 3097 1307 2334 2848 2853 2601 4666 9149 7489 8388 5446 6729 9547 4171 3662 7887 3792 4820 7127 9559 3040 4705 8556 5357 2287 1263 8817 5362 6769 4341 7669 6140
77 653 1936 4112 8213 1690 8602 7327 7457 5285 3238 7471 945 9781 3519 8769 1860 8133 73 8137 2121 7244 5962 3578 8531 1502 3296 1761 482 2919 7658 7405 7920 8306 3442 4602 4346 5500 4349 8958
78 5765 7560 9740 5903 1427 5012 4371 5526 1310 7071 5920 2720 4133 7464 3626 4522 3888 9137 5812 822 6588 8897 7109 1231 1105 722 4690 9171 8019 8792 7649 8933 1382 3824 3573 3958 2805 1016 3066 4859 3582
79 8320 9222 4231 6281 3856 5912 6424 926 5921 1828 3365 422 3884 3760 9524 7996 1215 4034 3270 2631 6728 8008 6222 4303 1233 9169 3411 7517 9571 9707 9455 2290 3317 8826 1147 892 638
80 3973 9991 5641 3466 8458 782 271 7566 913 6165 2329 8218 2333 6687 6176 928 7715 2980 6825 3755 5759 1845 58 6463 5826 2116 3781 3914 1482 6478 9302 8798 2026 8043 4718 9326 1393 7286 8319
81 4356 1156 4102 1671 7054 8723 6549 6165 7449 1310 161 8355 677 7463 1961 3242 171 3371 1966 9657 5182 1987 7370 6989 8526 1615 1103 2383 9293 8019 211 4446 6494 4714 3180 493 1007 6519 8313 9723 3326
82 4096 8705 5252 3972 2436 1799 6665 8458 9740 3091 4244 7830 3102 5409 5284 7717 8238 1712 4147 7732 3779 7620 2374 2630 2505 713 6484 7892 2784 5224 7912 8552 2153 6764 8813 1390 9326 7029 6133 1527
83 513 1158 8458 5530 671 2981 4262 1702 2089 558 1711 5550 7091 1718 3384 7608 2759 6729 6474 4812 6989 2126 8780 7889 7634 8657 7505 6614 4312 9946 3198 1628 5982 8672 1380 1514 6508 6892 374 4087 638
84 9092 4613 7943 8458 9485 7699 5781 7318 2966 2710 7065 4894 4766 3102 2591 7332 3237 9253 7085 8376 9018 7357 8002 3138 8518 5833 4686 8667 7009 5224 5608 9832 5614 8313 1146 8317
85 3721 1034 5134 7055 1431 6938 8219 7963 3744 7585 930 8100 8239 5426 1587 9781 322 4547 3656 7371 7500 79 3959 2400 865 7138 9959 6887 9193 5482 7915 9195 8556 1907 9715 3955 7415 6783
86 9743 8975 8083 7316 8982 4378 7706 1310 3112 2220 3886 8238 1200 1713 7222 6588 2883 3139 8269 5070 4561 1114 5085 3806 1633 7522 3435 8046 1263 9584 9203 9078 5882 1403
87 7681 1037 1402 4626 4883 9881 5018 5917 3615 3488 5281 9638 3244 7474 9269 4278 7480 570 7106 8773 1221 9928 9164 5465 1370 7515 4316 9441 5089 611 5093 1390 3961 9722
88 2826 1290 8076 7055 1043 405 7834 416 1444 3624 9775 9136 4273 819 3257 4028 3403 8143 9553 3668 9430 1624 9433 6112 7658 6891 1774 371 6901 8950 9717 4346 2172 4986
89 3075 3845 3975 8207 9873 7316 9496 3097 8354 291 9381 8106 3115 813 4397 559 6705 9908 6325 184 8252 8897 6337 7235 1476 3779 8519 3657 8783 7511 2777 3290 4063 2150 7398 1897 491 3825 249 6651
90 8457 1677 1551 9232 5649 9875 8212 4632 4890 9755 6812 1052 2973 5276 2465 3747 4774 5926 2991 3249 9530 5310 3392 2498 8398 3150 9937 8660 6358 9563 7652 484 2153 8939 1390 5874 1267 3960 8313 1151
91 9733 9101 1168 7570 4754 7829 1176 6042 8222 2591 2848 4141 7342 8112 1332 4535 3896 4926 4927 1727 6334 9797 3399 1481 4429 5204 2264 9563 6237 4702 6118 5223 9709 2426 6651 7935
92 1536 7553 11 8339 3859 7450 3869 5921 2854 9256 6057 183 7609 6727 2249 5962 6987 6863 4944 9810 471 4696 4823 8410 6874 5216 8930 1378 6244 5607 9584 9466 1660 2557
93 1280 2177 6403 1673 6155 4495 4112 1807 3348 7573 9236 7575 9365 3099 6941 4383 4768 5544 9517 5294 6832 948 2175 1605 1863 4168 9162 5453 3534 4559 7375 7503 9176 345 4827 3684 2406 104 5867 3179 5740 4462 9457 114 7665 4724 8565 7929 9343
94 6533 2568 4751 6159 7313 8463 8724 4123 5534 3490 6820 4390 1959 2729 6057 1327 311 8383 7490 1987 5189 9293 2003 8276 597 6998 3198 4452 4455 5482 8043 8812 8685 4462 6903 507 2556 637 5630
95 9337 1158 6 5512 5130 8589 9998 912 8208 4371 5147 1311 9247 7712 2467 4390 3244 7725 6062 6832 6577 5298 3894 2359 3005 4930 707 1357 2136 9945 9818 8283 7390 8287 867 5613 5614 9709 9847 8697 9341 8062
96 9989 8455 8458 2955 8717 2705 4626 3989 1557 1943 3992 409 7585 6434 7207 426 4523 300 3631 688 1457 7350 5175 2492 5565 5437 1344 6721 4804 2633 8266 1227 7370 3658 3921 2258 3668 9302 3671 1243 6876 1502 7399 7912 4075 1004 9709 1911 4095
97 5636 6282 8076 9468 4505 4122 2458 6428 673 2849 173 9009 6326 4158 3777 4674 9540 5959 3144 7880 3034 3962 3555 5223 2538 1389 1778 9842 4346 508
98 8577 8965 7049 650 2448 5137 21 1942 7576 3097 6811 7709 7197 2210 6183 6322 1715 702 1983 4932 7108 9030 69 5068 5715 6739 3284 4185 5085 6242 1763 4963 485 9574 6630 997 7912 8298 7406 1263 5617 7418 5245 8062
99 7170 3587 4997 5136 5265 1557 7832 3992 5798 6567 7337 4395 948 6584 8120 3896 6717 2375 1096 3832 7889 5588 2134 5975 3159 7768 7899 7263 9193 3946 8555 4206 2161 4597 8822 3061 4472 1531 4989
