500
0 1728 4800 2592 5762 1669 4901 4199 1064 6380 878 7088 5874 6133 8826 5212 2878
1 224 8390 5126 935 7242 1739 7852 527 720 2960 6992 7061 6230 3319 1080 3830 9244 5949
2 2 5382 7050 267 5260 6671 6801 2962 7970 5668 2986 6327 9273 9018 321 4688 5715 3032 8538 4831 7405 3694 2555 8445 8958
3 6592 6438 9030 1609 2877 7021 9069 4558 3376 8529 3023 79 8054 7545 3867 4861 9854 1535
4 9505 8641 4345 4553 5708 79 6512 5010 953 7322 828 4637 1534
5 4932 9413 8696 6249 7050 5386 7736 9998 915 8883 5715 2390 5335 6136 7610 8187
6 8289 3874 3203 3106 1989 4646 5962 5166 3123 2518 8855 697 5787 2046
7 3296 321 5859 3589 8325 6278 550 2791 647 8620 9520 7153 7347 4697 3036 1597
8 773 8829 9533 370 6035 5234 5397 7446 2773 7032 8601 1818 5051 5309
9 3460 517 1668 8204 5011 1557 2340 555 182 8634 9535 5568 76 205 8396 7120 979 5340 5606 7033 382 2175
10 5025 3961 8227 1668 1516 6860 4305 5874 4115 661 1110 9271 1848 6613 8506
11 4064 321 5539 8360 2633 9129 6956 5167 5135 5775 3986 7988 9302 7327
12 3456 2240 3876 3558 3590 9736 9800 1258 5040 6352 7476 7128 9657 4890 7001 2333 7007
13 8834 803 6178 9894 7273 2121 9901 9582 4333 2294 7612 2015
14 2816 2368 7618 1125 2940 7593 6588 6253 4559 5264 8284 373 5112 6714 7452 7709
15 4512 4802 3651 7266 8261 997 9465 1668 5412 907 4589 1519 7055 9007 4822 8153
16 2 8484 3781 2920 4073 1560 7800 3823 3599 7185 6134 2175 5016 2523 254 1951
17 2464 3778 1283 1571 2567 5740 2574 79 497 2962 2485 1334 4695 2138 8348 9533
18 2656 2 9114 5927 6440 7883 1804 6000 2196 8729 8762 1981 3262 223
19 1156 1289 1929 7949 6030 7964 9125 3110 3496 1449 3885 6704 5559 1873 6226 5715 9443 4460 8685 116 761 1017
20 8994 3537 3653 5514 8234 6938 9007 6800 400 562 7410 6996 3445 949 9655 4240 54 7861 8987 3519
21 5440 2615 2182 9255 7049 6474 8299 687 9841 1393 7220 20 4823 4985 1466 3836 7486 5983
22 2240 4257 65 3651 8994 3529 1292 7759 3858 3442 2228 5396 3894 8091 3549 9502
23 7296 4709 679 9545 7818 6126 5552 7935 2004 5715 5782 950 6938 2013 3039
24 8163 4484 4035 3718 9758 2667 766 6799 400 3902 3665 7252 7541 5816 4345 120 2302
25 8611 1668 6521 5065 6411 4300 1579 267 8431 3050 6258 3828 1461 5944 2521 8348 4606
26 6144 8834 228 2789 6470 6534 7048 2533 7210 3012 2892 8688 4020 2879 4631 8379 9084 9470 2079
27 2049 2 4454 7655 7623 6566 8909 9968 5425 3958 6999 3894 8633
28 6979 3848 5865 3626 8907 7503 4848 4689 6672 8571 7120 6613 5715 7896 8698 7547 7261
29 2240 7937 4355 6819 8803 9351 8936 2282 4010 7533 5294 1040 1429 7413 9784
30 2528 321 5443 259 3816 2126 3982 1201 7954 6101 6486 7383 7320 4890 6111
31 9024 9313 8994 2438 5962 2764 8717 8430 2095 1456 3792 7503 4401 1115 412
32 4033 2010 2074 1734 105 3722 7978 2986 6331 8752 5015 8406 6071 6040 9402 923 3548
33 2 1286 2439 9738 5386 2066 2465 935 6827 6188 7218 184 7739 5441 5446 9800 8915 5206 2651 105 8172 8566 2943
34 6400 962 871 1513 5643 9164 1067 4156 3981 79 6739 213 374 9015 2038 59 6364 9822 5406
35 5507 1668 7429 2571 8589 9357 5775 9244 6434 5412 6054 7591 2240 2637 8271 8658 7514 5105 2162 8053 3830 9848 1149
36 2 9605 1159 1287 5262 3602 7575 414 9129 6958 7475 6458 321 1610 4311 7004 2275 5229 5112 6778 2555
37 7296 9861 1289 2699 8587 660 5145 8362 6827 2222 9137 1721 3521 321 5962 8142 6488 7007 8805 2022 9575 487 9325 7153
38 9889 1346 4195 3877 4903 8298 6699 8492 2349 1839 79 9137 9778 8693 8183 6201 4446
39 5153 4994 2593 5921 4129 3395 1566 6692 7916 3791 9007 9873 2643 7380 5848 443 8125 8990 3487
40 1668 7 7949 787 8341 2721 3877 3623 7347 4664 3256 7490 3269 8519 4425 7888 6359 731 7652 5610 2686
41 5986 2 3237 3846 2503 5640 2569 7432 8333 9550 8125 2448 2513 3379 7699 5715 2938 6301 4415
42 417 4041 4330 8671 77 1074 7510 6392 7001 8218 9533 8862 4543
43 9607 8711 908 7845 8487 2986 8747 7852 815 4271 6327 3385 8121 9404 2239 575 321 3023 9424 8666 743 876 4973 9968 9340
44 6465 5762 7685 9865 745 7563 427 9545 4783 2001 4914 7799 1176 1083 4732 9214 2367
45 2 5158 9370 7753 1582 5424 4177 1651 8883 6485 7861 695 2136 9686 1402 7219
46 928 9826 9315 1639 6344 5885 6472 3117 7949 4751 8470 1437 4286 9213 6942 415
47 2303 4520 616 106 843 394 878 4882 7603 4021 5880 5113 5210 1596 2271
48 352 7234 8994 6308 8837 8766 5800 6089 489 46 79 5296 5681 5043 3316 2614 24 7545 5818 8990
49 418 4713 4314 7403 8972 6703 1968 6611 8116 3450 7932
50 407 7553 547 1637 2312 9386 7949 4974 2097 6737 6134 9527 9688 569 3894 4123 6013 2232
51 8672 7202 420 3792 1225 7369 8043 4792 4400 8112 7730 4049 18 2192 8758 6230 1175 1081 3509
52 7427 3977 7949 7699 8471 1436 7709 7713 4645 2218 6074 3532 9172 4693 6101 6496 4843 8559 5748 7163 1406
53 5152 5953 2340 6404 3836 9720 8124 8458 5451 2162 182 2423 4664 4121 2779 8316 6621 1534 7615
54 5537 7652 7110 1514 74 7533 8911 4379 6800 7101 8371 787 5715 6134 378 1147 8157 30
55 6848 3905 352 7880 6537 2666 3371 2829 9244 8240 242 8915 7538 7894 9404 1055
56 320 8387 3749 2725 4073 6732 4749 3566 3245 3408 7055 9970 7764 3509 8795
57 8482 1863 458 6155 1455 978 1971 5175 5527 4377 9978 7163 5726
58 2245 7880 521 5929 3817 3468 524 9774 3505 9490 8465 8534 4311 5246 3583
59 5829 3877 1242 2986 8972 8685 1752 7960 2291 3738 7384 7993 26
60 5156 199 4199 5706 6827 7279 1201 50 5426 3731 3317 2643 8731
61 7234 2340 2249 8105 1451 1483 1323 3758 1615 7153 8531 9972 4883 1753 2713 3163 1149 1023
62 6153 6413 4749 5264 1809 7447 2072 4765 3877 3622 935 8363 5441 8794 1883 7517 4076 6770 7413 1014 8058 3708
63 1984 8961 3012 8105 3499 6187 1997 6671 9968 1523 6900 4693 343 9082 1818 9564 3069 638
64 7168 1668 8075 3468 4378 4126 6694 3371 6700 3504 955 9020 1984 6465 321 6470 7880 9290 8022 2663 8938 8830
65 5120 9487 5267 1043 1430 6809 6300 2730 3502 4661 4433 5715 1622 9181 227 1383 9320 7919 7796 4470 4350
66 8928 3171 963 4039 2567 7883 9324 5869 238 9042 7027 6516 84 5715 4728 4314 1787 1628 477
67 130 139 7699 8344 8994 4520 5179 194 834 8136 8526 5216 3936 3433 1898 9836 8692 1909 7413 2426 892 1150 7295
68 2240 9313 7748 4836 7044 3303 8648 4681 4073 6921 521 5543 5582 3914 9556 2005 8344 6044 2340
69 2240 3713 321 6788 5444 8293 42 5547 427 3982 9297 6547 2396 567 2393 9564 2878
70 2240 2 9125 3526 1607 3877 2121 2986 9931 5900 7832 5230 3697 1492 3512 7161 6938 5212 5245 3903
71 2625 8420 6327 2087 8425 2601 4664 9230 4047 5366 5719 2168 2009 1690 9883 8188 5503
72 4544 6785 4548 3557 6728 72 205 2414 4463 624 5869 3892 6166 2456 8761 5210 5596
73 8994 5924 870 7496 4713 4810 5453 4083 6551 7643 5756
74 352 2240 321 1637 8293 1544 3208 8616 4428 7949 5455 7473 7346 1876 5333 8410 2555
75 1505 4580 7652 5446 8713 426 8492 5456 5969 7571 1524 3221 279 2874 1437 3006
76 7361 1668 5926 5514 7370 7051 5962 7470 79 1297 6067 8981 4247 9208 825 9533 1117
77 1672 8588 412 5922 6178 4903 6952 307 7483 5184 7746 4034 6341 8014 5848 7266 7652 8293 9065 236 1134 116 1149
78 7168 5797 4552 9545 7146 1709 3822 3981 9007 7153 2962 7029 6550 9976 825 8986 1663
79 9121 4417 7683 5478 3783 5288 4617 8874 6731 3113 7791 5616 79 8210 2804 9463 9689 2524
80 4032 66 1858 5538 389 9483 9229 6671 146 2739 4852 3926 7511 5048 3163 4958 4511
81 321 1474 2 7301 9865 1482 8362 7883 5263 7152 5715 468 6581 2422 9463 8152 979 1947
82 1152 7556 5391 6673 2962 1043 3093 7065 8502 2128 9297 4433 6101 1752 9818 3936 868 6374 3690 4859 2943
83 7392 6625 6211 1731 8069 7652 967 1577 6986 2353 4081 371 436 4438 726 3894 6137 7898 5946 5917
84 7362 3780 9958 2344 8012 79 7665 3377 2934 8214 4408 3259 6173 5471
85 4928 321 5412 3078 9543 425 2730 3593 6508 8301 7630 3631 8914 4978 5715 6582 3226 6523 4317
86 7168 1057 3009 1984 7652 6054 5479 7495 7626 8074 8078 690 8755 2962 5880 9081 7902
87 6272 5026 7400 4585 2986 1774 6236 79 2099 5173 7134 8055 4860 2301 990
88 5122 7267 8387 3814 1383 9646 5455 4112 3505 1268 342 216 2072 1080 348
89 2 5702 3399 1256 4009 842 5451 2155 2765 5582 3406 909 8914 6418 6324 5748 2615 4377
90 640 6147 3081 6926 5527 6687 3616 676 6827 557 9010 1971 9139 2240 321 1359 3409 9299 476 3936 745 9706 7931 9085
91 2 1678 5140 9497 6044 3753 7466 427 8635 321 6908 8134 9543 4679 1626 7652 359 7153 4340 9852 639
92 1668 2565 1927 6030 3982 7576 5921 4386 7459 2858 2986 7732 3894 9663 1867 1234 6740 2651 7517 4071 9831 7153 2930
93 1184 3074 8994 1320 7977 7049 3195 5451 973 925 7823 79 1521 2962 9533 7511 9176 2939 3325 510
94 9280 2016 7296 7363 5699 7750 6407 678 2058 3178 5962 3982 7088 9109 5206 184 1819 9533
95 7876 2661 4069 6054 2508 9613 3087 3408 8752 9970 4786 7153 6613 1974 2838 4952 1689 1750 2264
96 2240 9757 2 5318 7210 2763 940 7470 6129 2482 3379 8052 9139 9206 1942 5368 979 442 6555 7965
97 2 7429 9608 3723 7438 4887 5784 4249 9893 9390 6705 7474 3894 5176 7240 210 2643 861 9578 3704 4857 5755 1919
98 7296 7137 4130 7171 8644 1062 7367 650 1420 1677 5997 79 9137 2577 7762 2456 9723
99 3904 3713 2498 1504 5892 1125 3783 5677 4080 2962 1939 8148 5880 8185 3835 6044 5789 383
100 928 8353 5507 1513 3756 5965 8302 2386 5715 148 1557 4343 8345 7323 2327 8062 8063
101 1280 9988 1926 6413 3863 281 1562 9375 7968 8994 937 8747 2732 1585 447 1220 5962 6862 5326 4824 1504 7652 111 2288 8433 1139 8439
102 6753 1253 4875 9326 2522 2867 8915 6421 8342 153 6041 6938 1850 221 7902
103 9730 2 2342 8971 3212 8173 2865 1813 3830 7127 248 1177 5340 9213
104 3521 2 5507 3877 9799 5384 6315 4460 4107 6638 1455 4688 6458 2962 9842 5715 9205 2170 4060
105 7040 259 5412 4997 1414 9896 1641 5002 8428 6798 2255 9488 79 2194 4725 5366 1500 1469 6175
106 2144 640 7880 4314 8747 4235 5710 3247 8368 8125 5775 883 7153 5430 3734 6938 9279 2399
107 256 8069 7949 5270 36 1719 1600 4033 2113 8005 5322 4939 5962 8665 9435 9693 6241 6630 9842 1784 1534
108 3043 7623 2792 79 9579 2220 8205 2253 239 6544 3953 1042 5907 2644 7948 1293 3830 2555 5945 7579
109 9344 7715 7780 5507 6694 1289 3049 3145 8462 1752 6259 3574 5046 792 4985 5910 566 4886 2555 8990
110 8226 5411 6020 2340 987 3877 7652 9194 9005 2288 625 2962 5715 2581 8533 3381 3065 59 5437 9727
111 3936 2177 9795 6147 7367 7944 1449 3403 4843 6638 4975 2928 2097 4914 6741 1880 9593 732
112 3905 3491 5763 6567 4104 3304 2506 4524 9817 6578 7479 7257 6938 9533 2045 7199
113 2 6407 2962 1950 1571 5541 427 4020 8120 4025 6219 7886 79 4698 860 2145 9315 6762 5357 8055 7293
114 4000 9920 1253 8934 6375 6470 1534 6188 8401 7057 7762 2326 6873 956 4221 894
115 2304 5507 4356 7429 5733 9223 9131 1100 4171 2426 143 6927 7665 79 8856 4730 7868
116 321 9545 1764 1316 3836 6153 617 7723 844 8973 5677 4527 528 8081 6128 79 7992 9884 7997 287
117 8288 519 6222 9551 9041 3634 3922 4020 2933 1557 1015 7736 3546 8477 3326
118 4230 3982 4255 6304 8994 7971 2986 6573 7732 311 457 8396 6352 2643 986 1117 3677 2152 3820 7153 9854
119 6499 8387 1703 1705 3658 7180 7085 6158 8942 6327 9624 569 1883 6044 6525 4350 8863
120 2336 2240 2595 5768 1386 5962 2988 5521 6547 8468 5269 5046 7389 1657 9469
121 8064 2 102 2376 5291 8907 9901 6574 1164 688 3119 9968 7153 3828 7576 4089 4958
122 9312 7521 8548 6692 1496 9423 6447 6353 8401 8435 3027 5749 6136 2302
123 5507 6468 8292 3461 2280 9195 5809 7634 9075 7153 6613 7699 8567 6616 6714
124 7296 320 6308 388 8134 2313 8716 45 5103 2480 9007 3604 888 7732 9719 6904 27
125 6913 3077 3206 9990 9875 9748 7699 3491 9254 7719 3119 1216 4038 4556 5715 8406 2777 9834 2288 1524 6391 511
126 7607 8196 9317 5528 1001 1641 7629 6232 209 5362 7153 5943 3096 218 8891
127 9178 2 5222 1863 2760 574 1452 7438 4531 7193 3861 5715 1751 4247 9305 8506 7805 5145
128 9894 3207 4584 5354 6474 7212 3982 4879 5008 79 6707 7219 5177 2842 6747 5759
129 3074 2948 3877 395 427 6573 9326 1262 6096 3313 3570 9172 4567 5785 3163 6141
130 4481 9409 6339 321 6213 3110 935 6122 5962 2704 8209 7057 1011 5458 4539 8118 2906 4251 1981 7519
131 2 5507 9510 4167 5224 6506 688 2288 4754 3063 5716 1557 9270 7381 5748 7699 570 4765 1343
132 321 4998 9734 1159 5801 935 8555 4684 1453 7118 79 3728 8819 5911 89 3677
133 4994 5507 2183 1543 6417 8994 1571 6058 5826 578 7240 5194 1747 6613 6999 5214 9694 8295 9195 9591 9086
134 7232 2 7781 103 3309 1869 9295 2160 9297 5331 8851 2581 8918 3894 3163 5437
135 9852 2010 4354 6851 550 6362 5962 2155 685 2542 7984 7153 210 3602 52 631 4474 1308 6365 7871
136 8896 2 8387 677 4346 6923 5900 6878 5072 2611 5494 9560 2425 5850 9276 6398 8511
137 1382 4091 8102 935 8716 3630 8367 9552 1950 5715 4214 1750 7103 7803 2717 3167 7487
138 6406 6280 9354 9739 6545 8727 9244 7598 9139 8756 5557 2104 2876 3133 1605 6996 3032 8154 6752 2538 8307 9848 7934
139 7683 1668 3077 2698 1942 1178 6693 552 3885 8495 9007 3508 4539 3135 2240 3779 7750 6470 5715 3419 609 3427 3052 1776 6137 8703
140 7745 1410 6755 2 8549 935 9545 2572 6445 2222 4657 5715 4628 9274
141 4002 9989 264 3785 1579 4526 9006 79 9298 3292 3992 9816 1242 6908 2719
142 2240 7617 802 2 9925 9447 9244 1680 689 753 4020 3831 8184 1305 4827 7001 9373 6360
143 1344 5504 4228 6361 4765 2615 8328 3012 4199 511 9101 2447 3699 4439 7545 5308 6397 1247
144 4866 387 8585 276 3753 4534 4407 3131 9533 3012 8133 4679 6985 7369 1105 5715 4180 1633 4330 7153 117
145 5515 3343 6552 6938 8999 935 944 6962 9533 2240 1232 6100 6102 4314 5082 4317 8671 1121 5865 7915 7669 6654 1919
146 9984 6081 2 6276 5673 5707 3660 7088 3889 5522 6102 8631 6201 250 8062
147 6304 321 8034 8994 6215 202 7981 8685 1839 1710 1774 9970 7669 6613 3770 7773 6206
148 2304 2241 5838 7985 3954 3378 2196 8151 8572 3037 7230
149 6688 2401 7652 5412 6759 6826 5386 2253 432 5715 6613 2422 7190 443 5404 7071
150 7169 9615 9621 1943 4377 39 7233 3394 9299 5715 3927 8663 1625 8024 8282 1373 1629 9190 9836 1774 9337 3579
151 3936 9666 6051 2466 3717 3394 2340 8130 7113 3500 1457 2962 8115 1812 4086 9214
152 2692 7556 2308 427 1357 4913 3474 499 5143 6005 2322 2679 5976 6101 9210 5715 8125 9503
153 641 8482 7331 8804 5380 9001 6762 299 8491 5741 3537 4916 4151 7965
154 5472 7713 2240 8611 3878 38 6758 9742 7503 1807 207 753 5876 5748 5622 9083 7931
155 1056 4865 7327 5699 3108 8901 321 7175 8387 3982 2383 8116 5143 1912 7931 5662 7199
156 1474 3268 9510 2603 1387 427 3982 7088 6481 6002 851 7954 2133 309 7221 5976 9689 5715 2555
157 7520 609 6565 8957 4778 8491 6767 5149 7700 8245 6549 5913 9788 2237 9214
158 4513 8193 4227 615 872 7339 6960 7377 7410 8786 1394 690 979 5690 955 412 8125 2879
159 1506 2615 806 4901 3304 7724 974 9007 9744 2158 7280 9078 5366 6490
160 7296 866 2 164 4933 9509 9895 6407 5962 7115 2155 7759 8592 1873 79 9785 2555 3964 8317
161 4640 4929 5250 1472 4035 2 2630 3789 8590 7695 4847 6065 8498 7027 4885 8503 9178 1211
162 2177 9284 9032 489 298 6538 396 6635 2670 847 6257 5233 4182 6206 5919
163 2240 257 2754 259 2 8744 6922 307 4020 7287 6200 8217 6394 1787 7196 4093
164 136 8841 9877 5400 5283 4004 8743 9129 5822 832 4679 9930 3405 463 3792 79 2518 2139 741 3700 5880 4089 7548
165 6976 2240 7266 321 3716 2727 2889 8233 2605 4919 3250 1212 6613 6839 764
166 737 6424 5219 3686 1097 5962 8619 875 9129 5715 8564 5492 4503 857 3353 8923 4317 3807
167 8576 2753 7652 5637 1668 7176 9033 5897 2171 7792 8498 5715 7732 7413 2327 6683 7611 6396
168 1986 3971 2 6374 4326 2409 427 45 8558 334 7153 5715 5015 2840 6489 6810 2427
169 3136 1921 3012 837 4855 3948 5902 7919 9007 9533 3157 7446 2902 5882 5437 5181 1470 2751
170 6978 3427 732 6344 2409 7594 7563 366 5166 3374 4468 8223 1174 9625 2490 2460 5917 922
171 32 3331 5254 8937 650 6797 4495 1903 7185 2898 1329 5340 3861 5110 5175 2809 796 445 7967
172 5633 8840 5002 7822 3982 2962 6547 6166 7328 7718 3894 2871 7992 7096 5437 4035 979 4314 5340 8293 1776 2288 6135 8190
173 2306 6798 1552 4502 919 6938 2077 6010 9890 8498 2104 2491 8896 321 7491 4943 476 5341 8287 871 4602 4606
174 4229 8005 967 1375 4489 5578 492 4435 8564 6131 2005 6137 4314 1117 2974 863
175 2240 2274 2467 3555 9606 9191 4967 4489 3885 9944 240 1968 6354 83 5780 1680 9048 3002 3836
176 2 3012 3045 8646 2630 2536 2024 745 5997 2426 2736 1937 8758 1271 5723 3611
177 5472 2148 8997 6438 9319 5892 6153 8620 6797 7502 8396 3218 5341 8893
178 5762 2 2822 2699 7692 2322 7443 1301 7702 6170 9630 3877 5931 3883 4399 8112 4664 9533 4032 4036 352 6385
179 6017 259 6021 5775 7709 4901 4392 1327 9007 1842 9407 321 9159 595 1496 6362 9565 8811 7534 7408 1150
180 1888 1091 5572 1125 9032 8092 5323 427 1229 2830 7661 5838 7699 7670 3543 4991 5946 1144 6717 1759
181 9446 8582 8327 3303 2058 7206 8012 5854 7247 9008 6618 79 6547 1268 5589 661 2005 4762 5502
182 3139 4797 8360 8043 3885 9711 7439 6479 3440 2929 7920 7762 5910 9977 6972 5533 6975
183 4099 9348 5607 6986 2327 6221 5869 7695 144 9837 6416 2962 3060 6293 3573 3543 5016 4985 8284
184 7012 1159 2728 137 2312 2952 1965 2159 1456 2288 9199 9968 5715 1525 8726 2962 4377 2842 6236
185 7607 3331 4425 7465 3354 1833 8459 5263 2512 8310 8726 1175 2555 8058 9915 1468
186 7296 4199 1800 2056 5033 6155 3179 3145 4554 3757 2095 3700 3285 3420 3673 1722 8988 4958 447
187 2114 5957 6857 6089 1611 2666 9645 4142 9903 7949 8498 8020 6487 3258 8539 1212 6141 6782
188 4033 321 5797 5509 4264 9097 8424 3241 622 2159 5520 3982 2290 212 372 7382 8506 4319
189 8800 321 9314 9922 2 7463 967 1898 9323 3947 4141 8920 9007 7256 5210 9533 1661 8863
190 3520 3109 5063 574 2924 4076 7663 9969 2962 9173 5142 3738 8376 4341 2842 3163 8284 890
191 6946 4610 7652 2 4870 966 1503 1678 6703 2321 7732 4149 2998 3063 4378 7708 2399
192 8542 2690 2 4517 6922 4972 4430 9134 6707 4947 2996 7868 6269 286
193 8832 9866 6282 6284 5770 7949 1043 7708 6053 295 5417 427 7736 4801 3395 5454 8784 9565 7274 2158 4336 3325
194 4867 9286 3687 3879 1579 494 4050 8791 7992 3545 7610 572
195 8387 645 4934 8073 489 6827 8972 378 782 79 9364 3221 3540 8345 4890 8125 638
196 5003 3101 8223 9255 9646 3894 55 6077 6212 3656 8396 2127 5714 9043 6487 8538 7652 1005 4977 9330 247 5501 127
197 384 259 5604 2372 9892 4199 9064 5412 3012 5899 8270 9016 4564 5077 6836 6327 4248 9657
198 8064 7425 321 2340 1608 2856 2568 5100 8557 5934 5232 7697 3602 7219 789 8438 7706 2972 8125
199 7936 1922 5762 1542 6680 5401 6060 9914 4923 8252 1981 321 6214 2632 9162 9292 7896 5858 9448 3050 8310 2810
200 3584 3842 4867 1923 4423 3592 6378 6221 4174 1999 8789 5340 4030
201 3473 7699 7320 6938 6818 5412 6054 3758 9007 3894 4412 2369 1476 3405 6867 5715 6613 6239 6630 2156 9710 238 753 372 7935
202 833 8323 6372 5701 7652 3877 1962 9354 1868 8500 6937 2938 9531 3069
203 257 7652 4199 79 9181 594 6899 2962 6613 5398 9942 8440 6111 700 3133 6591
204 737 610 6465 1413 3303 9160 2571 812 2797 5068 9743 8652 2219 7216 8883 5715 2518 6584 314 9661
205 2434 3720 2441 2062 3865 8217 6945 1965 6191 7607 2367 5072 9169 5715 5334 4950 3160 8922 4699 5342 4069 9842
206 3012 2504 809 4778 4715 8811 2313 5902 4909 2321 6802 5137 2962 2425 5983
207 5760 4865 3543 5448 1257 7496 267 8109 7355 4530 3282 5972 5715 5623 3641 7195
208 1027 4004 1067 4786 5300 4020 5304 6201 5821 9023 9409 4555 79 9820 5215 3936 8168 5105 625 6265 5500 765
209 7328 1984 6818 2211 3836 2 1190 3818 782 2480 7153 8498 8889 6741 4118 1209 5404 4669
210 832 8481 9829 9669 3945 3606 3191 7096 4121 4378 3894 4540 2620
211 1984 2241 321 1091 9763 4549 2950 6023 200 9833 7851 843 4494 8975 3984 4176 7895 9533
212 3584 1057 8833 8323 6469 806 5767 1097 8363 9101 3311 5009 6737 9848 250 6492
213 3554 6435 8548 2 4104 6538 5517 7374 6321 4958 4180 6293 982 2007 382
214 1600 7874 5891 7780 6170 8039 935 1452 1357 7949 6713 6511 882 4467 3285 2617 8986 7133
215 1824 7043 9545 4458 3306 3980 269 683 4855 592 6481 6612 4341 7254 3543 670
216 4058 8834 3906 4129 4709 9892 8484 6699 8300 79 3832 2321 8180 2229 8888 3865 9466 3452
217 135 141 5775 1299 1571 8868 686 2240 1089 195 6212 2119 3278 5980 3436 9075 2676 1140 1524 5497 3706 6398
218 321 4034 1251 2 773 646 9642 1324 3535 6352 7889 1167 5619 3507 3379 3343 2327 5752 5116
219 321 3874 4985 2 5061 2407 6952 4202 2155 4427 9244 622 7886 2681 5340 7351 9625 4187 3772 8125
220 321 6210 2627 7716 3077 2983 6921 2858 4267 7085 3023 531 3734 7703 4699 3134
221 8994 9827 5762 9349 38 2759 9370 199 3914 8491 2479 2288 4081 6141 7699 7120 2389 4855 5562 1565
222 352 8897 420 8197 860 2537 5962 6091 2962 1238 8503 2168 6457 2714 2939 6175 6141 5599
223 7200 2145 2240 4035 1348 2437 838 8614 9640 5962 6797 9614 8304 7633 1393 9427 693 8791 2233 1149
224 1548 6690 4261 4522 9137 7473 9533 3648 9664 5058 8896 321 5445 72 973 79 7762 5715 214 1125 3048
225 33 8161 1153 1956 4933 7813 5132 78 3536 721 1650 8403 3540 8114 6998 6613 5880 6044
226 5379 7683 4107 7691 3213 405 3103 427 301 6967 5694 5962 6608 1361 5715 4833 3681 4326 622 1778 6899 1912 4222 7295
227 7936 3841 4962 9474 2240 8005 838 3752 7914 4664 909 7757 3375 7055 4853 726 632 633
228 8832 291 8230 8651 2327 958 3445 6742 4278 9464 8031 116 603 7036 2461 8414 2079
229 6337 5091 6086 5767 8776 2504 9931 5228 9848 7438 6671 179 8088 1946 8251 3932 2175 255
230 1984 2657 6337 1670 9575 8647 5898 2795 6031 3154 3763 8182 6814
231 4960 9248 546 8637 9125 9188 139 5391 7473 1299 6613 9366 7545 5213 8062 9919
232 5920 321 5122 9442 612 3012 2240 4880 7153 6332 9651 8627 7800 7547 3548 7320
233 2 6034 7957 9498 3740 3232 7073 39 9166 2128 81 4179 1107 9043 5715 2013 5730 1512 8938 244 2426
234 9344 2240 6116 5192 8458 8810 1644 4657 4978 4433 3509 4952 1179
235 2978 4355 1955 2597 2502 7235 647 8994 7652 1668 7725 6703 4912 6163 2067 2260 1079 7391
236 7011 227 69 3334 8806 3877 7068 2349 2959 1841 2962 2932 9749 1524 7416 8089 3708 5341
237 5541 2405 1957 4377 3882 9357 5453 1040 5715 1336 7353 9980 412 8895
238 1254 1642 6903 1420 6476 1966 1546 6482 7762 8853 5238 1014 824 8219
239 5761 6115 9573 2662 5452 557 7247 4719 2129 7859 5715 533 6743 4889 9145 732 2846
240 8544 3074 3909 4005 7177 1514 6060 1133 6383 79 2322 373 6454 1015 6613 8765
241 8832 2561 2434 906 3982 1935 7699 2198 9112 2461 3877 302 58 5946 5442 8387 4035 1871 2640 4308 4199
242 2240 4833 5570 674 8938 1452 301 1614 5902 8396 8372 5494 7830 406 8406 9498 8286
243 9057 4354 6948 8133 4199 5450 4537 1135 6511 8560 8688 979 5109 7736 217 9436
244 3715 5639 5775 1809 6292 9367 5785 6938 8102 6827 2612 2240 9669 3918 4559 5461 6245 8805 9959 6633 2288 4345
245 4226 4741 7183 2712 5019 7586 2340 6054 8745 1195 5045 9146 9276 321 8387 2893 1504 3554 746 1387 9713 369 1912
246 2240 7554 7108 9179 9997 2734 1936 2354 6099 6675 2869 1173 1147 5341
247 4705 4446 4193 2247 263 9129 4199 6285 2830 6320 990 5623 6589 1694 3103
248 5888 321 2 6467 3428 2757 7206 4648 6697 3150 6512 8274 5748 6902 9501 9886
249 2240 5697 2 1668 2278 4527 9872 9968 498 2611 3092 9589 7157 9495 6360 2843 8637
250 3938 9283 9538 9572 8134 4311 3753 4268 1453 176 6994 5747 8598 7191 954 6075 6428 7517 2014
251 2240 3096 6306 1247 2372 4985 6054 9703 4043 9904 4337 7762 2745 7414 2326 4920 8375 3515 5535
252 3936 9153 9219 3012 2629 6054 1543 6536 7496 8680 4203 9967 2832 6547 6483 2327
253 7433 5777 9107 4376 2717 285 5412 6695 557 3642 6205 9027 4035 5064 1105 2904 3163 4321 6885 1771 9968
254 6407 7945 6547 5788 8997 935 9388 4396 8883 9528 8125 321 450 2392 4824 8157 5862 9580 4717 751 239 2288 9842 8057 4094
255 260 6789 6534 1939 6296 7971 8621 4273 9265 1722 8129 321 8387 5327 5715 8795 5852 2028 243 2555 4988
256 2 8958 7699 6548 4761 937 5546 427 3250 691 3894 5820 6473 2643 8667 359 4459 2288 4728 1534 2047
257 1216 3584 8515 2308 5829 8644 7652 2570 6635 5804 1549 2574 593 2962 5715 7253 9948
258 2 6032 6298 7963 9244 3111 7084 5429 6842 1223 4296 3405 79 7652 3429 2924 5613 2412 1140 9848 509
259 2947 2564 6820 2022 7973 938 8015 3504 4625 1429 9206 3704 5114 5304
260 321 5219 37 101 167 3335 7045 170 3703 6538 2783 9747 2962 6101 6582 7862 5715 4895
261 321 7363 8581 1544 8522 2026 9100 139 8495 4602 6613 7734 6714 3323 7548 1213 7806
262 1666 7043 5443 8797 8387 3051 3404 401 7794 1085 9459 9139 1429 8733 8382 6623
263 9504 5699 4963 4004 3465 6833 5970 8597 8566 7031 1244 7101 8351
264 2240 6754 8547 2855 4584 9545 7114 2986 3372 9244 2832 3889 2705 2962 4020 3893 2876
265 5504 4360 7821 6681 2332 8994 6827 3376 3383 4664 569 6469 3654 4038 2893 4057 352 97 2155 9968 2288 2679
266 8834 9954 7 4423 8235 5004 1069 110 925 912 2676 4565 2295 6233 8539 3356 4701 8703
267 6369 6178 935 7240 4746 8203 939 2190 6255 9968 9107 787 4371 7251 3993 3771 5630
268 3971 7429 6920 1929 8205 5389 3095 9244 6300 1060 8105 1073 952 7758 8399 3023 1900 7153 1010 2807 4985
269 9889 6075 8325 8423 8040 4493 9197 8125 8625 7383 2426 9307 2780 4989 572
270 1632 5601 5090 8355 2 3936 4550 5715 2997 4214 5563 5752 3322 4059 9533 7742
271 5313 8994 68 7652 5224 6603 8284 79 1813 856 1689 6266 4987 9788 6301
272 2240 3362 8771 163 6405 3366 8839 6376 5001 2858 5675 8069 7949 2 7572 2358 9533 3100 861
273 9058 4985 8932 3141 8230 3335 906 8075 9420 1521 4340 2584 2265
274 2178 6283 1299 6938 8475 3234 3746 551 9010 9914 9663 2240 321 3012 8005 5715 9940 7254 2274 8932 358 2423 3960 3836
275 7137 321 2660 133 7652 9351 1705 4784 3442 4372 1117 8406 6613 2456 4761 2394 2075 701
276 1668 2693 2962 6931 6292 918 283 5403 668 3999 1322 9533 8130 2892 2383 7120 9178 96 6372 7652 8043 2428
277 388 5644 6417 913 8212 9758 5154 2085 9637 554 2858 6316 1079 321 1603 8005 6867 7124 4824 9970 7413
278 5090 3559 2218 3978 8365 9198 8975 6960 8593 4114 3023 2288 6423 6137 8253 5470
279 7104 2240 9731 646 1831 2758 8327 5190 2155 935 3982 6192 7539 7732 7383 5434 9949 447
280 4000 1025 4349 8291 3751 2824 3144 7115 2288 5715 9301 9657 8826 4861 1631
281 7584 4898 6307 3364 3012 5415 7976 2892 7699 7060 2551 7992 5436 5213
282 3343 2962 1435 2728 8116 2104 4027 321 6852 7881 973 9933 3026 211 7636 2266 8293 4340 1911 9848 6269 7679
283 3074 9091 1668 2 6538 7244 4048 9233 9394 9523 4440 6238 602 8605 4798 351
284 9375 3207 8264 9545 2986 1675 7085 2318 1038 7928 5784 7026 3091 2962 6038 2615 2072 56 1695
285 7329 4068 6853 8263 3303 1160 8072 6829 2063 4463 1586 3669 5462 9911 7964 7805 5758 8639
286 2912 2240 6051 2891 4523 3789 176 9586 1843 6613 6134 7000 7801 2554 4571 3710 4223
287 280 5602 8130 5412 5285 6054 5767 3304 8491 9583 2800 1040 2288 5588 6613 2327 5080 8956
288 2 7693 1430 6938 5021 8994 3877 1066 4399 1712 4783 438 321 6613 8153 7652 7271 5097 2155 5869 6385 4338 757
289 5762 6531 5383 9224 2206 8994 3113 8361 7084 4665 6978 8134 9545 7636 9301 7395 2025 7021 9199 3825 5748 4474 2555
290 9152 6145 2146 1958 743 3689 2986 1611 9580 79 3920 8850 3827 2962 3894 3767 6586 4572 5373
291 321 7075 1668 9576 3689 234 7048 7979 1517 4846 4049 9842 6547 5843 1171 6711 571 5212
292 4871 8590 1426 409 8221 1310 7085 6447 2866 2240 452 3012 7883 4435 7767 1241 5339 3550 1762 8931 2407 2155 6390
293 2401 7652 5573 9545 2157 110 655 8943 951 8406 2078 6712 183 6010 2014 375
294 9664 9761 865 8131 6372 321 8134 9159 7240 3305 3274 874 9129 9837 2 1103 335 22 5373 2750
295 9313 3971 8484 8134 1927 9949 9449 4909 7728 6322 8499 2003 1330 4470 3894 6683 7932 6589 7486
296 385 2 9731 2820 7301 2317 6547 1821 5412 1191 2349 3886 3757 4020 5062 3016 6986 5962 8022 5981 5745 6773
297 9869 2962 293 3109 5681 9533 2374 4294 8776 5715 1877 8663 3163 7267 7652 3813 1766 4974 2417 2813 7806
298 2848 6369 2 4069 5190 678 4968 1000 6827 3085 3705 7410 3377 5268 1238 1176 7481 5755 4796 285
299 8481 8193 4515 9287 361 394 9775 1904 2417 2962 5047 24 5437 6494
300 9568 153 2659 40 8585 4651 7966 528 8309 4439 601 122 6462
301 225 7458 4706 7652 4326 3143 2634 7055 9712 7165 2288 7411 8125 7446 2359 1017 8349
302 7361 611 5739 1804 3917 2956 427 1265 3506 979 2902 2039 9848 6330 4475
303 2240 929 6273 1383 4072 713 6920 4584 5036 9713 9971 7860 3541 8918 2838 6360 2681 6458 8572
304 2240 321 2 1956 8679 9450 5804 7949 4465 9745 7059 6547 373 7990 534 3032 3894
305 6503 9000 1705 2471 7864 526 399 2579 9463 6520 2231 2075 3036 4797 8510
306 641 7045 9669 5867 2412 3789 6735 2288 8689 5138 340 437 4533 5847 3926 183 1018 1979 6495
307 866 8739 7652 9126 3430 7209 8842 8459 1580 3629 7886 4975 178 4883 3163
308 2752 834 2 3607 4165 7783 9385 7465 3626 9579 1197 3885 4015 9007 4020 6101 6391 3672 9533 9693
309 1668 3237 3112 4489 619 8428 5132 5486 1134 79 6929 1682 3894 6775 9533
310 512 321 2 4615 9415 2279 1480 4201 9773 8719 3664 7153 7026 755 2962 9270 8410
311 1034 1067 397 3310 2479 7280 5873 238 1267 7315 2288 9366 2103 2198 857 4311 478
312 9376 3936 2240 8037 7270 4423 3077 2634 9834 5548 79 3602 7859 9843 4221 8504 9402 6938 3004 2397
313 5600 8034 5861 9990 2632 5165 3023 8431 79 8658 7219 6613 5270 4187 7068 7198 5599
314 130 2979 4487 3979 9580 2413 1758 7951 79 6225 5393 82 7542 503 5080 5240 8573 5854
315 6178 3493 4358 3306 6698 3004 6129 2962 7699 7060 886 4278 1436 8892 3741 9662
316 224 674 1668 677 9800 3465 6091 6032 6800 7153 9461 9494 3709 9438 6239
317 5121 8993 1219 2340 1668 7079 2698 2924 9197 5580 6543 3185 7314 979 3669 85 3004 927
318 6049 6342 935 9320 5962 5643 139 7058 2196 3701 2740 7159 7732 9913 1117 4539 8924 4957
319 3493 3558 7467 910 7152 5490 5587 7381 5654 2327 6968 1979 7102 3615
320 9920 289 3587 1123 581 1766 4421 8396 2382 6896 7120 2645 3541 6454 6554 190 9533 1310
321 3936 9442 226 805 9029 7980 5038 79 1307 5520 2288 2680 9723 5820 8926 2367
322 1668 5893 2534 8554 7020 623 5519 6065 4434 2128 1524 2615 4956 9117
323 9025 2 259 1559 376 5222 711 745 8491 4910 4210 5715 2388 6551 9240 1498 8987 7517 3102
324 6021 7048 782 1422 8477 8362 9898 4909 4786 7732 8885 1984 5701 5962 79 3795 5974 983 3032 4313 3034 9444 4973 7537 1658
325 6368 3584 4226 3043 9668 8614 7050 6862 7887 7055 3378 185 4444 6783
326 9947 8195 7044 3881 2765 302 1134 5072 7153 8306 8981 6390 535 2938 3610 1435 7997 1822 4191
327 2 9059 8355 3836 8487 6826 3917 7984 8978 6963 6676 3602 3766 7959 3894 7228
328 4928 1348 7430 6374 7944 5385 5386 9385 6988 911 6833 9747 1085 660 5748 2643 7480 1885 4286
329 3543 9347 9316 2245 2249 3625 1067 2795 3307 6286 8970 3220 3127 2968 3865 221 4958
330 2240 7521 7330 931 8196 6913 3939 6306 9545 2122 395 5229 79 4348 9846 2555 6619 2332
331 8960 9857 290 3908 7652 742 9224 9545 6124 780 8462 2327 9400 7709 9790 9727
332 2 2371 6787 8644 6312 6060 110 1777 6642 243 8434 9461 2490 7227 668 7997
333 1280 4485 7559 9623 8228 2470 2349 7599 3121 8121 65 5580 205 6734 2003 6486 2518 6244 6631 9709 4462 3441 374
334 321 4386 287 3109 9990 5736 2568 2156 5292 9614 622 4045 2962 1812 7419 3804 3037 1471
335 8461 7694 1429 6312 431 9007 2227 2240 321 5316 2117 8650 79 3923 1240 6367 3552 7137 6635 7788 9977
336 6017 2212 4073 3180 5644 3982 9871 4817 7251 5715 9174 3894 4760 473 1080 443 9822
337 2322 7699 7337 9777 5044 9533 4542 5572 3530 6735 3795 8020 468 5860 5220 7652 5103 9968 4337 4341 7801 1149 7038
338 4224 6021 9224 7309 3598 7438 7824 17 8994 5421 3125 2236 2240 1479 7116 7120 7762 1121 749 9071 6143
339 9088 8325 199 791 1678 4846 4240 5872 3408 2835 9781 1687 247 220 8671
340 4097 4897 4035 8387 3877 2790 3591 6568 2 9244 494 2288 6993 2555 2040 7481 5147 8859 1791
341 2 8963 6180 7493 3012 199 3466 1834 2155 5869 8491 6575 79 1523 1299 6613 9496 5049 2396 9534
342 5696 1216 226 5347 1121 4455 7303 5451 5486 79 7120 2129 9393 7699 6644 6134 5111 9722 1117
343 8096 4707 8837 7177 5451 4203 7883 1040 2288 2291 2451 5171 6100 8216 9465 1562 3487
344 3553 1915 2276 3654 4361 8106 8618 1548 4013 9198 4844 79 8146 2962 7929 3451 7646
345 2816 2 8067 7052 5645 1042 5542 5674 2346 6827 9533 3395 1609 2892 9043 5715 9821 4965 1773 1903 3570 6525
346 7360 1956 4105 9902 2287 5459 3188 8693 5399 5341 667 3037
347 3552 4900 3818 7948 1741 4174 7469 3053 1454 3538 9459 6578 2962 8790 9878 5715 4377 5914
348 3712 3041 7716 1157 935 4314 7114 6667 238 3889 4851 4404 9786 4179 2904 2136 6613 8154 5756 6046
349 5186 1155 8387 8776 1737 2345 5962 9517 1197 7055 1423 430 8495 7347 6196 3221 4537 4412 574
350 5060 4294 4967 3528 6921 6744 4300 140 8334 1687 4921 4153 7771 732 4573 5022
351 7392 321 3076 9285 8903 6696 2986 2475 2572 6221 2283 7120 4019 1140 7669 3574 9623 3251 8859 5884
352 2217 650 7306 1550 14 9840 6927 338 656 5167 761 2198 6101 4569 2175 4383
353 3352 834 2884 3781 3836 2696 4361 5065 5962 2540 4078 7537 6196 886 4504 1273 122 4380 3455
354 2962 1821 6945 7593 427 8751 1980 7234 838 8267 1108 1374 1252 2412 2030 2543 2288 7030 7799 3193 9723
355 3936 3362 2566 3783 1832 4334 5168 16 1266 4208 6613 891 3739
356 8833 321 9891 6756 3077 5412 3559 8456 1419 8814 912 6865 5043 5715 438 3830 1338 5661 2494
357 6690 8551 7400 6375 3481 6224 8848 306 1618 2962 6325 4437 3513 4506 6750 7199
358 2114 9282 1731 7709 4358 808 5833 3432 4076 8367 4818 1299 4020 21 1430 5715 4765 3455
359 5316 3877 7652 8167 2504 8487 1835 7883 5453 6734 7600 4080 7186 307 2962 4213 7960 6299
360 3907 5732 1318 7465 2697 6537 4846 2897 1010 4595 6323 8600 6558
361 4672 1345 9154 7043 8994 2 2471 5671 5962 4973 590 6991 1840 3213 2704 2643 8695 3032
362 9632 1057 6112 1221 4902 749 7120 9968 2994 2356 7864 5145 8123 2109
363 1184 6786 1059 9093 358 9832 937 1899 1068 6827 79 3572 9333 4086
364 8832 3461 137 4630 9239 6807 5786 9129 3376 9777 5044 9926 8775 2559 1752 4958 3936 4962 2407 8812 2159 2543 511
365 5254 647 6537 7438 3471 1042 9749 2462 418 8994 4646 935 9139 5817 7483 9533 2240 321 8135 1991 9573 3431 760 9723
366 3137 9443 5189 8970 5869 2895 7024 4719 5010 1107 2164 1717 2867 9176 5208 3290 5278 2685 9598
367 2 6280 8463 3349 282 1181 935 4015 2615 9662 843 1871 977 5457 1116 3428 4199 2281 9587 6772 2555
368 609 6049 3428 5412 2406 3014 3846 9830 4262 6790 3022 4527 9199 3982 9618 5364 2420 3836
369 224 7302 1486 8435 3348 9430 6295 3161 6938 958 3647
370 6016 4090 259 8232 3113 5002 650 2413 1808 4884 9023 7830 8726 7349 2426 9245 3838 3135
371 5344 7575 321 420 2182 6471 873 6798 6511 9967 8912 3759 3982 6938 9845 6549 1429 2202 5115
372 2691 5380 7309 7956 6938 547 3364 9275 6082 3012 1353 79 9043 2262 1763 8548 5095 1130 6258 5877 374 7413
373 321 3074 1756 227 4614 8263 2282 5387 5645 6702 7153 1267 6611 598 3255 2328 6201 251 4316 7001
374 1056 7937 5921 2240 2182 7176 3337 8776 8043 5101 6670 9903 7055 5009 1939 2037 3285 5975 6041 7870
375 7008 7392 6402 8701 2912 677 5924 9607 3848 2679 3012 5035 7864 9007 2414 5907 8439 6360 4893 8798
376 7424 321 7749 551 5962 8043 908 557 7662 3150 2768 3793 1265 7883 5175 9051 2684
377 8480 6721 4961 9284 460 876 9968 3793 4700 158 7647
378 2144 6113 1538 8994 1479 8873 4713 9230 9007 7600 7729 4752 4243 5715 2870 4055 5239 3549 6174 319
379 7554 4099 4131 2 6054 7113 8671 2986 5425 4978 2898 4958 6613 3894 8058 6650 1020 1438 2079
380 3584 1441 321 803 6851 388 5095 9608 7240 7470 79 2195 9811 9306 5179 6844 4958 2367
381 1936 5141 6549 6938 8609 1065 1586 3894 3897 3006 8896 6339 8265 2892 7631 6479 6995 6869 3032 9825 5090 5099 2803
382 7426 9354 7948 7822 2962 9244 1825 5412 5030 5045 4920 5945 7104 3138 4035 6861 7120 3414 1238 3291 3958
383 9952 8606 7941 5062 5799 7336 2215 1578 9802 6584 4199 8878 2962 6324 183 4824 4281 8061 798
384 2240 4769 9633 4132 4901 8521 1513 1931 2413 8750 2928 1489 7699 6487 5465 9822
385 66 6467 2 4421 8069 1256 4938 6410 1803 9834 1744 8339 8212 2612 631 2392 5307 7068 703
386 7040 8545 6082 4612 9126 3271 8070 9286 3630 1872 9968 3186 9842 7732 3833 1430 5715 3545 1470
387 5056 1412 4549 7652 5503 3496 6538 4076 8687 7762 5204 1079 84 4695 730 1147 7038 4895
388 4160 8832 2240 5704 4427 2219 205 8910 2699 1774 7347 1139 7699 6613 9975 1400 5723 5372 6558
389 6944 7330 3842 5892 4035 8702 9160 4041 1546 6765 303 7314 2067 2006 3032 8254
390 1120 2 5219 7140 9923 8261 1671 8931 6692 4199 7787 3119 9712 4079 9007 79 7572 5880 2652 7453
391 4192 7106 8450 7709 453 1285 3877 9224 7652 6538 5324 4271 9107 213 3830 569 1626 3579 3101 5982
392 416 9476 4645 4742 6056 3049 7752 6123 9197 4783 3408 8114 2195 4052 7762 5111 6712 700 318
393 513 5515 2450 3607 6428 9372 2985 2345 9259 427 4531 5689 2894 79 465 979 6613 3032 7385 235 7921 4727 1784 6398
394 6944 4896 7709 8899 6148 2240 5543 1609 9834 6827 2348 745 146 2962 2548 6327 9852 8765 7454 9439
395 1088 9633 9314 7780 297 5065 2891 2092 8748 9330 6962 7666 9043 4534 6590
396 7873 6850 9443 1317 5095 1768 8330 523 1388 1326 3023 5294 6327 6938 4607
397 4160 6977 2564 376 8134 5447 6692 2604 3470 2832 8049 4530 9713 4950 9336 921 1882 6938
398 2 1539 9872 8467 6423 3352 6170 3623 9129 3757 5886 8516 9160 5322 79 2904 8794 3811 2405 5359 3316 2037 8437 9086
399 5472 5281 3585 5248 8994 3936 872 6285 9007 7154 1779 7700 7029 5336 6329 7097 2077 5534
400 5888 3012 4901 1831 7911 2986 9390 6223 1743 1678 3090 4786 3827 4847 7732 7224 3642 6462
401 321 196 5668 5702 9099 8812 3630 7441 4180 9716 4278 2296 1242 3387 6014
402 417 8513 321 8324 1639 2637 5102 3535 7153 6450 5715 2962 2647 3708 9533
403 6049 8643 7652 6952 5064 5134 815 2384 7184 6609 8847 3637 3163 9118
404 1348 5061 8677 7012 3176 2379 6347 7533 7852 8431 1457 5586 5427 4660 6513 5715 9687 569
405 1827 8644 3012 8387 9063 935 1642 9580 6319 3631 7311 336 4788 1846 3191 3894 2525
406 4160 418 8345 3074 6022 3786 2763 3883 9261 205 5456 5715 1492 8756 2933 6360 5753 1658 5117 5470
407 7777 7810 321 8295 4392 5994 9482 9483 7179 238 3696 5457 9968 3700 406 2583 92
408 9633 8705 1922 3074 2215 7303 9096 7949 6382 46 5840 305 9169 9007 4378 4734
409 6360 2 2279 4905 7307 3371 5099 5359 8275 5951 5622 3894 7096 8346 9980 3423
410 3815 9673 137 1353 8524 9244 9930 8495 4208 1106 4437 4216 346 2619 8188 1758
411 5056 4352 5955 9732 6919 4199 937 10 4715 3852 7508 8725 246 6292 3894 1785 9404
412 321 1765 8487 1032 9387 8971 3632 9968 2323 7514 6938 8541 317 3327
413 9615 1429 4377 5789 8734 8358 935 4267 1328 9010 9784 5177 1342 2240 6082 7118 79 5086 1134 8687 372 9083
414 8599 5377 1984 7296 197 5917 3468 79 8784 657 2962 5844 4437 4310 9882 762 9021 1534
415 2787 7972 1605 6886 2182 1668 2121 6649 6511 688 7120 2900 5015 5337 8125 4190
416 2 3622 7720 8125 5137 3705 2740 6804 5238 3061 2009 7325 4351
417 4065 9256 5194 2667 9037 8110 2962 5715 3252 1493 9429 2231 6428 2875 4060 1118
418 2240 9697 2433 4771 2691 9257 137 1454 8047 8015 6703 627 7509 2555 1822
419 5057 5090 8771 3395 7652 2217 7949 3982 3793 3476 8789 6102 6391 7864 9529 6426 9533
420 4035 8326 1544 73 3496 7822 9968 5887 3356 8054 9014 6584 2074 3483 636 9149 1951
421 5507 1158 5767 2697 396 3354 6431 802 6062 9138 8511 6595 838 8776 9545 3543 5219 8941 3825 7153 6771
422 2240 6049 9986 5027 2084 1122 6281 8842 7949 3535 6288 4178 5458 1782 987 5244 5022 1375
423 9474 1050 9540 4377 5194 684 7629 4687 79 9266 5907 9561 5882 8187 9533 6783
424 130 2 3012 8134 3783 1416 7806 5131 2686 6730 9743 6672 3993 1148 5790 9471
425 2052 8005 8038 9224 5001 1610 6827 5003 7147 590 6191 5711 9244 8431 5715 4535 3452 9691 252 7742
426 8192 8994 5605 8295 3945 4107 1486 6671 1615 1871 1752 4275 7636 8824 6878
427 2240 321 6404 9129 3658 2346 15 4432 6001 2738 148 1877 9366 277 2518 5273 1754
428 321 5602 3780 3653 838 9479 8713 1098 8173 3982 4722 4020 885 5880 3069
429 2 3715 8210 3987 6044 3103 6944 5283 7349 7095 5052 1981 4548 4804 9931 4053 2902 3936 491 1390 3067
430 6528 769 2 3459 452 1125 6184 5801 425 4459 1034 9613 6827 6986 7987 1908 6071 442
431 7558 4231 9742 148 4512 6049 2600 1711 9911 7864 1464 5307 1083 7867 1728 2240 5199 6613 7128 1760 2288 6258 1020
432 7709 7267 7686 1223 7533 7630 5679 9968 530 2228 1785 597 4504 7225 2268 3965
433 420 8134 488 4938 4855 9644 7153 5022 2484 692 2679 4057 6458 475 2492 5341 734
434 7392 8482 5218 7332 2987 5643 6254 7535 6767 9199 9391 1105 5078 3895 347 4508 4765
435 8097 5282 8611 3363 4199 8457 300 9615 6256 9555 8404 5780 662 3091 4020 7193 3894 956
436 4321 2 4646 8134 5561 748 6830 1134 9747 979 8693 5880 2713 4508
437 7904 2176 2240 8387 321 3493 5930 9549 8206 4845 9488 79 1714 8850 7798 7831 4319
438 4933 6663 5065 5481 9199 3855 2481 6162 3122 9842 7231 4314 7259 63 4799
439 64 8193 4383 4580 9465 6537 5386 7115 4684 2473 3371 8495 4527 2643 5750 2007 792 6710 7806 6847
440 3841 7234 1731 1506 7709 5740 6413 5710 4688 9009 7698 7120 726 663 56 1401 6906 5595 9116 9915
441 1668 6540 6671 5523 7831 9244 7720 9513 6829 7731 7732 6071 1336 4664 4049 5715 6104 2777 352 6134 8443
442 2720 3174 3658 4575 2623 9903 4338 6774 1722 2076 5341 8671
443 2145 742 998 8562 5267 5298 6482 7063 1881 5690 443 2013 4798 1599
444 640 3591 8713 6413 8722 2962 4887 8220 7585 1835 172 4269 1579 8508 447 2240 321 1093 81 4309 7652 2923 1021
445 2240 8547 7013 7782 6988 6189 7949 3187 2227 1460 5715 4728 825 5017 5755 9628
446 8609 3074 4931 3076 3685 3811 5251 7035 6404 2 155 8846 4239 1105 5715 3382 1626 731 4060
447 8929 4001 9829 6728 7497 4777 5643 9342 9325 7949 5967 9938 7699 4180 7670 4698 9244 5149 158
448 1921 2 4487 3728 6676 3606 3117 951 8377 75 4429 6737 2137 985 3036 1249 3554 4717 6259 7796 5748 8313
449 9184 3012 9990 5675 589 1134 79 7888 2608 2034 1011 5620 6517 6676
450 897 8994 1963 5292 1647 8625 665 8049 9374 3125 5046 5145 1150 2491 3548 5694
451 8193 4746 9229 8336 2962 4507 1702 2346 9007 6960 3894 8896 2240 1858 1731 8005 6856 459 4684 7762 7255 7902 3941 6778 7037
452 1248 1282 5730 259 2407 4201 4042 2507 1644 4618 5679 5748 1589 1429 9533 2078 7871
453 7680 867 8452 5892 2411 6797 2127 7120 79 338 2962 4340 7764 4020 2935 2555 6780 478
454 2240 994 8387 7815 2023 3433 8043 1391 8952 1682 5522 1812 4626 3127 120 1625 4412
455 259 5132 8461 9104 6547 9367 7448 7457 8994 806 3371 8620 5683 2240 2498 1105 5223 5359 2288 8690 1784 9337
456 3776 6626 7299 7044 4933 8834 8391 5767 4035 7210 8907 2 1391 9968 7569 7762 4852 8278 8892 1565
457 2496 4585 1458 5046 1046 6327 8250 8059 3196
458 5764 517 518 7560 9113 9244 9121 4134 9256 5945 5182 1476 6732 3023 4819 8539 7652 7017 5869 9197 758 4985
459 641 8994 9347 5725 321 646 9319 4007 429 1550 7055 3539 7379 5715 7413 4281 9533 8412 8093 606
460 4352 8580 9992 1429 2074 540 4514 435 9013 5815 5053 4673 9160 8785 7902 5478 3303 3432 7020 3703 2040
461 5026 8996 1337 4903 377 9802 1995 5224 2892 3920 9968 7517 9942 6327 8376 5817 9533 8348 3101
462 5280 3393 5536 6625 388 3352 8454 6091 6320 19 6613 6840 7003 2910 1663
463 9216 3745 5572 5412 6584 7652 5001 9869 5838 3535 368 8334 6801 8439 2962 2903 2616 2138 8859 3836
464 3584 321 4733 9497 9159 650 1036 461 9848 403 7764 8883 2773 6327 3288 2137 3002 6045
465 2240 4481 2 8547 3877 2407 4968 7368 7240 4199 333 6990 9232 4400 4184 9947 8700 7740 2879
466 2307 7684 5511 8839 652 6669 6672 5393 7958 6688 3905 2248 1996 1356 79 7123 7252 2136 730 9178 9822 6374 7788 6511 7413 4343
467 8800 2240 5794 2691 7332 8994 2695 1322 2013 2419 979 3194 6938 9533 5023
468 196 3848 715 5612 8205 8718 3599 4338 5458 8630 9495 6362
469 776 2962 9366 6683 6686 3103 1959 2732 3885 4531 5944 569 451 7238 5322 4174 4437 8538 3562 749 6765
470 5440 7265 321 259 8387 5798 9191 5003 8908 7822 974 79 8241 8145 9844 6327 5432 5051 7324
471 9984 352 2 1731 321 5829 6986 236 5997 7949 1298 9043 5715 9205 5046 2742 4730 5469
472 2240 1281 8452 6342 3913 8137 1801 2220 4588 5006 427 6803 5978 3932
473 1668 6537 5386 9620 8089 925 1053 7849 4527 177 946 8499 8121 8125 9533 3648 836 1862 9431 991 6753 4835 7153 5245
474 9601 1666 2186 1292 292 7722 6575 6836 3894 4791 3640 9545 8787 1368 8442 2797 7919 9968 3830 6778 9979
475 3012 1636 9959 5033 2860 656 9331 9556 6068 5142 501 5816 5748 5715 638
476 7008 5824 321 3814 9703 2425 9354 1898 8781 7790 1933 3982 979 5045 981 8023 9785 3230 9404 4446
477 7296 193 8004 2986 1291 5614 2704 3921 7026 4786 4340 9495 9848 3773 4255
478 2753 4642 3295 2 4902 9222 9867 8883 9493 4537 4254 351
479 609 2434 8929 5352 777 3788 7180 2638 7568 4755 6293 7135 9533 5599
480 2 3492 7787 7179 7662 7087 7024 3630 3031 9075 9396 7188 6646 3991 3705
481 8928 417 321 5828 4580 3846 8060 2761 9514 1328 6802 6834 6258 979 6134 9815 3032 7836 4509
482 3012 3914 5164 2158 9518 1584 49 7920 592 9457 2485 9782 695 5745 6258 954 2013 2846 6687
483 8005 8039 5544 8072 3880 1481 8492 3883 4079 7695 753 7218 9842 9398 7992 5019 7133 3871
484 7393 7617 8644 4645 4233 4170 2121 2988 9848 7120 5330 8499 7123 6197 1718 6552 2362 6013 1343
485 8064 8352 7810 2240 201 1802 3083 8076 5098 8981 6618
486 3872 7296 2240 5891 6280 1705 5962 6446 5199 3758 9007 7218 5748 5365 7799 2232 5115 2301 5407
487 225 8610 9634 8552 3914 4524 6681 4527 2607 5880 5395 6580 8469 1110 9174 883 601 6847
488 6304 9178 2819 3876 2537 7983 6672 4497 8018 7153 3541 3926 4088 5305 4222 7710 1183
489 9763 260 6245 774 6584 4840 3144 9835 8651 7055 79 2643 8470 632 7068 797 9054 7135
490 9664 1571 3844 1884 9480 3783 9898 8926 5968 7379 5715 1429 7990 3612 9214
491 5696 6496 3012 3973 6218 75 7471 9488 5105 3954 3378 5880 4020 7153 9847 8728 7259
492 864 8994 6692 3391 6630 8070 6469 4747 300 8305 4756 2551 25 8795 4159
493 2240 321 6370 4070 5351 4250 1159 3371 823 4689 4626 4020 2197 3094 4503 569 1150 2910
494 775 1799 7273 935 7147 7212 5773 4045 1615 9533 9299 8276 9075 7318 7286 2680 8090 4343 1852 5661
495 1699 6212 4740 4262 5002 427 3882 9834 79 8276 277 8181 3894 3835 3711
496 9120 7880 8459 2891 2861 719 337 2962 4148 5976 3449 8282 7036 6717
497 1763 3941 7433 1162 2121 7949 1871 1395 9748 1107 886 3479 9850 5691 9212 9533 4639
498 2176 2625 5474 7523 8708 4352 5643 5964 79 9777 8242 1138 2385 5715 1270 5979 2399
499 6467 260 7423 7782 6919 5832 2972 7435 6894 9103 6416 4433 8690 2962 2005 3288 3292 9533 3327
