100
0 2 2818 7687 1672 1931 4113 5778 1937 6676 3226 543 2848 3365 3754 2091 8121 1858 4808 5962 5067 7628 6748 4828 863 6239 4067 2919 7912 6260 116 3319 6904 1275 7422
1 4228 5129 1290 7563 8331 6796 7059 5652 9110 4247 1819 1841 9268 6966 3390 7999 7876 4041 1486 335 7376 8533 9046 9304 5723 731 4316 5342 4831 5875 2293 1402 7803
2 131 5385 3980 7055 6420 3733 1430 8468 7192 9109 6165 6685 7715 425 3244 4398 4655 9147 4540 7869 9661 5950 5568 8255 9158 8654 7636 4950 1761 5858 6627 7144 8681 7666 9075 505 7674 4733
3 7684 7053 1941 1944 2713 2201 7450 5276 3358 2847 2722 9894 9003 6196 7222 9146 9403 3902 6720 8771 6981 8773 6729 9802 2378 8012 76 359 8040 7406 1010 7926 7670 4476 2300 6525 7806
4 1922 3724 5007 5137 8594 8597 2591 7971 1957 4651 300 1837 7982 431 7472 9777 7354 5693 2113 2754 2755 455 5064 76 2264 8409 1502 8289 3427 5348 1129 1899 1263 7679
5 4610 8579 4872 2441 5131 8470 6168 9758 2207 2591 9379 8100 5797 1958 5673 813 1966 7094 7865 1854 7358 9671 5066 9678 595 1876 7132 8671 1381 9702 8556 6511 9584 3570 6515 4214 7930 2428 2303
6 1921 3457 515 4101 9606 519 2438 1671 3849 6673 9620 3220 1304 5276 9118 287 8101 1574 6572 3246 1326 439 9019 8253 5185 2757 1990 3398 6729 7246 2781 8797 3679 5991 3944 621 8048 3316 3445 9852
7 4613 913 1554 1555 23 6170 1051 9248 4768 1064 6056 5035 3628 1459 5177 2107 6080 9156 5317 5575 8272 5211 8541 1502 7396 8804 3815 6503 8552 6123 9709 6382 1267 7668 1530 2683 7164
8 5505 2314 2956 12 1038 5523 6037 4255 9761 7585 4003 3110 3879 555 1836 9131 3756 1083 9404 964 6216 1483 9039 463 7634 1363 3294 9823 3170 8420 7142 1511 232 4975 7024 3826 6900 3061 2041 5499
9 641 3204 3077 1671 140 4365 7055 6673 7058 3860 5908 6165 5401 5404 3741 1832 5044 5173 5688 698 6331 1852 4797 7230 9025 8897 4804 5444 197 9670 325 2004 4948 9300 5717 1753 8666 8802 3684 6117 1132 8556 5998 3825 6515 9722
10 2048 2945 5506 8194 4755 405 6040 2469 9894 8231 6568 3503 9777 6963 1846 3128 4156 6588 7996 7616 9157 9687 728 4952 5849 5601 3938 9698 745 6892 8046 8302 6256 1135 7413 6525
11 3975 7433 9098 7951 7569 6165 9878 7574 3483 5923 2090 3756 7726 5555 9528 4415 64 1090 9027 2246 3786 4433 2900 2653 100 1255 104 2537 2535 8688 9074 8182 2935 3830
12 9090 6915 900 2065 4754 8597 792 7450 6815 5026 5926 7721 7083 5430 1976 1466 1469 6079 66 4548 8391 1608 9929 4814 337 1748 1758 5086 4706 4451 5732 4709 7653 6502 6634 7551
13 3 4 5252 7176 7056 2833 3732 8219 7327 2336 4900 1062 6523 3508 2744 9020 3389 4671 9155 4559 5711 5970 9688 2011 1117 7007 6112 7271 233 8045 6769 2931 8310 3195 6781 763
14 3328 4736 2818 2949 7173 637 3080 6413 7055 4240 5138 6933 6165 6297 3097 6813 9758 1822 4774 8614 429 2486 4797 9405 318 5065 4172 9167 9681 8789 9174 8023 9048 4317 8801 4961 8034 7398 8678 6887 8553 9193 2283 9196 9198 751 4336 7161 5501
15 1924 3975 910 7822 274 532 4122 9116 2340 1574 39 7720 2345 6059 9138 4531 1333 571 4927 2496 2883 6724 4934 9672 8268 4685 2262 2264 7641 7773 1376 6882 9189 1397
16 7682 5510 8198 1930 4622 6927 1813 3094 6807 8474 27 6685 4768 1059 1444 7211 6321 5170 8114 3894 3767 184 828 7874 5699 9283 6856 4557 3408 4564 1367 738 8290 7526 2791 5224 4331 4077 1262 1263 9979 5375
17 7557 7306 1294 4239 3215 8465 9236 8599 7206 2087 3880 1193 169 7594 9727 4266 1582 8889 9147 5822 703 9280 2112 4170 8014 5967 1494 3045 4197 7020 7798 6265 3578 1023
18 2568 9738 6154 3725 3090 6034 8468 5276 1063 9136 9013 9270 1851 8635 574 3524 2117 9677 2893 9561 4700 1502 6502 6759 2669 6894 7793 6003 7030 5878 888 8955 5245 9471
19 5376 4097 5763 1671 4360 398 7954 3092 5654 5143 8090 5276 3621 8357 2342 9896 4518 8365 9262 9266 9522 5939 4930 2244 7242 9803 6095 4815 4562 1107 3669 6877 1502 3551 485 1767 4712 1513 4978 2291 7671 6137
20 3719 5770 1294 3864 7448 1434 1692 3107 1832 7726 9138 7475 6966 6711 6713 314 2106 3262 9283 4944 1493 854 3800 6105 3071 5726 7776 6242 2917 6764 880 5489 1269 4726 373 6648 6777 3196 4349 2046 4607
21 0 7683 3206 6666 5772 8333 2959 9104 8339 4500 8086 7319 6051 1571 7337 939 8366 4783 9265 6834 9014 1084 5059 1095 8648 2121 4171 2687 2387 3160 6364 223 3295 2413 4462 7794 3831 3192 6271
22 8450 15 6672 5522 4626 1186 5035 8880 7606 822 2359 958 67 6468 1989 9031 4301 2894 4814 3793 1747 7894 2009 4190 1506 867 8292 5987 4583 5096 2408 7018 5612 9837 8429 6258 883 8823 8829
23 2689 4997 3591 1290 8458 7180 2700 1426 2456 801 418 2595 8995 7585 6441 6060 46 4400 5680 7734 4925 6720 2113 451 6724 7495 6983 75 8908 983 7019 9970 5111 5244 9598
24 4356 1671 2056 529 5650 8849 532 9748 6553 4510 5534 3102 6309 6950 2213 9136 5942 6203 3390 7489 6343 3668 5847 8795 3305 2153 8172 5100 6894 496 3057 6772 2424 7036 7677 127
25 3712 1544 4746 9869 7438 7184 5658 3099 8219 7450 8100 2217 3244 686 8752 8753 6066 948 697 3133 6591 4545 961 577 4677 5591 5849 6235 5084 6877 4063 9697 7524 1255 7271 3051 5105 9849 5756
26 6016 3331 2693 4997 8843 9100 4109 1167 1302 2845 7581 1949 1310 7325 1441 7585 7716 4645 3369 9514 3885 3632 3761 4914 826 8772 3141 1734 4561 8657 1109 1367 9824 7011 4714 621 9072 8179
27 259 3460 3976 1679 3219 3223 1305 1690 4123 7325 2337 1195 3627 301 2092 9265 9269 8885 58 8508 5571 68 4297 1999 207 8275 2005 1893 9190 4967 5097 8045 239 3583
28 1408 259 6148 8069 1416 1544 8330 8466 8085 2199 7709 3614 9630 4256 6010 7712 6181 5161 1195 5293 5680 1350 5836 9549 6991 1753 1500 7645 4704 9580 4333 3063 9978
29 2562 5258 2954 1529 8977 8981 923 4636 6431 4003 9765 5926 2088 169 1706 5675 9516 7336 2610 4670 7874 4418 3013 6726 5959 2634 7506 9683 7766 2264 92 2398 6883 7269 7798 5881 7420
30 4994 260 6276 6923 5259 2959 408 6425 924 3613 1310 9123 5541 2726 4390 1320 5416 8234 9128 4522 7602 4794 2683 7486 2558 583 3019 2011 3807 4963 6118 6637 8173 6134 7033 379 1918 3839
31 0 1412 7813 6663 3337 1422 7954 921 9500 3741 5150 1310 8736 934 5928 9901 7853 1198 2999 4664 3128 7869 4671 3138 7624 2516 9685 469 1112 9561 2265 2779 3170 7267 5608 2667 4973 5231 6387 7931 1789
32 6662 6024 7179 269 915 5783 6552 5921 34 4259 6056 296 9385 3757 946 2486 570 3516 4551 7115 6219 4046 2767 1232 9558 7639 7641 9691 1502 5994 1644 1645 1520 8817 8048 2675 4216 8314 2171
33 1159 4361 7819 1676 7439 7319 3231 1060 5926 7335 2987 9391 8502 3766 55 1467 3260 5567 3392 9151 4548 5701 3669 7381 8794 7260 3442 2164 4221 8183 7035 6525 6398
34 8064 6404 5638 9223 1547 1425 8465 6418 1173 3222 8343 4506 5926 7976 1065 5675 8623 5042 3382 8889 574 8389 8402 468 3029 1751 6103 347 1628 8931 2917 9061 1129 1645 1136 2544 7671 4347 893 5374
35 388 1284 8708 3975 7818 3981 8718 142 1424 152 3869 4126 3876 5801 1833 4399 9906 692 825 3774 2368 6594 2759 8910 2511 4066 7268 6887 1384 7658 9836 8047 3839 373 3703 505 8575
36 5633 5253 2827 6156 1296 5269 7072 3493 7721 9514 6958 2350 2738 3123 4534 9915 8895 2623 6216 2506 3788 1356 2382 848 8273 8531 852 341 2391 7898 4831 865 6882 3183 9200 1780 1535
37 9216 9352 7566 8336 8852 6166 792 8345 1945 3234 6180 5797 5926 3880 4136 9769 8874 8238 3139 5573 713 2382 9807 4175 4578 4708 232 9326 8430 116 9716 1016 7418
38 4609 2184 2060 8854 4634 7450 8604 5280 5665 8738 7462 6822 9640 9895 3250 3634 4538 3649 5582 7890 5459 2131 2899 5732 249 2796 9837 3949 7793 1139 2677 3321 8443 3196
39 9856 7041 1537 7684 1668 8838 7688 1290 1421 7064 7450 2462 2848 1954 5926 6953 8114 4275 309 9015 7866 59 710 585 3532 8140 5199 8274 2899 8413 1757 3936 6881 4709 4855 2296 8826 6140
40 3458 2818 4359 1801 4492 269 7318 6554 1310 2848 9122 9763 2854 6696 5936 2102 5432 835 4675 7880 6348 5582 5204 4052 6876 9958 3687 874 5482 2286 4462 4464 6002 884 1402 5499 2045
41 7552 9603 3466 9747 9595 4247 2713 7579 2588 4129 7203 426 9131 9389 5689 8128 7616 6853 2886 8007 8648 5193 9033 200 9933 4430 5460 3289 5849 5596 3684 105 8556 2286 9454 4347 2674 375 7160 4859
42 5633 3970 9606 9225 3978 2827 1290 909 1422 7823 9369 3097 5664 416 2594 1568 7078 2471 8749 9391 3764 2881 454 4681 5706 9932 9056 3811 1383 3689 9709 8560 6129 2933 4982 4986 253
43 7936 8448 2563 8710 5511 8458 4630 2715 9116 6940 6955 9389 303 6448 7089 179 2361 2366 9791 5824 5441 3142 4551 8905 6603 4171 1366 8152 8290 4067 8932 2917 9710 7028 5241 2812 9981 5502
44 8192 5761 8195 1541 6279 8456 4748 7055 1683 1182 8223 3998 5925 3624 4781 5297 9778 7864 2626 5064 3915 7374 7759 6995 9688 347 7519 5985 8802 8552 6765 9709 3705 6138
45 1290 8589 2701 7567 4113 3860 9751 8089 3360 928 676 9892 4260 6437 7083 8621 8109 3631 6576 9017 7610 957 9791 8900 2761 4173 9427 3412 4822 3416 7392 3424 4962 97 1124 1893 5985 8039 2152 1888 5612 2548 2549
46 6656 1281 2307 2951 264 5513 4105 2060 8973 9873 8722 4626 2588 669 2594 3491 6307 4136 554 8238 2353 8757 7607 4153 71 6089 970 6621 234 8556 1263 1136 9714 2036 3060 8059 1277
47 9858 9355 3212 7181 4877 782 7055 5909 4247 2467 6053 4006 295 557 4149 5431 9657 6202 1216 4034 5186 578 4677 6854 711 1731 9933 3022 211 2006 2648 8675 2153 8044 5486 2803 508 1278
48 6017 9604 3338 1675 8458 8205 2445 272 8083 5798 3244 7605 1591 7354 9403 4157 2113 9154 3138 8778 9294 7758 4177 8915 9942 2266 1502 7391 7009 6498 612 616 7916 1516 3310 883 7415 3832 7677 3070 1023
49 3074 4238 7055 784 8978 1173 6039 1312 6436 292 556 5804 7985 4401 8881 5043 5940 7091 4408 3389 5312 5061 5959 4171 4813 4045 2768 6610 4309 6613 5974 6488 9813 1495 2139 7643 3807 9952 8162 3171 5475 3047 2919 6247 2158 9584 4337 9077 1656 3326
50 8448 1794 2566 7055 4626 7454 2592 5921 1570 4769 7585 1958 935 5926 8490 3244 3375 179 8115 2103 6844 7487 7615 9923 2503 464 2129 597 856 6618 4442 1756 1631 4448 5604 7786 4079 891 9340 6013
51 4609 6402 4611 900 9221 6408 9 4619 2060 2069 7190 7703 7321 7072 2468 1316 3751 3241 3244 5809 9399 827 1469 3774 1741 6606 3921 9812 468 2646 2402 9059 8036 4836 9192 6515 2940
52 9728 8578 3715 134 6542 4894 5926 2472 1069 8110 7096 2875 6720 6851 3527 199 7625 3786 4557 1111 2135 3547 7900 5343 9580 2031 9584 1532 6525 8062
53 2561 6535 8459 1933 9103 4115 7446 5526 3097 7450 2459 9374 5281 677 1833 2986 817 1205 6718 8894 5061 1478 7371 1741 3156 1236 8796 7518 4959 8033 1251 3941 7271 2025 8043 6896 7283 4726 9334 9725
54 8705 8964 4359 9992 8840 3081 267 4364 3343 7703 3097 4252 4893 2979 3878 1705 7083 3756 2733 180 437 4668 5949 2627 1094 967 4553 6729 7883 972 6604 8270 5712 4688 2258 7123 989 8029 9825 8804 1509 6253 5489 2685
55 4229 6023 1032 4242 9876 2839 920 3097 7841 1953 165 2345 3245 5299 3769 4814 1999 2128 8787 86 8281 987 9693 477 5725 5098 9709 4591 882 3570 7798 3319
56 4352 2819 7428 4363 9496 7449 3612 7710 6561 37 7719 2216 42 7088 6838 7481 1726 4799 3136 5315 3654 6983 5448 2504 343 9047 6626 2535 2410 7275 2670 2542 3825 9587 4852 1788
57 1 260 3462 7943 3464 1552 7702 3097 8220 4641 3621 2981 5033 3882 5424 6014 3764 2743 3896 4674 4681 3405 8788 6869 1365 1366 5209 4188 4708 6760 8938 5482 7661 4724 504 1657 2938 5499 510
58 9858 5638 263 138 3339 1298 4886 5921 9379 6053 554 4014 7096 825 3516 9533 5949 576 9409 3660 5325 591 848 3153 6484 9557 342 4183 2139 5342 4447 9439 354 1506 4581 2153 2170
59 9732 902 6023 1290 2443 397 2576 7824 3738 3360 9506 6697 3757 8366 6191 9136 3380 5940 5301 5685 4662 442 3389 3902 4806 6728 2506 5581 3534 3154 4953 9563 6494 2143 3680 9058 9954 1766 2282 6896 2552 4604 3069 4350
60 4483 6531 3589 902 7561 8458 3866 7070 1310 5921 3110 7598 9777 9907 6966 5176 4026 6716 4287 2879 959 5701 3528 1868 6990 2385 6612 8405 8789 2264 2399 6500 357 8166 251
61 3456 7430 4870 7817 1679 6163 9365 4511 1315 5545 4396 6830 9008 5305 2618 5693 6461 6846 6976 7162 72 968 5450 5839 5455 3538 3156 7129 8154 859 9707 9965 2798 7152 6513 9462 3066 7422
62 3975 2700 9612 147 4245 7319 3480 3737 2074 2843 3101 7457 9507 7334 8104 6057 8107 3115 2736 9527 1472 4673 6211 3141 5321 7762 5333 6104 9179 9058 1517 4719 8559 2929 1649 5363 3444 5240 9727
63 1285 2568 6155 9613 8609 4514 9896 7849 5422 9263 4658 2490 6336 7232 6210 7748 6859 9419 80 339 5971 3414 4440 88 6108 9951 7652 8677 8430 8048 8827 2548 6136 7163 8190
64 3204 1289 6026 2956 528 8344 6939 2977 3362 293 423 1193 1578 683 3244 5936 50 9398 7482 9788 7103 8390 1482 8139 5962 7759 8911 9684 9048 6494 6506 6636 5490 2167 122 7549
65 2816 4608 5123 5383 9357 3471 7055 5779 9365 4890 8987 4381 158 1951 4774 5926 2600 1965 2231 2744 9539 5316 1093 8134 8393 8266 461 9294 6993 5202 1364 5112 5854 351 1632 6502 8552 1900 8813 9709 8432 4849 3061 6776 6138 4733
66 512 1664 8195 3717 1671 6024 7818 9232 6008 1813 278 1199 4280 440 2492 9405 9794 965 2887 723 6995 2264 7264 1633 5602 9573 3431 9447 1384 2922 7410 3192 4729 2813
67 7684 7556 5252 6407 8 9354 5516 2452 2968 2840 2589 1310 161 4390 6055 3623 5927 2993 9907 4280 8762 316 6845 9661 3904 7232 8516 965 4295 9039 4559 8529 2003 4564 2007 9821 6758 4714 7154 503 6777
68 4482 9733 3465 3466 909 4496 8849 4881 3097 3102 2591 546 2853 4520 4905 3114 426 1195 3756 9399 6072 6717 3262 5313 577 5702 4426 7115 9419 1102 8528 8146 9171 724 469 1111 4443 9697 8673 7137 3684 1765 4965 4071 8943 3313
69 5376 4105 1295 1553 2322 5272 7450 7068 28 1950 1310 7970 9893 1066 46 1074 1979 955 4030 8383 2252 5453 3406 7760 6227 1368 2008 5981 7773 7263 7392 1120 3807 6628 7911 233 2153 626 8436
70 513 2950 3591 1291 4494 7567 2705 8472 3355 670 6558 8741 1832 8360 7851 9387 9653 1207 569 1082 7482 7099 1724 8896 2753 1986 2251 1498 4958 8934 6119 3820 1394 248
71 6917 1671 3975 6287 1809 3987 6424 3230 5150 1310 549 8616 3507 5428 8757 4671 1475 2884 2117 453 5962 76 3920 1745 7249 8789 8406 9053 1373 7905 7145 1515 7537 6514 7030 3194
72 3585 2817 5761 3717 7175 9866 5134 8078 403 9364 6165 7450 2467 8230 2602 4650 7343 305 9149 9406 5312 1863 2505 970 5454 6735 8530 5720 2264 4955 8156 4702 5482 2027 6637 9709 7672 1915
73 2562 2951 3722 7435 4108 5523 4374 1690 6426 2974 8734 9634 2339 9126 5926 3244 5423 176 9905 178 7996 8509 5950 1857 3906 2371 6083 2501 7238 459 4685 1491 3927 1112 6620 7778 7656 9709 6641 3569 4476 3710
74 2816 3843 4996 6802 915 6035 1045 3606 2330 9884 1951 5921 4261 5933 3503 6192 2486 8761 5051 8894 2370 4938 459 5962 4557 1871 5584 6610 339 6489 3676 481 7138 7397 5607 4718 6254 5358 4593 3065 127
75 5121 9474 1671 394 8458 8846 5904 3984 4375 3106 7203 2222 1199 3897 1219 9283 1737 5195 6350 7887 4057 2524 7133 349 5990 5351 1511 7785 3690 6257 9458 8307 8182 4086 5112 3453
76 2048 1665 6658 6276 9862 2953 7948 2069 7189 9111 8348 1184 7590 1702 7596 5422 5551 1587 5685 6071 4155 6589 9534 7105 3017 4043 6604 3408 2129 4437 8928 9824 867 358 9966 4979 5881 2043
77 4096 7435 4877 4502 3872 32 5797 1454 9523 5183 5824 6469 9799 7624 2633 4170 1611 1997 2814 3927 5595 6491 348 5468 7141 3305 2282 2157 1393 9330 5239 6140 894 639
78 2817 3975 9355 2827 6289 7185 3986 3732 661 7064 924 1310 7839 2976 1439 4386 2599 6825 6197 567 8508 709 328 9938 8536 6617 8156 9192 5739 109 9197 5103 5106 1653
79 8706 6020 8197 1675 6668 8717 4756 26 5023 8864 7461 8741 6439 9129 687 9136 9138 6066 8500 4533 6071 6524 3774 8895 4806 4424 9419 8658 83 7548 1113 8154 6368 3299 1512 2537 6888 1772 7916 621 4591 1263 1779 2678 9596
80 2433 7554 9988 1671 1034 6282 5390 5648 5521 7824 9623 8727 9113 287 5536 9503 6138 5921 3622 3880 7339 8875 1837 1583 948 4669 9408 8641 4418 6089 6221 5341 9182 7262 4702 9708 8307 4343 4218 6779 5757 9082
81 4987 516 9352 3851 7182 3855 7323 1828 1192 4010 554 5296 1723 5950 2242 8901 583 202 9932 2645 9303 4449 5346 1642 7915 3434 5482 2030 6899 1397 6522 3707 6396 5501
82 7810 2191 4753 1940 6165 5912 1564 6813 1184 6304 3491 1572 1188 8743 1321 9515 941 3889 952 2873 7230 1598 7872 3648 4930 7232 9025 3655 583 7624 5322 5713 2133 3418 7010 4599 869 5352 8687 8819 3703 8313
83 3078 3848 522 5387 7179 397 3347 3477 9241 6049 3364 8229 7076 2220 1838 4527 5040 3765 1205 5944 9401 9532 8900 6473 9419 8534 7644 348 8801 9443 7529 1394 6138 3325
84 896 9475 9607 8457 7569 18 277 7450 6559 2464 4383 2848 7847 2857 7854 5295 1457 9138 7221 2744 9151 2119 7367 7242 843 9551 2383 2900 2013 5343 1887 1889 9316 4710 9576 7659 7405 8174 2672 2929 3443 7668 116 6647 7293 4094
85 6404 6791 6027 5783 6041 5145 8345 285 6943 8357 934 5549 2989 9651 4023 5432 3767 7611 8252 5051 6590 5951 9665 2626 4422 2246 3398 8138 1611 8781 5326 5839 7891 5587 1621 6872 4825 1241 9178 4446 3039 734 484 5988 5094 1126 7784 5353
86 6402 5381 1287 1671 9097 9482 9873 9748 9109 3865 3866 3097 9381 5415 4011 8237 7222 6199 4024 2103 1334 4027 6719 577 8770 5187 9153 9928 6732 3792 726 3416 8540 9825 995 1899 5355 8556 7027 6138 8955 1918
87 6803 3731 6421 795 4636 1824 8482 2469 5926 549 9386 3498 4268 685 944 9520 1973 7989 5693 4926 5828 2118 1222 9801 7883 3022 1870 7246 4308 6238 5993 8044 3053 1393 5234 370 7794 3702 6902 4602
88 3456 4868 137 649 6921 147 5525 1564 2848 6138 8355 6692 2339 4904 41 7977 6574 7984 9521 3506 1843 8501 6838 3000 192 1348 6212 9416 4168 1611 5579 6733 8018 9300 5857 8418 8803 8556 3438 4464 9584 6774 8570 1149
89 2945 5891 3722 3217 150 2583 7578 8986 2459 4896 1825 2080 6564 679 681 2476 47 8370 2358 7624 8528 5075 6356 86 7000 2265 1241 9052 9312 3426 2275 2287 3311 5748 5500
90 1537 2824 3338 14 4756 5013 6038 7326 7840 2465 3105 1313 9121 5921 1702 8746 689 2868 1977 6590 1599 5573 74 9296 1364 8279 4440 3424 485 6889 3946 4843 2156 2153 2414 9193 6130 1779 1396 1148
91 9473 6024 1290 2575 7311 4880 9234 3097 9884 2974 2850 5798 1959 3881 1840 5808 5685 8886 6462 4032 2752 8646 3790 2257 7636 854 9815 7128 2907 1502 9697 5219 3944 7401 744 6508 5100 6254 9709 9848
92 6784 2177 9217 9603 7815 6919 3594 2570 906 5395 3097 4251 5277 8990 4389 5926 8242 6197 5821 61 1597 1347 9667 2246 5962 204 6607 9046 9691 8925 5726 863 6367 9057 9569 5347 873 2543 8698 9204 6906 4991
93 2304 7943 2059 6803 7573 2069 9885 5022 7715 8743 6951 2602 5547 8373 441 4281 5435 1980 6845 1343 2753 4679 8393 5322 6606 208 1495 858 5850 989 9822 4320 994 6629 9194 8047 4335 2289 2811 8063
94 9985 2818 771 3460 3716 2573 7055 7824 6546 8213 9365 2074 9121 7585 2339 6564 8231 3754 3246 7344 8638 9026 8524 3533 4057 3290 2395 4700 4579 3557 869 4071 7912 5098 6640 3443 1523 4857 8823 9593
95 1293 7572 7061 3223 7193 1435 1182 1310 2848 4898 4773 9776 5685 2105 3132 6077 6078 9794 2755 2375 7626 6604 9806 9680 5072 8664 2012 2268 9957 8552 1002 5746 3572 8693 756 8698 8829
96 509 643 7941 1671 4106 3982 4242 3862 542 5281 8104 1707 5164 6192 8628 7861 6966 8122 3003 572 6970 4799 4930 2115 9285 5573 2633 1225 1737 594 6100 1494 4571 9436 4349 7657 5484 1263 7921 9587 5624 1401 2684 4221
97 1408 8576 5752 6797 1422 7438 7055 7193 8476 7838 1183 5282 2219 8235 6190 1584 8625 4400 8371 8757 7481 9282 6341 3782 2631 9670 3401 6604 9808 9684 8156 1245 3295 7268 6887 7283 7032 3193 4219 3199
98 6784 6915 2442 1290 8591 7826 8094 6048 7458 3756 5933 60 3776 3520 4290 6977 322 8389 3655 4039 7240 6732 1485 206 4050 338 7252 3028 6615 1758 5343 9442 4194 6116 9709 1135 1137 9715 9849 5118
99 4738 1155 7426 3849 6411 8080 4626 5909 412 2333 164 6184 4652 1709 9134 2862 9520 4915 9781 5561 8505 5952 7233 3910 3016 5835 7134 7520 3046 3306 4459 5230 372 9465 8317 1663
